2024-06-24 22:19:31,323:INFO:Loaded ./dataset/data/RPi1Dump/rpi1_22_corrMid.bin with shape (1048576,)
2024-06-24 22:19:31,324:INFO:Loaded ./dataset/data/RPi1Dump/rpi1_12_corrBot.bin with shape (1048576,)
2024-06-24 22:19:31,325:INFO:Loaded ./dataset/data/RPi1Dump/rpi1_4_corrMid.bin with shape (1048576,)
2024-06-24 22:19:31,326:INFO:Loaded ./dataset/data/RPi1Dump/rpi1_31_corrTop.bin with shape (1048576,)
2024-06-24 22:19:31,327:INFO:Loaded ./dataset/data/RPi1Dump/rpi1_6_corrBot.bin with shape (1048576,)
2024-06-24 22:19:31,328:INFO:Loaded ./dataset/data/RPi1Dump/rpi1_10_corrMid.bin with shape (1048576,)
2024-06-24 22:19:31,328:INFO:Loaded ./dataset/data/RPi1Dump/rpi1_41_corrTop.bin with shape (1048576,)
2024-06-24 22:19:31,329:INFO:Loaded ./dataset/data/RPi1Dump/rpi1_20_corrBot.bin with shape (1048576,)
2024-06-24 22:19:31,330:INFO:Loaded ./dataset/data/RPi1Dump/rpi1_35_corrBot.bin with shape (1048576,)
2024-06-24 22:19:31,331:INFO:Loaded ./dataset/data/RPi1Dump/rpi1_2_corrTop.bin with shape (1048576,)
2024-06-24 22:19:31,332:INFO:Loaded ./dataset/data/RPi1Dump/rpi1_24_corrTop.bin with shape (1048576,)
2024-06-24 22:19:31,333:INFO:Loaded ./dataset/data/RPi1Dump/rpi1_19_corrMid.bin with shape (1048576,)
2024-06-24 22:19:31,334:INFO:Loaded ./dataset/data/RPi1Dump/rpi1_38_corrTop.bin with shape (1048576,)
2024-06-24 22:19:31,335:INFO:Loaded ./dataset/data/RPi1Dump/rpi1_37_corrMid.bin with shape (1048576,)
2024-06-24 22:19:31,336:INFO:Loaded ./dataset/data/RPi1Dump/rpi1_29_corrBot.bin with shape (1048576,)
2024-06-24 22:19:31,337:INFO:Loaded ./dataset/data/RPi1Dump/rpi1_16_corrTop.bin with shape (1048576,)
2024-06-24 22:19:31,338:INFO:Loaded ./dataset/data/RPi1Dump/rpi1_21_corrTop.bin with shape (1048576,)
2024-06-24 22:19:31,339:INFO:Loaded ./dataset/data/RPi1Dump/rpi1_8_corrMid.bin with shape (1048576,)
2024-06-24 22:19:31,341:INFO:Loaded ./dataset/data/RPi1Dump/rpi1_7_corrTop.bin with shape (1048576,)
2024-06-24 22:19:31,341:INFO:Loaded ./dataset/data/RPi1Dump/rpi1_30_corrBot.bin with shape (1048576,)
2024-06-24 22:19:31,342:INFO:Loaded ./dataset/data/RPi1Dump/rpi1_40_corrBot.bin with shape (1048576,)
2024-06-24 22:19:31,343:INFO:Loaded ./dataset/data/RPi1Dump/rpi1_13_corrTop.bin with shape (1048576,)
2024-06-24 22:19:31,344:INFO:Loaded ./dataset/data/RPi1Dump/rpi1_42_corrMid.bin with shape (1048576,)
2024-06-24 22:19:31,344:INFO:Loaded ./dataset/data/RPi1Dump/rpi1_32_corrMid.bin with shape (1048576,)
2024-06-24 22:19:31,345:INFO:Loaded ./dataset/data/RPi1Dump/rpi1_1_corrMid.bin with shape (1048576,)
2024-06-24 22:19:31,346:INFO:Loaded ./dataset/data/RPi1Dump/rpi1_28_corrTop.bin with shape (1048576,)
2024-06-24 22:19:31,347:INFO:Loaded ./dataset/data/RPi1Dump/rpi1_17_corrBot.bin with shape (1048576,)
2024-06-24 22:19:31,347:INFO:Loaded ./dataset/data/RPi1Dump/rpi1_39_corrBot.bin with shape (1048576,)
2024-06-24 22:19:31,348:INFO:Loaded ./dataset/data/RPi1Dump/rpi1_27_corrMid.bin with shape (1048576,)
2024-06-24 22:19:31,349:INFO:Loaded ./dataset/data/RPi1Dump/rpi1_25_corrBot.bin with shape (1048576,)
2024-06-24 22:19:31,350:INFO:Loaded ./dataset/data/RPi1Dump/rpi1_15_corrMid.bin with shape (1048576,)
2024-06-24 22:19:31,350:INFO:Loaded ./dataset/data/RPi1Dump/rpi1_3_corrBot.bin with shape (1048576,)
2024-06-24 22:19:31,351:INFO:Loaded ./dataset/data/RPi1Dump/rpi1_34_corrTop.bin with shape (1048576,)
2024-06-24 22:19:31,352:INFO:Loaded ./dataset/data/RPi1Dump/rpi1_16_corrMid.bin with shape (1048576,)
2024-06-24 22:19:31,353:INFO:Loaded ./dataset/data/RPi1Dump/rpi1_37_corrTop.bin with shape (1048576,)
2024-06-24 22:19:31,370:INFO:Loaded ./dataset/data/RPi1Dump/rpi1_0_corrBot.bin with shape (1048576,)
2024-06-24 22:19:31,371:INFO:Loaded ./dataset/data/RPi1Dump/rpi1_26_corrBot.bin with shape (1048576,)
2024-06-24 22:19:31,372:INFO:Loaded ./dataset/data/RPi1Dump/rpi1_38_corrMid.bin with shape (1048576,)
2024-06-24 22:19:31,372:INFO:Loaded ./dataset/data/RPi1Dump/rpi1_19_corrTop.bin with shape (1048576,)
2024-06-24 22:19:31,373:INFO:Loaded ./dataset/data/RPi1Dump/rpi1_24_corrMid.bin with shape (1048576,)
2024-06-24 22:19:31,374:INFO:Loaded ./dataset/data/RPi1Dump/rpi1_2_corrMid.bin with shape (1048576,)
2024-06-24 22:19:31,375:INFO:Loaded ./dataset/data/RPi1Dump/rpi1_14_corrBot.bin with shape (1048576,)
2024-06-24 22:19:31,376:INFO:Loaded ./dataset/data/RPi1Dump/rpi1_9_corrBot.bin with shape (1048576,)
2024-06-24 22:19:31,377:INFO:Loaded ./dataset/data/RPi1Dump/rpi1_41_corrMid.bin with shape (1048576,)
2024-06-24 22:19:31,377:INFO:Loaded ./dataset/data/RPi1Dump/rpi1_10_corrTop.bin with shape (1048576,)
2024-06-24 22:19:31,378:INFO:Loaded ./dataset/data/RPi1Dump/rpi1_31_corrMid.bin with shape (1048576,)
2024-06-24 22:19:31,379:INFO:Loaded ./dataset/data/RPi1Dump/rpi1_33_corrBot.bin with shape (1048576,)
2024-06-24 22:19:31,379:INFO:Loaded ./dataset/data/RPi1Dump/rpi1_4_corrTop.bin with shape (1048576,)
2024-06-24 22:19:31,380:INFO:Loaded ./dataset/data/RPi1Dump/rpi1_22_corrTop.bin with shape (1048576,)
2024-06-24 22:19:31,381:INFO:Loaded ./dataset/data/RPi1Dump/rpi1_34_corrMid.bin with shape (1048576,)
2024-06-24 22:19:31,382:INFO:Loaded ./dataset/data/RPi1Dump/rpi1_15_corrTop.bin with shape (1048576,)
2024-06-24 22:19:31,382:INFO:Loaded ./dataset/data/RPi1Dump/rpi1_27_corrTop.bin with shape (1048576,)
2024-06-24 22:19:31,383:INFO:Loaded ./dataset/data/RPi1Dump/rpi1_18_corrBot.bin with shape (1048576,)
2024-06-24 22:19:31,384:INFO:Loaded ./dataset/data/RPi1Dump/rpi1_28_corrMid.bin with shape (1048576,)
2024-06-24 22:19:31,385:INFO:Loaded ./dataset/data/RPi1Dump/rpi1_1_corrTop.bin with shape (1048576,)
2024-06-24 22:19:31,385:INFO:Loaded ./dataset/data/RPi1Dump/rpi1_36_corrBot.bin with shape (1048576,)
2024-06-24 22:19:31,386:INFO:Loaded ./dataset/data/RPi1Dump/rpi1_23_corrBot.bin with shape (1048576,)
2024-06-24 22:19:31,387:INFO:Loaded ./dataset/data/RPi1Dump/rpi1_5_corrBot.bin with shape (1048576,)
2024-06-24 22:19:31,388:INFO:Loaded ./dataset/data/RPi1Dump/rpi1_32_corrTop.bin with shape (1048576,)
2024-06-24 22:19:31,389:INFO:Loaded ./dataset/data/RPi1Dump/rpi1_42_corrTop.bin with shape (1048576,)
2024-06-24 22:19:31,390:INFO:Loaded ./dataset/data/RPi1Dump/rpi1_13_corrMid.bin with shape (1048576,)
2024-06-24 22:19:31,391:INFO:Loaded ./dataset/data/RPi1Dump/rpi1_11_corrBot.bin with shape (1048576,)
2024-06-24 22:19:31,391:INFO:Loaded ./dataset/data/RPi1Dump/rpi1_7_corrMid.bin with shape (1048576,)
2024-06-24 22:19:31,392:INFO:Loaded ./dataset/data/RPi1Dump/rpi1_8_corrTop.bin with shape (1048576,)
2024-06-24 22:19:31,393:INFO:Loaded ./dataset/data/RPi1Dump/rpi1_21_corrMid.bin with shape (1048576,)
2024-06-24 22:19:31,394:INFO:Loaded ./dataset/data/RPi1Dump/rpi1_24_corrBot.bin with shape (1048576,)
2024-06-24 22:19:31,395:INFO:Loaded ./dataset/data/RPi1Dump/rpi1_35_corrTop.bin with shape (1048576,)
2024-06-24 22:19:31,396:INFO:Loaded ./dataset/data/RPi1Dump/rpi1_2_corrBot.bin with shape (1048576,)
2024-06-24 22:19:31,397:INFO:Loaded ./dataset/data/RPi1Dump/rpi1_14_corrMid.bin with shape (1048576,)
2024-06-24 22:19:31,398:INFO:Loaded ./dataset/data/RPi1Dump/rpi1_16_corrBot.bin with shape (1048576,)
2024-06-24 22:19:31,399:INFO:Loaded ./dataset/data/RPi1Dump/rpi1_29_corrTop.bin with shape (1048576,)
2024-06-24 22:19:31,400:INFO:Loaded ./dataset/data/RPi1Dump/rpi1_0_corrMid.bin with shape (1048576,)
2024-06-24 22:19:31,401:INFO:Loaded ./dataset/data/RPi1Dump/rpi1_26_corrMid.bin with shape (1048576,)
2024-06-24 22:19:31,402:INFO:Loaded ./dataset/data/RPi1Dump/rpi1_38_corrBot.bin with shape (1048576,)
2024-06-24 22:19:31,403:INFO:Loaded ./dataset/data/RPi1Dump/rpi1_33_corrMid.bin with shape (1048576,)
2024-06-24 22:19:31,403:INFO:Loaded ./dataset/data/RPi1Dump/rpi1_12_corrTop.bin with shape (1048576,)
2024-06-24 22:19:31,420:INFO:Loaded ./dataset/data/RPi1Dump/rpi1_9_corrMid.bin with shape (1048576,)
2024-06-24 22:19:31,422:INFO:Loaded ./dataset/data/RPi1Dump/rpi1_20_corrTop.bin with shape (1048576,)
2024-06-24 22:19:31,423:INFO:Loaded ./dataset/data/RPi1Dump/rpi1_41_corrBot.bin with shape (1048576,)
2024-06-24 22:19:31,424:INFO:Loaded ./dataset/data/RPi1Dump/rpi1_31_corrBot.bin with shape (1048576,)
2024-06-24 22:19:31,425:INFO:Loaded ./dataset/data/RPi1Dump/rpi1_6_corrTop.bin with shape (1048576,)
2024-06-24 22:19:31,426:INFO:Loaded ./dataset/data/RPi1Dump/rpi1_39_corrTop.bin with shape (1048576,)
2024-06-24 22:19:31,427:INFO:Loaded ./dataset/data/RPi1Dump/rpi1_18_corrMid.bin with shape (1048576,)
2024-06-24 22:19:31,428:INFO:Loaded ./dataset/data/RPi1Dump/rpi1_17_corrTop.bin with shape (1048576,)
2024-06-24 22:19:31,429:INFO:Loaded ./dataset/data/RPi1Dump/rpi1_28_corrBot.bin with shape (1048576,)
2024-06-24 22:19:31,430:INFO:Loaded ./dataset/data/RPi1Dump/rpi1_36_corrMid.bin with shape (1048576,)
2024-06-24 22:19:31,431:INFO:Loaded ./dataset/data/RPi1Dump/rpi1_3_corrTop.bin with shape (1048576,)
2024-06-24 22:19:31,432:INFO:Loaded ./dataset/data/RPi1Dump/rpi1_34_corrBot.bin with shape (1048576,)
2024-06-24 22:19:31,433:INFO:Loaded ./dataset/data/RPi1Dump/rpi1_25_corrTop.bin with shape (1048576,)
2024-06-24 22:19:31,434:INFO:Loaded ./dataset/data/RPi1Dump/rpi1_11_corrMid.bin with shape (1048576,)
2024-06-24 22:19:31,435:INFO:Loaded ./dataset/data/RPi1Dump/rpi1_40_corrTop.bin with shape (1048576,)
2024-06-24 22:19:31,436:INFO:Loaded ./dataset/data/RPi1Dump/rpi1_7_corrBot.bin with shape (1048576,)
2024-06-24 22:19:31,437:INFO:Loaded ./dataset/data/RPi1Dump/rpi1_30_corrTop.bin with shape (1048576,)
2024-06-24 22:19:31,437:INFO:Loaded ./dataset/data/RPi1Dump/rpi1_21_corrBot.bin with shape (1048576,)
2024-06-24 22:19:31,438:INFO:Loaded ./dataset/data/RPi1Dump/rpi1_23_corrMid.bin with shape (1048576,)
2024-06-24 22:19:31,439:INFO:Loaded ./dataset/data/RPi1Dump/rpi1_5_corrMid.bin with shape (1048576,)
2024-06-24 22:19:31,440:INFO:Loaded ./dataset/data/RPi1Dump/rpi1_13_corrBot.bin with shape (1048576,)
2024-06-24 22:19:31,441:INFO:Loaded ./dataset/data/RPi1Dump/rpi1_6_corrMid.bin with shape (1048576,)
2024-06-24 22:19:31,442:INFO:Loaded ./dataset/data/RPi1Dump/rpi1_10_corrBot.bin with shape (1048576,)
2024-06-24 22:19:31,443:INFO:Loaded ./dataset/data/RPi1Dump/rpi1_20_corrMid.bin with shape (1048576,)
2024-06-24 22:19:31,444:INFO:Loaded ./dataset/data/RPi1Dump/rpi1_9_corrTop.bin with shape (1048576,)
2024-06-24 22:19:31,445:INFO:Loaded ./dataset/data/RPi1Dump/rpi1_22_corrBot.bin with shape (1048576,)
2024-06-24 22:19:31,446:INFO:Loaded ./dataset/data/RPi1Dump/rpi1_12_corrMid.bin with shape (1048576,)
2024-06-24 22:19:31,447:INFO:Loaded ./dataset/data/RPi1Dump/rpi1_33_corrTop.bin with shape (1048576,)
2024-06-24 22:19:31,447:INFO:Loaded ./dataset/data/RPi1Dump/rpi1_4_corrBot.bin with shape (1048576,)
2024-06-24 22:19:31,448:INFO:Loaded ./dataset/data/RPi1Dump/rpi1_19_corrBot.bin with shape (1048576,)
2024-06-24 22:19:31,449:INFO:Loaded ./dataset/data/RPi1Dump/rpi1_26_corrTop.bin with shape (1048576,)
2024-06-24 22:19:31,450:INFO:Loaded ./dataset/data/RPi1Dump/rpi1_37_corrBot.bin with shape (1048576,)
2024-06-24 22:19:31,451:INFO:Loaded ./dataset/data/RPi1Dump/rpi1_0_corrTop.bin with shape (1048576,)
2024-06-24 22:19:31,452:INFO:Loaded ./dataset/data/RPi1Dump/rpi1_29_corrMid.bin with shape (1048576,)
2024-06-24 22:19:31,469:INFO:Loaded ./dataset/data/RPi1Dump/rpi1_14_corrTop.bin with shape (1048576,)
2024-06-24 22:19:31,470:INFO:Loaded ./dataset/data/RPi1Dump/rpi1_35_corrMid.bin with shape (1048576,)
2024-06-24 22:19:31,471:INFO:Loaded ./dataset/data/RPi1Dump/rpi1_42_corrBot.bin with shape (1048576,)
2024-06-24 22:19:31,472:INFO:Loaded ./dataset/data/RPi1Dump/rpi1_5_corrTop.bin with shape (1048576,)
2024-06-24 22:19:31,472:INFO:Loaded ./dataset/data/RPi1Dump/rpi1_32_corrBot.bin with shape (1048576,)
2024-06-24 22:19:31,473:INFO:Loaded ./dataset/data/RPi1Dump/rpi1_23_corrTop.bin with shape (1048576,)
2024-06-24 22:19:31,474:INFO:Loaded ./dataset/data/RPi1Dump/rpi1_8_corrBot.bin with shape (1048576,)
2024-06-24 22:19:31,475:INFO:Loaded ./dataset/data/RPi1Dump/rpi1_30_corrMid.bin with shape (1048576,)
2024-06-24 22:19:31,476:INFO:Loaded ./dataset/data/RPi1Dump/rpi1_40_corrMid.bin with shape (1048576,)
2024-06-24 22:19:31,476:INFO:Loaded ./dataset/data/RPi1Dump/rpi1_11_corrTop.bin with shape (1048576,)
2024-06-24 22:19:31,477:INFO:Loaded ./dataset/data/RPi1Dump/rpi1_25_corrMid.bin with shape (1048576,)
2024-06-24 22:19:31,478:INFO:Loaded ./dataset/data/RPi1Dump/rpi1_15_corrBot.bin with shape (1048576,)
2024-06-24 22:19:31,479:INFO:Loaded ./dataset/data/RPi1Dump/rpi1_3_corrMid.bin with shape (1048576,)
2024-06-24 22:19:31,496:INFO:Loaded ./dataset/data/RPi1Dump/rpi1_1_corrBot.bin with shape (1048576,)
2024-06-24 22:19:31,497:INFO:Loaded ./dataset/data/RPi1Dump/rpi1_36_corrTop.bin with shape (1048576,)
2024-06-24 22:19:31,497:INFO:Loaded ./dataset/data/RPi1Dump/rpi1_17_corrMid.bin with shape (1048576,)
2024-06-24 22:19:31,498:INFO:Loaded ./dataset/data/RPi1Dump/rpi1_18_corrTop.bin with shape (1048576,)
2024-06-24 22:19:31,499:INFO:Loaded ./dataset/data/RPi1Dump/rpi1_39_corrMid.bin with shape (1048576,)
2024-06-24 22:19:31,500:INFO:Loaded ./dataset/data/RPi1Dump/rpi1_27_corrBot.bin with shape (1048576,)
2024-06-24 22:19:31,502:INFO:Loaded ./dataset/data/RPi2Dump/rpi2_14_corrBot.bin with shape (1048576,)
2024-06-24 22:19:31,503:INFO:Loaded ./dataset/data/RPi2Dump/rpi2_1_corrMid.bin with shape (1048576,)
2024-06-24 22:19:31,504:INFO:Loaded ./dataset/data/RPi2Dump/rpi2_24_corrMid.bin with shape (1048576,)
2024-06-24 22:19:31,506:INFO:Loaded ./dataset/data/RPi2Dump/rpi2_26_corrBot.bin with shape (1048576,)
2024-06-24 22:19:31,507:INFO:Loaded ./dataset/data/RPi2Dump/rpi2_38_corrMid.bin with shape (1048576,)
2024-06-24 22:19:31,508:INFO:Loaded ./dataset/data/RPi2Dump/rpi2_19_corrTop.bin with shape (1048576,)
2024-06-24 22:19:31,509:INFO:Loaded ./dataset/data/RPi2Dump/rpi2_16_corrMid.bin with shape (1048576,)
2024-06-24 22:19:31,509:INFO:Loaded ./dataset/data/RPi2Dump/rpi2_3_corrBot.bin with shape (1048576,)
2024-06-24 22:19:31,510:INFO:Loaded ./dataset/data/RPi2Dump/rpi2_37_corrTop.bin with shape (1048576,)
2024-06-24 22:19:31,511:INFO:Loaded ./dataset/data/RPi2Dump/rpi2_8_corrMid.bin with shape (1048576,)
2024-06-24 22:19:31,512:INFO:Loaded ./dataset/data/RPi2Dump/rpi2_22_corrTop.bin with shape (1048576,)
2024-06-24 22:19:31,513:INFO:Loaded ./dataset/data/RPi2Dump/rpi2_33_corrBot.bin with shape (1048576,)
2024-06-24 22:19:31,514:INFO:Loaded ./dataset/data/RPi2Dump/rpi2_7_corrTop.bin with shape (1048576,)
2024-06-24 22:19:31,515:INFO:Loaded ./dataset/data/RPi2Dump/rpi2_41_corrMid.bin with shape (1048576,)
2024-06-24 22:19:31,516:INFO:Loaded ./dataset/data/RPi2Dump/rpi2_10_corrTop.bin with shape (1048576,)
2024-06-24 22:19:31,517:INFO:Loaded ./dataset/data/RPi2Dump/rpi2_31_corrMid.bin with shape (1048576,)
2024-06-24 22:19:31,518:INFO:Loaded ./dataset/data/RPi2Dump/rpi2_2_corrTop.bin with shape (1048576,)
2024-06-24 22:19:31,519:INFO:Loaded ./dataset/data/RPi2Dump/rpi2_28_corrMid.bin with shape (1048576,)
2024-06-24 22:19:31,520:INFO:Loaded ./dataset/data/RPi2Dump/rpi2_36_corrBot.bin with shape (1048576,)
2024-06-24 22:19:31,521:INFO:Loaded ./dataset/data/RPi2Dump/rpi2_27_corrTop.bin with shape (1048576,)
2024-06-24 22:19:31,524:INFO:Loaded ./dataset/data/RPi2Dump/rpi2_18_corrBot.bin with shape (1048576,)
2024-06-24 22:19:31,525:INFO:Loaded ./dataset/data/RPi2Dump/rpi2_34_corrMid.bin with shape (1048576,)
2024-06-24 22:19:31,525:INFO:Loaded ./dataset/data/RPi2Dump/rpi2_15_corrTop.bin with shape (1048576,)
2024-06-24 22:19:31,526:INFO:Loaded ./dataset/data/RPi2Dump/rpi2_21_corrMid.bin with shape (1048576,)
2024-06-24 22:19:31,527:INFO:Loaded ./dataset/data/RPi2Dump/rpi2_4_corrMid.bin with shape (1048576,)
2024-06-24 22:19:31,528:INFO:Loaded ./dataset/data/RPi2Dump/rpi2_11_corrBot.bin with shape (1048576,)
2024-06-24 22:19:31,528:INFO:Loaded ./dataset/data/RPi2Dump/rpi2_32_corrTop.bin with shape (1048576,)
2024-06-24 22:19:31,529:INFO:Loaded ./dataset/data/RPi2Dump/rpi2_6_corrBot.bin with shape (1048576,)
2024-06-24 22:19:31,530:INFO:Loaded ./dataset/data/RPi2Dump/rpi2_42_corrTop.bin with shape (1048576,)
2024-06-24 22:19:31,530:INFO:Loaded ./dataset/data/RPi2Dump/rpi2_13_corrMid.bin with shape (1048576,)
2024-06-24 22:19:31,531:INFO:Loaded ./dataset/data/RPi2Dump/rpi2_23_corrBot.bin with shape (1048576,)
2024-06-24 22:19:31,532:INFO:Loaded ./dataset/data/RPi2Dump/rpi2_20_corrBot.bin with shape (1048576,)
2024-06-24 22:19:31,533:INFO:Loaded ./dataset/data/RPi2Dump/rpi2_31_corrTop.bin with shape (1048576,)
2024-06-24 22:19:31,534:INFO:Loaded ./dataset/data/RPi2Dump/rpi2_10_corrMid.bin with shape (1048576,)
2024-06-24 22:19:31,534:INFO:Loaded ./dataset/data/RPi2Dump/rpi2_41_corrTop.bin with shape (1048576,)
2024-06-24 22:19:31,535:INFO:Loaded ./dataset/data/RPi2Dump/rpi2_5_corrBot.bin with shape (1048576,)
2024-06-24 22:19:31,536:INFO:Loaded ./dataset/data/RPi2Dump/rpi2_12_corrBot.bin with shape (1048576,)
2024-06-24 22:19:31,537:INFO:Loaded ./dataset/data/RPi2Dump/rpi2_7_corrMid.bin with shape (1048576,)
2024-06-24 22:19:31,538:INFO:Loaded ./dataset/data/RPi2Dump/rpi2_22_corrMid.bin with shape (1048576,)
2024-06-24 22:19:31,538:INFO:Loaded ./dataset/data/RPi2Dump/rpi2_8_corrTop.bin with shape (1048576,)
2024-06-24 22:19:31,539:INFO:Loaded ./dataset/data/RPi2Dump/rpi2_37_corrMid.bin with shape (1048576,)
2024-06-24 22:19:31,540:INFO:Loaded ./dataset/data/RPi2Dump/rpi2_29_corrBot.bin with shape (1048576,)
2024-06-24 22:19:31,541:INFO:Loaded ./dataset/data/RPi2Dump/rpi2_16_corrTop.bin with shape (1048576,)
2024-06-24 22:19:31,542:INFO:Loaded ./dataset/data/RPi2Dump/rpi2_19_corrMid.bin with shape (1048576,)
2024-06-24 22:19:31,543:INFO:Loaded ./dataset/data/RPi2Dump/rpi2_38_corrTop.bin with shape (1048576,)
2024-06-24 22:19:31,543:INFO:Loaded ./dataset/data/RPi2Dump/rpi2_24_corrTop.bin with shape (1048576,)
2024-06-24 22:19:31,544:INFO:Loaded ./dataset/data/RPi2Dump/rpi2_1_corrTop.bin with shape (1048576,)
2024-06-24 22:19:31,545:INFO:Loaded ./dataset/data/RPi2Dump/rpi2_35_corrBot.bin with shape (1048576,)
2024-06-24 22:19:31,546:INFO:Loaded ./dataset/data/RPi2Dump/rpi2_9_corrBot.bin with shape (1048576,)
2024-06-24 22:19:31,547:INFO:Loaded ./dataset/data/RPi2Dump/rpi2_13_corrTop.bin with shape (1048576,)
2024-06-24 22:19:31,547:INFO:Loaded ./dataset/data/RPi2Dump/rpi2_42_corrMid.bin with shape (1048576,)
2024-06-24 22:19:31,548:INFO:Loaded ./dataset/data/RPi2Dump/rpi2_32_corrMid.bin with shape (1048576,)
2024-06-24 22:19:31,549:INFO:Loaded ./dataset/data/RPi2Dump/rpi2_30_corrBot.bin with shape (1048576,)
2024-06-24 22:19:31,550:INFO:Loaded ./dataset/data/RPi2Dump/rpi2_4_corrTop.bin with shape (1048576,)
2024-06-24 22:19:31,551:INFO:Loaded ./dataset/data/RPi2Dump/rpi2_40_corrBot.bin with shape (1048576,)
2024-06-24 22:19:31,568:INFO:Loaded ./dataset/data/RPi2Dump/rpi2_21_corrTop.bin with shape (1048576,)
2024-06-24 22:19:31,568:INFO:Loaded ./dataset/data/RPi2Dump/rpi2_0_corrBot.bin with shape (1048576,)
2024-06-24 22:19:31,569:INFO:Loaded ./dataset/data/RPi2Dump/rpi2_15_corrMid.bin with shape (1048576,)
2024-06-24 22:19:31,570:INFO:Loaded ./dataset/data/RPi2Dump/rpi2_34_corrTop.bin with shape (1048576,)
2024-06-24 22:19:31,571:INFO:Loaded ./dataset/data/RPi2Dump/rpi2_25_corrBot.bin with shape (1048576,)
2024-06-24 22:19:31,571:INFO:Loaded ./dataset/data/RPi2Dump/rpi2_39_corrBot.bin with shape (1048576,)
2024-06-24 22:19:31,572:INFO:Loaded ./dataset/data/RPi2Dump/rpi2_27_corrMid.bin with shape (1048576,)
2024-06-24 22:19:31,573:INFO:Loaded ./dataset/data/RPi2Dump/rpi2_28_corrTop.bin with shape (1048576,)
2024-06-24 22:19:31,574:INFO:Loaded ./dataset/data/RPi2Dump/rpi2_2_corrMid.bin with shape (1048576,)
2024-06-24 22:19:31,575:INFO:Loaded ./dataset/data/RPi2Dump/rpi2_17_corrBot.bin with shape (1048576,)
2024-06-24 22:19:31,576:INFO:Loaded ./dataset/data/RPi2Dump/rpi2_12_corrMid.bin with shape (1048576,)
2024-06-24 22:19:31,576:INFO:Loaded ./dataset/data/RPi2Dump/rpi2_7_corrBot.bin with shape (1048576,)
2024-06-24 22:19:31,577:INFO:Loaded ./dataset/data/RPi2Dump/rpi2_33_corrTop.bin with shape (1048576,)
2024-06-24 22:19:31,578:INFO:Loaded ./dataset/data/RPi2Dump/rpi2_22_corrBot.bin with shape (1048576,)
2024-06-24 22:19:31,579:INFO:Loaded ./dataset/data/RPi2Dump/rpi2_20_corrMid.bin with shape (1048576,)
2024-06-24 22:19:31,580:INFO:Loaded ./dataset/data/RPi2Dump/rpi2_10_corrBot.bin with shape (1048576,)
2024-06-24 22:19:31,581:INFO:Loaded ./dataset/data/RPi2Dump/rpi2_5_corrMid.bin with shape (1048576,)
2024-06-24 22:19:31,581:INFO:Loaded ./dataset/data/RPi2Dump/rpi2_14_corrTop.bin with shape (1048576,)
2024-06-24 22:19:31,582:INFO:Loaded ./dataset/data/RPi2Dump/rpi2_35_corrMid.bin with shape (1048576,)
2024-06-24 22:19:31,583:INFO:Loaded ./dataset/data/RPi2Dump/rpi2_37_corrBot.bin with shape (1048576,)
2024-06-24 22:19:31,584:INFO:Loaded ./dataset/data/RPi2Dump/rpi2_29_corrMid.bin with shape (1048576,)
2024-06-24 22:19:31,584:INFO:Loaded ./dataset/data/RPi2Dump/rpi2_3_corrTop.bin with shape (1048576,)
2024-06-24 22:19:31,585:INFO:Loaded ./dataset/data/RPi2Dump/rpi2_19_corrBot.bin with shape (1048576,)
2024-06-24 22:19:31,586:INFO:Loaded ./dataset/data/RPi2Dump/rpi2_26_corrTop.bin with shape (1048576,)
2024-06-24 22:19:31,587:INFO:Loaded ./dataset/data/RPi2Dump/rpi2_30_corrMid.bin with shape (1048576,)
2024-06-24 22:19:31,588:INFO:Loaded ./dataset/data/RPi2Dump/rpi2_40_corrMid.bin with shape (1048576,)
2024-06-24 22:19:31,589:INFO:Loaded ./dataset/data/RPi2Dump/rpi2_11_corrTop.bin with shape (1048576,)
2024-06-24 22:19:31,590:INFO:Loaded ./dataset/data/RPi2Dump/rpi2_23_corrTop.bin with shape (1048576,)
2024-06-24 22:19:31,591:INFO:Loaded ./dataset/data/RPi2Dump/rpi2_9_corrMid.bin with shape (1048576,)
2024-06-24 22:19:31,592:INFO:Loaded ./dataset/data/RPi2Dump/rpi2_6_corrTop.bin with shape (1048576,)
2024-06-24 22:19:31,593:INFO:Loaded ./dataset/data/RPi2Dump/rpi2_42_corrBot.bin with shape (1048576,)
2024-06-24 22:19:31,595:INFO:Loaded ./dataset/data/RPi2Dump/rpi2_32_corrBot.bin with shape (1048576,)
2024-06-24 22:19:31,595:INFO:Loaded ./dataset/data/RPi2Dump/rpi2_18_corrTop.bin with shape (1048576,)
2024-06-24 22:19:31,596:INFO:Loaded ./dataset/data/RPi2Dump/rpi2_39_corrMid.bin with shape (1048576,)
2024-06-24 22:19:31,597:INFO:Loaded ./dataset/data/RPi2Dump/rpi2_27_corrBot.bin with shape (1048576,)
2024-06-24 22:19:31,598:INFO:Loaded ./dataset/data/RPi2Dump/rpi2_36_corrTop.bin with shape (1048576,)
2024-06-24 22:19:31,599:INFO:Loaded ./dataset/data/RPi2Dump/rpi2_2_corrBot.bin with shape (1048576,)
2024-06-24 22:19:31,600:INFO:Loaded ./dataset/data/RPi2Dump/rpi2_17_corrMid.bin with shape (1048576,)
2024-06-24 22:19:31,601:INFO:Loaded ./dataset/data/RPi2Dump/rpi2_0_corrMid.bin with shape (1048576,)
2024-06-24 22:19:31,602:INFO:Loaded ./dataset/data/RPi2Dump/rpi2_15_corrBot.bin with shape (1048576,)
2024-06-24 22:19:31,603:INFO:Loaded ./dataset/data/RPi2Dump/rpi2_25_corrMid.bin with shape (1048576,)
2024-06-24 22:19:31,604:INFO:Loaded ./dataset/data/RPi2Dump/rpi2_26_corrMid.bin with shape (1048576,)
2024-06-24 22:19:31,605:INFO:Loaded ./dataset/data/RPi2Dump/rpi2_38_corrBot.bin with shape (1048576,)
2024-06-24 22:19:31,606:INFO:Loaded ./dataset/data/RPi2Dump/rpi2_16_corrBot.bin with shape (1048576,)
2024-06-24 22:19:31,607:INFO:Loaded ./dataset/data/RPi2Dump/rpi2_3_corrMid.bin with shape (1048576,)
2024-06-24 22:19:31,607:INFO:Loaded ./dataset/data/RPi2Dump/rpi2_29_corrTop.bin with shape (1048576,)
2024-06-24 22:19:31,608:INFO:Loaded ./dataset/data/RPi2Dump/rpi2_35_corrTop.bin with shape (1048576,)
2024-06-24 22:19:31,609:INFO:Loaded ./dataset/data/RPi2Dump/rpi2_14_corrMid.bin with shape (1048576,)
2024-06-24 22:19:31,610:INFO:Loaded ./dataset/data/RPi2Dump/rpi2_1_corrBot.bin with shape (1048576,)
2024-06-24 22:19:31,610:INFO:Loaded ./dataset/data/RPi2Dump/rpi2_24_corrBot.bin with shape (1048576,)
2024-06-24 22:19:31,611:INFO:Loaded ./dataset/data/RPi2Dump/rpi2_41_corrBot.bin with shape (1048576,)
2024-06-24 22:19:31,612:INFO:Loaded ./dataset/data/RPi2Dump/rpi2_5_corrTop.bin with shape (1048576,)
2024-06-24 22:19:31,613:INFO:Loaded ./dataset/data/RPi2Dump/rpi2_31_corrBot.bin with shape (1048576,)
2024-06-24 22:19:31,613:INFO:Loaded ./dataset/data/RPi2Dump/rpi2_20_corrTop.bin with shape (1048576,)
2024-06-24 22:19:31,614:INFO:Loaded ./dataset/data/RPi2Dump/rpi2_8_corrBot.bin with shape (1048576,)
2024-06-24 22:19:31,615:INFO:Loaded ./dataset/data/RPi2Dump/rpi2_33_corrMid.bin with shape (1048576,)
2024-06-24 22:19:31,616:INFO:Loaded ./dataset/data/RPi2Dump/rpi2_12_corrTop.bin with shape (1048576,)
2024-06-24 22:19:31,616:INFO:Loaded ./dataset/data/RPi2Dump/rpi2_25_corrTop.bin with shape (1048576,)
2024-06-24 22:19:31,617:INFO:Loaded ./dataset/data/RPi2Dump/rpi2_34_corrBot.bin with shape (1048576,)
2024-06-24 22:19:31,618:INFO:Loaded ./dataset/data/RPi2Dump/rpi2_0_corrTop.bin with shape (1048576,)
2024-06-24 22:19:31,619:INFO:Loaded ./dataset/data/RPi2Dump/rpi2_17_corrTop.bin with shape (1048576,)
2024-06-24 22:19:31,619:INFO:Loaded ./dataset/data/RPi2Dump/rpi2_28_corrBot.bin with shape (1048576,)
2024-06-24 22:19:31,620:INFO:Loaded ./dataset/data/RPi2Dump/rpi2_36_corrMid.bin with shape (1048576,)
2024-06-24 22:19:31,621:INFO:Loaded ./dataset/data/RPi2Dump/rpi2_39_corrTop.bin with shape (1048576,)
2024-06-24 22:19:31,622:INFO:Loaded ./dataset/data/RPi2Dump/rpi2_18_corrMid.bin with shape (1048576,)
2024-06-24 22:19:31,623:INFO:Loaded ./dataset/data/RPi2Dump/rpi2_6_corrMid.bin with shape (1048576,)
2024-06-24 22:19:31,624:INFO:Loaded ./dataset/data/RPi2Dump/rpi2_13_corrBot.bin with shape (1048576,)
2024-06-24 22:19:31,624:INFO:Loaded ./dataset/data/RPi2Dump/rpi2_9_corrTop.bin with shape (1048576,)
2024-06-24 22:19:31,625:INFO:Loaded ./dataset/data/RPi2Dump/rpi2_23_corrMid.bin with shape (1048576,)
2024-06-24 22:19:31,626:INFO:Loaded ./dataset/data/RPi2Dump/rpi2_21_corrBot.bin with shape (1048576,)
2024-06-24 22:19:31,627:INFO:Loaded ./dataset/data/RPi2Dump/rpi2_4_corrBot.bin with shape (1048576,)
2024-06-24 22:19:31,628:INFO:Loaded ./dataset/data/RPi2Dump/rpi2_11_corrMid.bin with shape (1048576,)
2024-06-24 22:19:31,629:INFO:Loaded ./dataset/data/RPi2Dump/rpi2_40_corrTop.bin with shape (1048576,)
2024-06-24 22:19:31,630:INFO:Loaded ./dataset/data/RPi2Dump/rpi2_30_corrTop.bin with shape (1048576,)
2024-06-24 22:19:31,632:INFO:Loaded ./dataset/data/RPi3Dump/rpi3_13_corrMid.bin with shape (1048576,)
2024-06-24 22:19:31,633:INFO:Loaded ./dataset/data/RPi3Dump/rpi3_42_corrTop.bin with shape (1048576,)
2024-06-24 22:19:31,633:INFO:Loaded ./dataset/data/RPi3Dump/rpi3_32_corrTop.bin with shape (1048576,)
2024-06-24 22:19:31,635:INFO:Loaded ./dataset/data/RPi3Dump/rpi3_23_corrBot.bin with shape (1048576,)
2024-06-24 22:19:31,636:INFO:Loaded ./dataset/data/RPi3Dump/rpi3_0_corrTop.bin with shape (1048576,)
2024-06-24 22:19:31,637:INFO:Loaded ./dataset/data/RPi3Dump/rpi3_21_corrMid.bin with shape (1048576,)
2024-06-24 22:19:31,638:INFO:Loaded ./dataset/data/RPi3Dump/rpi3_11_corrBot.bin with shape (1048576,)
2024-06-24 22:19:31,639:INFO:Loaded ./dataset/data/RPi3Dump/rpi3_4_corrBot.bin with shape (1048576,)
2024-06-24 22:19:31,640:INFO:Loaded ./dataset/data/RPi3Dump/rpi3_15_corrTop.bin with shape (1048576,)
2024-06-24 22:19:31,641:INFO:Loaded ./dataset/data/RPi3Dump/rpi3_34_corrMid.bin with shape (1048576,)
2024-06-24 22:19:31,642:INFO:Loaded ./dataset/data/RPi3Dump/rpi3_36_corrBot.bin with shape (1048576,)
2024-06-24 22:19:31,643:INFO:Loaded ./dataset/data/RPi3Dump/rpi3_28_corrMid.bin with shape (1048576,)
2024-06-24 22:19:31,643:INFO:Loaded ./dataset/data/RPi3Dump/rpi3_9_corrTop.bin with shape (1048576,)
2024-06-24 22:19:31,644:INFO:Loaded ./dataset/data/RPi3Dump/rpi3_6_corrMid.bin with shape (1048576,)
2024-06-24 22:19:31,646:INFO:Loaded ./dataset/data/RPi3Dump/rpi3_18_corrBot.bin with shape (1048576,)
2024-06-24 22:19:31,647:INFO:Loaded ./dataset/data/RPi3Dump/rpi3_27_corrTop.bin with shape (1048576,)
2024-06-24 22:19:31,648:INFO:Loaded ./dataset/data/RPi3Dump/rpi3_31_corrMid.bin with shape (1048576,)
2024-06-24 22:19:31,650:INFO:Loaded ./dataset/data/RPi3Dump/rpi3_10_corrTop.bin with shape (1048576,)
2024-06-24 22:19:31,650:INFO:Loaded ./dataset/data/RPi3Dump/rpi3_41_corrMid.bin with shape (1048576,)
2024-06-24 22:19:31,651:INFO:Loaded ./dataset/data/RPi3Dump/rpi3_1_corrBot.bin with shape (1048576,)
2024-06-24 22:19:31,652:INFO:Loaded ./dataset/data/RPi3Dump/rpi3_22_corrTop.bin with shape (1048576,)
2024-06-24 22:19:31,653:INFO:Loaded ./dataset/data/RPi3Dump/rpi3_3_corrMid.bin with shape (1048576,)
2024-06-24 22:19:31,654:INFO:Loaded ./dataset/data/RPi3Dump/rpi3_33_corrBot.bin with shape (1048576,)
2024-06-24 22:19:31,654:INFO:Loaded ./dataset/data/RPi3Dump/rpi3_19_corrTop.bin with shape (1048576,)
2024-06-24 22:19:31,655:INFO:Loaded ./dataset/data/RPi3Dump/rpi3_38_corrMid.bin with shape (1048576,)
2024-06-24 22:19:31,656:INFO:Loaded ./dataset/data/RPi3Dump/rpi3_26_corrBot.bin with shape (1048576,)
2024-06-24 22:19:31,657:INFO:Loaded ./dataset/data/RPi3Dump/rpi3_37_corrTop.bin with shape (1048576,)
2024-06-24 22:19:31,658:INFO:Loaded ./dataset/data/RPi3Dump/rpi3_8_corrBot.bin with shape (1048576,)
2024-06-24 22:19:31,658:INFO:Loaded ./dataset/data/RPi3Dump/rpi3_16_corrMid.bin with shape (1048576,)
2024-06-24 22:19:31,659:INFO:Loaded ./dataset/data/RPi3Dump/rpi3_14_corrBot.bin with shape (1048576,)
2024-06-24 22:19:31,660:INFO:Loaded ./dataset/data/RPi3Dump/rpi3_24_corrMid.bin with shape (1048576,)
2024-06-24 22:19:31,661:INFO:Loaded ./dataset/data/RPi3Dump/rpi3_5_corrTop.bin with shape (1048576,)
2024-06-24 22:19:31,661:INFO:Loaded ./dataset/data/RPi3Dump/rpi3_27_corrMid.bin with shape (1048576,)
2024-06-24 22:19:31,662:INFO:Loaded ./dataset/data/RPi3Dump/rpi3_39_corrBot.bin with shape (1048576,)
2024-06-24 22:19:31,663:INFO:Loaded ./dataset/data/RPi3Dump/rpi3_6_corrTop.bin with shape (1048576,)
2024-06-24 22:19:31,664:INFO:Loaded ./dataset/data/RPi3Dump/rpi3_17_corrBot.bin with shape (1048576,)
2024-06-24 22:19:31,664:INFO:Loaded ./dataset/data/RPi3Dump/rpi3_9_corrMid.bin with shape (1048576,)
2024-06-24 22:19:31,665:INFO:Loaded ./dataset/data/RPi3Dump/rpi3_28_corrTop.bin with shape (1048576,)
2024-06-24 22:19:31,666:INFO:Loaded ./dataset/data/RPi3Dump/rpi3_34_corrTop.bin with shape (1048576,)
2024-06-24 22:19:31,667:INFO:Loaded ./dataset/data/RPi3Dump/rpi3_15_corrMid.bin with shape (1048576,)
2024-06-24 22:19:31,667:INFO:Loaded ./dataset/data/RPi3Dump/rpi3_25_corrBot.bin with shape (1048576,)
2024-06-24 22:19:31,668:INFO:Loaded ./dataset/data/RPi3Dump/rpi3_40_corrBot.bin with shape (1048576,)
2024-06-24 22:19:31,670:INFO:Loaded ./dataset/data/RPi3Dump/rpi3_30_corrBot.bin with shape (1048576,)
2024-06-24 22:19:31,671:INFO:Loaded ./dataset/data/RPi3Dump/rpi3_21_corrTop.bin with shape (1048576,)
2024-06-24 22:19:31,673:INFO:Loaded ./dataset/data/RPi3Dump/rpi3_0_corrMid.bin with shape (1048576,)
2024-06-24 22:19:31,674:INFO:Loaded ./dataset/data/RPi3Dump/rpi3_2_corrBot.bin with shape (1048576,)
2024-06-24 22:19:31,675:INFO:Loaded ./dataset/data/RPi3Dump/rpi3_32_corrMid.bin with shape (1048576,)
2024-06-24 22:19:31,675:INFO:Loaded ./dataset/data/RPi3Dump/rpi3_42_corrMid.bin with shape (1048576,)
2024-06-24 22:19:31,676:INFO:Loaded ./dataset/data/RPi3Dump/rpi3_13_corrTop.bin with shape (1048576,)
2024-06-24 22:19:31,677:INFO:Loaded ./dataset/data/RPi3Dump/rpi3_5_corrMid.bin with shape (1048576,)
2024-06-24 22:19:31,678:INFO:Loaded ./dataset/data/RPi3Dump/rpi3_24_corrTop.bin with shape (1048576,)
2024-06-24 22:19:31,679:INFO:Loaded ./dataset/data/RPi3Dump/rpi3_35_corrBot.bin with shape (1048576,)
2024-06-24 22:19:31,679:INFO:Loaded ./dataset/data/RPi3Dump/rpi3_16_corrTop.bin with shape (1048576,)
2024-06-24 22:19:31,680:INFO:Loaded ./dataset/data/RPi3Dump/rpi3_29_corrBot.bin with shape (1048576,)
2024-06-24 22:19:31,681:INFO:Loaded ./dataset/data/RPi3Dump/rpi3_37_corrMid.bin with shape (1048576,)
2024-06-24 22:19:31,682:INFO:Loaded ./dataset/data/RPi3Dump/rpi3_38_corrTop.bin with shape (1048576,)
2024-06-24 22:19:31,682:INFO:Loaded ./dataset/data/RPi3Dump/rpi3_19_corrMid.bin with shape (1048576,)
2024-06-24 22:19:31,683:INFO:Loaded ./dataset/data/RPi3Dump/rpi3_7_corrBot.bin with shape (1048576,)
2024-06-24 22:19:31,684:INFO:Loaded ./dataset/data/RPi3Dump/rpi3_12_corrBot.bin with shape (1048576,)
2024-06-24 22:19:31,685:INFO:Loaded ./dataset/data/RPi3Dump/rpi3_3_corrTop.bin with shape (1048576,)
2024-06-24 22:19:31,685:INFO:Loaded ./dataset/data/RPi3Dump/rpi3_22_corrMid.bin with shape (1048576,)
2024-06-24 22:19:31,686:INFO:Loaded ./dataset/data/RPi3Dump/rpi3_20_corrBot.bin with shape (1048576,)
2024-06-24 22:19:31,687:INFO:Loaded ./dataset/data/RPi3Dump/rpi3_41_corrTop.bin with shape (1048576,)
2024-06-24 22:19:31,688:INFO:Loaded ./dataset/data/RPi3Dump/rpi3_10_corrMid.bin with shape (1048576,)
2024-06-24 22:19:31,688:INFO:Loaded ./dataset/data/RPi3Dump/rpi3_31_corrTop.bin with shape (1048576,)
2024-06-24 22:19:31,689:INFO:Loaded ./dataset/data/RPi3Dump/rpi3_15_corrBot.bin with shape (1048576,)
2024-06-24 22:19:31,690:INFO:Loaded ./dataset/data/RPi3Dump/rpi3_4_corrTop.bin with shape (1048576,)
2024-06-24 22:19:31,691:INFO:Loaded ./dataset/data/RPi3Dump/rpi3_25_corrMid.bin with shape (1048576,)
2024-06-24 22:19:31,691:INFO:Loaded ./dataset/data/RPi3Dump/rpi3_27_corrBot.bin with shape (1048576,)
2024-06-24 22:19:31,692:INFO:Loaded ./dataset/data/RPi3Dump/rpi3_39_corrMid.bin with shape (1048576,)
2024-06-24 22:19:31,693:INFO:Loaded ./dataset/data/RPi3Dump/rpi3_18_corrTop.bin with shape (1048576,)
2024-06-24 22:19:31,694:INFO:Loaded ./dataset/data/RPi3Dump/rpi3_17_corrMid.bin with shape (1048576,)
2024-06-24 22:19:31,695:INFO:Loaded ./dataset/data/RPi3Dump/rpi3_9_corrBot.bin with shape (1048576,)
2024-06-24 22:19:31,695:INFO:Loaded ./dataset/data/RPi3Dump/rpi3_36_corrTop.bin with shape (1048576,)
2024-06-24 22:19:31,696:INFO:Loaded ./dataset/data/RPi3Dump/rpi3_2_corrMid.bin with shape (1048576,)
2024-06-24 22:19:31,697:INFO:Loaded ./dataset/data/RPi3Dump/rpi3_23_corrTop.bin with shape (1048576,)
2024-06-24 22:19:31,699:INFO:Loaded ./dataset/data/RPi3Dump/rpi3_32_corrBot.bin with shape (1048576,)
2024-06-24 22:19:31,701:INFO:Loaded ./dataset/data/RPi3Dump/rpi3_42_corrBot.bin with shape (1048576,)
2024-06-24 22:19:31,702:INFO:Loaded ./dataset/data/RPi3Dump/rpi3_11_corrTop.bin with shape (1048576,)
2024-06-24 22:19:31,703:INFO:Loaded ./dataset/data/RPi3Dump/rpi3_40_corrMid.bin with shape (1048576,)
2024-06-24 22:19:31,704:INFO:Loaded ./dataset/data/RPi3Dump/rpi3_30_corrMid.bin with shape (1048576,)
2024-06-24 22:19:31,705:INFO:Loaded ./dataset/data/RPi3Dump/rpi3_0_corrBot.bin with shape (1048576,)
2024-06-24 22:19:31,707:INFO:Loaded ./dataset/data/RPi3Dump/rpi3_8_corrTop.bin with shape (1048576,)
2024-06-24 22:19:31,708:INFO:Loaded ./dataset/data/RPi3Dump/rpi3_29_corrMid.bin with shape (1048576,)
2024-06-24 22:19:31,709:INFO:Loaded ./dataset/data/RPi3Dump/rpi3_37_corrBot.bin with shape (1048576,)
2024-06-24 22:19:31,709:INFO:Loaded ./dataset/data/RPi3Dump/rpi3_26_corrTop.bin with shape (1048576,)
2024-06-24 22:19:31,710:INFO:Loaded ./dataset/data/RPi3Dump/rpi3_19_corrBot.bin with shape (1048576,)
2024-06-24 22:19:31,711:INFO:Loaded ./dataset/data/RPi3Dump/rpi3_7_corrMid.bin with shape (1048576,)
2024-06-24 22:19:31,712:INFO:Loaded ./dataset/data/RPi3Dump/rpi3_5_corrBot.bin with shape (1048576,)
2024-06-24 22:19:31,713:INFO:Loaded ./dataset/data/RPi3Dump/rpi3_35_corrMid.bin with shape (1048576,)
2024-06-24 22:19:31,713:INFO:Loaded ./dataset/data/RPi3Dump/rpi3_14_corrTop.bin with shape (1048576,)
2024-06-24 22:19:31,714:INFO:Loaded ./dataset/data/RPi3Dump/rpi3_20_corrMid.bin with shape (1048576,)
2024-06-24 22:19:31,715:INFO:Loaded ./dataset/data/RPi3Dump/rpi3_1_corrTop.bin with shape (1048576,)
2024-06-24 22:19:31,716:INFO:Loaded ./dataset/data/RPi3Dump/rpi3_10_corrBot.bin with shape (1048576,)
2024-06-24 22:19:31,717:INFO:Loaded ./dataset/data/RPi3Dump/rpi3_33_corrTop.bin with shape (1048576,)
2024-06-24 22:19:31,717:INFO:Loaded ./dataset/data/RPi3Dump/rpi3_12_corrMid.bin with shape (1048576,)
2024-06-24 22:19:31,718:INFO:Loaded ./dataset/data/RPi3Dump/rpi3_22_corrBot.bin with shape (1048576,)
2024-06-24 22:19:31,719:INFO:Loaded ./dataset/data/RPi3Dump/rpi3_21_corrBot.bin with shape (1048576,)
2024-06-24 22:19:31,720:INFO:Loaded ./dataset/data/RPi3Dump/rpi3_30_corrTop.bin with shape (1048576,)
2024-06-24 22:19:31,720:INFO:Loaded ./dataset/data/RPi3Dump/rpi3_40_corrTop.bin with shape (1048576,)
2024-06-24 22:19:31,721:INFO:Loaded ./dataset/data/RPi3Dump/rpi3_11_corrMid.bin with shape (1048576,)
2024-06-24 22:19:31,722:INFO:Loaded ./dataset/data/RPi3Dump/rpi3_13_corrBot.bin with shape (1048576,)
2024-06-24 22:19:31,723:INFO:Loaded ./dataset/data/RPi3Dump/rpi3_23_corrMid.bin with shape (1048576,)
2024-06-24 22:19:31,724:INFO:Loaded ./dataset/data/RPi3Dump/rpi3_2_corrTop.bin with shape (1048576,)
2024-06-24 22:19:31,725:INFO:Loaded ./dataset/data/RPi3Dump/rpi3_36_corrMid.bin with shape (1048576,)
2024-06-24 22:19:31,725:INFO:Loaded ./dataset/data/RPi3Dump/rpi3_28_corrBot.bin with shape (1048576,)
2024-06-24 22:19:31,726:INFO:Loaded ./dataset/data/RPi3Dump/rpi3_17_corrTop.bin with shape (1048576,)
2024-06-24 22:19:31,727:INFO:Loaded ./dataset/data/RPi3Dump/rpi3_6_corrBot.bin with shape (1048576,)
2024-06-24 22:19:31,728:INFO:Loaded ./dataset/data/RPi3Dump/rpi3_18_corrMid.bin with shape (1048576,)
2024-06-24 22:19:31,729:INFO:Loaded ./dataset/data/RPi3Dump/rpi3_39_corrTop.bin with shape (1048576,)
2024-06-24 22:19:31,729:INFO:Loaded ./dataset/data/RPi3Dump/rpi3_25_corrTop.bin with shape (1048576,)
2024-06-24 22:19:31,730:INFO:Loaded ./dataset/data/RPi3Dump/rpi3_4_corrMid.bin with shape (1048576,)
2024-06-24 22:19:31,731:INFO:Loaded ./dataset/data/RPi3Dump/rpi3_34_corrBot.bin with shape (1048576,)
2024-06-24 22:19:31,734:INFO:Loaded ./dataset/data/RPi3Dump/rpi3_3_corrBot.bin with shape (1048576,)
2024-06-24 22:19:31,735:INFO:Loaded ./dataset/data/RPi3Dump/rpi3_12_corrTop.bin with shape (1048576,)
2024-06-24 22:19:31,737:INFO:Loaded ./dataset/data/RPi3Dump/rpi3_33_corrMid.bin with shape (1048576,)
2024-06-24 22:19:31,738:INFO:Loaded ./dataset/data/RPi3Dump/rpi3_31_corrBot.bin with shape (1048576,)
2024-06-24 22:19:31,739:INFO:Loaded ./dataset/data/RPi3Dump/rpi3_41_corrBot.bin with shape (1048576,)
2024-06-24 22:19:31,740:INFO:Loaded ./dataset/data/RPi3Dump/rpi3_1_corrMid.bin with shape (1048576,)
2024-06-24 22:19:31,742:INFO:Loaded ./dataset/data/RPi3Dump/rpi3_20_corrTop.bin with shape (1048576,)
2024-06-24 22:19:31,743:INFO:Loaded ./dataset/data/RPi3Dump/rpi3_14_corrMid.bin with shape (1048576,)
2024-06-24 22:19:31,744:INFO:Loaded ./dataset/data/RPi3Dump/rpi3_35_corrTop.bin with shape (1048576,)
2024-06-24 22:19:31,761:INFO:Loaded ./dataset/data/RPi3Dump/rpi3_24_corrBot.bin with shape (1048576,)
2024-06-24 22:19:31,762:INFO:Loaded ./dataset/data/RPi3Dump/rpi3_7_corrTop.bin with shape (1048576,)
2024-06-24 22:19:31,763:INFO:Loaded ./dataset/data/RPi3Dump/rpi3_38_corrBot.bin with shape (1048576,)
2024-06-24 22:19:31,763:INFO:Loaded ./dataset/data/RPi3Dump/rpi3_26_corrMid.bin with shape (1048576,)
2024-06-24 22:19:31,764:INFO:Loaded ./dataset/data/RPi3Dump/rpi3_29_corrTop.bin with shape (1048576,)
2024-06-24 22:19:31,765:INFO:Loaded ./dataset/data/RPi3Dump/rpi3_8_corrMid.bin with shape (1048576,)
2024-06-24 22:19:31,766:INFO:Loaded ./dataset/data/RPi3Dump/rpi3_16_corrBot.bin with shape (1048576,)
2024-06-24 22:19:31,975:INFO:Loaded ./dataset/data/test/RPi1Dump/rpi1_15.bin with shape (1048576,)
2024-06-24 22:19:31,976:INFO:Loaded ./dataset/data/test/RPi1Dump/rpi1_29.bin with shape (1048576,)
2024-06-24 22:19:31,993:INFO:Loaded ./dataset/data/test/RPi1Dump/rpi1_28.bin with shape (1048576,)
2024-06-24 22:19:31,994:INFO:Loaded ./dataset/data/test/RPi1Dump/rpi1_14.bin with shape (1048576,)
2024-06-24 22:19:31,995:INFO:Loaded ./dataset/data/test/RPi1Dump/rpi1_16.bin with shape (1048576,)
2024-06-24 22:19:31,995:INFO:Loaded ./dataset/data/test/RPi1Dump/rpi1_9.bin with shape (1048576,)
2024-06-24 22:19:31,996:INFO:Loaded ./dataset/data/test/RPi1Dump/rpi1_8.bin with shape (1048576,)
2024-06-24 22:19:31,997:INFO:Loaded ./dataset/data/test/RPi1Dump/rpi1_17.bin with shape (1048576,)
2024-06-24 22:19:31,998:INFO:Loaded ./dataset/data/test/RPi1Dump/rpi1_13.bin with shape (1048576,)
2024-06-24 22:19:31,999:INFO:Loaded ./dataset/data/test/RPi1Dump/rpi1_12.bin with shape (1048576,)
2024-06-24 22:19:31,999:INFO:Loaded ./dataset/data/test/RPi1Dump/rpi1_38.bin with shape (1048576,)
2024-06-24 22:19:32,000:INFO:Loaded ./dataset/data/test/RPi1Dump/rpi1_10.bin with shape (1048576,)
2024-06-24 22:19:32,001:INFO:Loaded ./dataset/data/test/RPi1Dump/rpi1_11.bin with shape (1048576,)
2024-06-24 22:19:32,002:INFO:Loaded ./dataset/data/test/RPi1Dump/rpi1_39.bin with shape (1048576,)
2024-06-24 22:19:32,002:INFO:Loaded ./dataset/data/test/RPi1Dump/rpi1_20.bin with shape (1048576,)
2024-06-24 22:19:32,003:INFO:Loaded ./dataset/data/test/RPi1Dump/rpi1_34.bin with shape (1048576,)
2024-06-24 22:19:32,004:INFO:Loaded ./dataset/data/test/RPi1Dump/rpi1_3.bin with shape (1048576,)
2024-06-24 22:19:32,008:INFO:Loaded ./dataset/data/test/RPi1Dump/rpi1_2.bin with shape (1048576,)
2024-06-24 22:19:32,030:INFO:Loaded ./dataset/data/test/RPi1Dump/rpi1_35.bin with shape (1048576,)
2024-06-24 22:19:32,031:INFO:Loaded ./dataset/data/test/RPi1Dump/rpi1_21.bin with shape (1048576,)
2024-06-24 22:19:32,032:INFO:Loaded ./dataset/data/test/RPi1Dump/rpi1_37.bin with shape (1048576,)
2024-06-24 22:19:32,033:INFO:Loaded ./dataset/data/test/RPi1Dump/rpi1_23.bin with shape (1048576,)
2024-06-24 22:19:32,034:INFO:Loaded ./dataset/data/test/RPi1Dump/rpi1_0.bin with shape (1048576,)
2024-06-24 22:19:32,035:INFO:Loaded ./dataset/data/test/RPi1Dump/rpi1_1.bin with shape (1048576,)
2024-06-24 22:19:32,036:INFO:Loaded ./dataset/data/test/RPi1Dump/rpi1_22.bin with shape (1048576,)
2024-06-24 22:19:32,038:INFO:Loaded ./dataset/data/test/RPi1Dump/rpi1_36.bin with shape (1048576,)
2024-06-24 22:19:32,039:INFO:Loaded ./dataset/data/test/RPi1Dump/rpi1_32.bin with shape (1048576,)
2024-06-24 22:19:32,040:INFO:Loaded ./dataset/data/test/RPi1Dump/rpi1_26.bin with shape (1048576,)
2024-06-24 22:19:32,041:INFO:Loaded ./dataset/data/test/RPi1Dump/rpi1_5.bin with shape (1048576,)
2024-06-24 22:19:32,042:INFO:Loaded ./dataset/data/test/RPi1Dump/rpi1_4.bin with shape (1048576,)
2024-06-24 22:19:32,043:INFO:Loaded ./dataset/data/test/RPi1Dump/rpi1_27.bin with shape (1048576,)
2024-06-24 22:19:32,044:INFO:Loaded ./dataset/data/test/RPi1Dump/rpi1_33.bin with shape (1048576,)
2024-06-24 22:19:32,044:INFO:Loaded ./dataset/data/test/RPi1Dump/rpi1_19.bin with shape (1048576,)
2024-06-24 22:19:32,045:INFO:Loaded ./dataset/data/test/RPi1Dump/rpi1_25.bin with shape (1048576,)
2024-06-24 22:19:32,046:INFO:Loaded ./dataset/data/test/RPi1Dump/rpi1_31.bin with shape (1048576,)
2024-06-24 22:19:32,047:INFO:Loaded ./dataset/data/test/RPi1Dump/rpi1_6.bin with shape (1048576,)
2024-06-24 22:19:32,047:INFO:Loaded ./dataset/data/test/RPi1Dump/rpi1_7.bin with shape (1048576,)
2024-06-24 22:19:32,048:INFO:Loaded ./dataset/data/test/RPi1Dump/rpi1_30.bin with shape (1048576,)
2024-06-24 22:19:32,049:INFO:Loaded ./dataset/data/test/RPi1Dump/rpi1_24.bin with shape (1048576,)
2024-06-24 22:19:32,049:INFO:Loaded ./dataset/data/test/RPi1Dump/rpi1_18.bin with shape (1048576,)
2024-06-24 22:19:32,050:INFO:Loaded ./dataset/data/test/RPi1Dump/rpi1_42.bin with shape (1048576,)
2024-06-24 22:19:32,051:INFO:Loaded ./dataset/data/test/RPi1Dump/rpi1_40.bin with shape (1048576,)
2024-06-24 22:19:32,052:INFO:Loaded ./dataset/data/test/RPi1Dump/rpi1_41.bin with shape (1048576,)
2024-06-24 22:19:32,059:INFO:Loaded ./dataset/data/test/RPi2Dump/rpi2_33.bin with shape (1048576,)
2024-06-24 22:19:32,060:INFO:Loaded ./dataset/data/test/RPi2Dump/rpi2_27.bin with shape (1048576,)
2024-06-24 22:19:32,061:INFO:Loaded ./dataset/data/test/RPi2Dump/rpi2_26.bin with shape (1048576,)
2024-06-24 22:19:32,062:INFO:Loaded ./dataset/data/test/RPi2Dump/rpi2_32.bin with shape (1048576,)
2024-06-24 22:19:32,063:INFO:Loaded ./dataset/data/test/RPi2Dump/rpi2_8.bin with shape (1048576,)
2024-06-24 22:19:32,064:INFO:Loaded ./dataset/data/test/RPi2Dump/rpi2_18.bin with shape (1048576,)
2024-06-24 22:19:32,065:INFO:Loaded ./dataset/data/test/RPi2Dump/rpi2_24.bin with shape (1048576,)
2024-06-24 22:19:32,066:INFO:Loaded ./dataset/data/test/RPi2Dump/rpi2_30.bin with shape (1048576,)
2024-06-24 22:19:32,067:INFO:Loaded ./dataset/data/test/RPi2Dump/rpi2_31.bin with shape (1048576,)
2024-06-24 22:19:32,068:INFO:Loaded ./dataset/data/test/RPi2Dump/rpi2_25.bin with shape (1048576,)
2024-06-24 22:19:32,068:INFO:Loaded ./dataset/data/test/RPi2Dump/rpi2_19.bin with shape (1048576,)
2024-06-24 22:19:32,069:INFO:Loaded ./dataset/data/test/RPi2Dump/rpi2_9.bin with shape (1048576,)
2024-06-24 22:19:32,070:INFO:Loaded ./dataset/data/test/RPi2Dump/rpi2_21.bin with shape (1048576,)
2024-06-24 22:19:32,071:INFO:Loaded ./dataset/data/test/RPi2Dump/rpi2_35.bin with shape (1048576,)
2024-06-24 22:19:32,072:INFO:Loaded ./dataset/data/test/RPi2Dump/rpi2_34.bin with shape (1048576,)
2024-06-24 22:19:32,073:INFO:Loaded ./dataset/data/test/RPi2Dump/rpi2_20.bin with shape (1048576,)
2024-06-24 22:19:32,074:INFO:Loaded ./dataset/data/test/RPi2Dump/rpi2_36.bin with shape (1048576,)
2024-06-24 22:19:32,074:INFO:Loaded ./dataset/data/test/RPi2Dump/rpi2_22.bin with shape (1048576,)
2024-06-24 22:19:32,075:INFO:Loaded ./dataset/data/test/RPi2Dump/rpi2_23.bin with shape (1048576,)
2024-06-24 22:19:32,076:INFO:Loaded ./dataset/data/test/RPi2Dump/rpi2_37.bin with shape (1048576,)
2024-06-24 22:19:32,076:INFO:Loaded ./dataset/data/test/RPi2Dump/rpi2_42.bin with shape (1048576,)
2024-06-24 22:19:32,077:INFO:Loaded ./dataset/data/test/RPi2Dump/rpi2_41.bin with shape (1048576,)
2024-06-24 22:19:32,078:INFO:Loaded ./dataset/data/test/RPi2Dump/rpi2_40.bin with shape (1048576,)
2024-06-24 22:19:32,079:INFO:Loaded ./dataset/data/test/RPi2Dump/rpi2_2.bin with shape (1048576,)
2024-06-24 22:19:32,080:INFO:Loaded ./dataset/data/test/RPi2Dump/rpi2_12.bin with shape (1048576,)
2024-06-24 22:19:32,081:INFO:Loaded ./dataset/data/test/RPi2Dump/rpi2_13.bin with shape (1048576,)
2024-06-24 22:19:32,081:INFO:Loaded ./dataset/data/test/RPi2Dump/rpi2_3.bin with shape (1048576,)
2024-06-24 22:19:32,082:INFO:Loaded ./dataset/data/test/RPi2Dump/rpi2_1.bin with shape (1048576,)
2024-06-24 22:19:32,083:INFO:Loaded ./dataset/data/test/RPi2Dump/rpi2_39.bin with shape (1048576,)
2024-06-24 22:19:32,083:INFO:Loaded ./dataset/data/test/RPi2Dump/rpi2_11.bin with shape (1048576,)
2024-06-24 22:19:32,084:INFO:Loaded ./dataset/data/test/RPi2Dump/rpi2_10.bin with shape (1048576,)
2024-06-24 22:19:32,085:INFO:Loaded ./dataset/data/test/RPi2Dump/rpi2_38.bin with shape (1048576,)
2024-06-24 22:19:32,086:INFO:Loaded ./dataset/data/test/RPi2Dump/rpi2_0.bin with shape (1048576,)
2024-06-24 22:19:32,086:INFO:Loaded ./dataset/data/test/RPi2Dump/rpi2_4.bin with shape (1048576,)
2024-06-24 22:19:32,087:INFO:Loaded ./dataset/data/test/RPi2Dump/rpi2_14.bin with shape (1048576,)
2024-06-24 22:19:32,088:INFO:Loaded ./dataset/data/test/RPi2Dump/rpi2_28.bin with shape (1048576,)
2024-06-24 22:19:32,089:INFO:Loaded ./dataset/data/test/RPi2Dump/rpi2_29.bin with shape (1048576,)
2024-06-24 22:19:32,090:INFO:Loaded ./dataset/data/test/RPi2Dump/rpi2_15.bin with shape (1048576,)
2024-06-24 22:19:32,091:INFO:Loaded ./dataset/data/test/RPi2Dump/rpi2_5.bin with shape (1048576,)
2024-06-24 22:19:32,091:INFO:Loaded ./dataset/data/test/RPi2Dump/rpi2_7.bin with shape (1048576,)
2024-06-24 22:19:32,092:INFO:Loaded ./dataset/data/test/RPi2Dump/rpi2_17.bin with shape (1048576,)
2024-06-24 22:19:32,093:INFO:Loaded ./dataset/data/test/RPi2Dump/rpi2_16.bin with shape (1048576,)
2024-06-24 22:19:32,093:INFO:Loaded ./dataset/data/test/RPi2Dump/rpi2_6.bin with shape (1048576,)
2024-06-24 22:19:32,095:INFO:Loaded ./dataset/data/test/RPi3Dump/rpi3_10.bin with shape (1048576,)
2024-06-24 22:19:32,095:INFO:Loaded ./dataset/data/test/RPi3Dump/rpi3_38.bin with shape (1048576,)
2024-06-24 22:19:32,096:INFO:Loaded ./dataset/data/test/RPi3Dump/rpi3_8.bin with shape (1048576,)
2024-06-24 22:19:32,113:INFO:Loaded ./dataset/data/test/RPi3Dump/rpi3_9.bin with shape (1048576,)
2024-06-24 22:19:32,114:INFO:Loaded ./dataset/data/test/RPi3Dump/rpi3_39.bin with shape (1048576,)
2024-06-24 22:19:32,115:INFO:Loaded ./dataset/data/test/RPi3Dump/rpi3_11.bin with shape (1048576,)
2024-06-24 22:19:32,132:INFO:Loaded ./dataset/data/test/RPi3Dump/rpi3_13.bin with shape (1048576,)
2024-06-24 22:19:32,133:INFO:Loaded ./dataset/data/test/RPi3Dump/rpi3_12.bin with shape (1048576,)
2024-06-24 22:19:32,134:INFO:Loaded ./dataset/data/test/RPi3Dump/rpi3_16.bin with shape (1048576,)
2024-06-24 22:19:32,135:INFO:Loaded ./dataset/data/test/RPi3Dump/rpi3_17.bin with shape (1048576,)
2024-06-24 22:19:32,135:INFO:Loaded ./dataset/data/test/RPi3Dump/rpi3_29.bin with shape (1048576,)
2024-06-24 22:19:32,152:INFO:Loaded ./dataset/data/test/RPi3Dump/rpi3_15.bin with shape (1048576,)
2024-06-24 22:19:32,170:INFO:Loaded ./dataset/data/test/RPi3Dump/rpi3_14.bin with shape (1048576,)
2024-06-24 22:19:32,171:INFO:Loaded ./dataset/data/test/RPi3Dump/rpi3_28.bin with shape (1048576,)
2024-06-24 22:19:32,171:INFO:Loaded ./dataset/data/test/RPi3Dump/rpi3_25.bin with shape (1048576,)
2024-06-24 22:19:32,172:INFO:Loaded ./dataset/data/test/RPi3Dump/rpi3_31.bin with shape (1048576,)
2024-06-24 22:19:32,173:INFO:Loaded ./dataset/data/test/RPi3Dump/rpi3_19.bin with shape (1048576,)
2024-06-24 22:19:32,174:INFO:Loaded ./dataset/data/test/RPi3Dump/rpi3_1.bin with shape (1048576,)
2024-06-24 22:19:32,175:INFO:Loaded ./dataset/data/test/RPi3Dump/rpi3_0.bin with shape (1048576,)
2024-06-24 22:19:32,176:INFO:Loaded ./dataset/data/test/RPi3Dump/rpi3_18.bin with shape (1048576,)
2024-06-24 22:19:32,176:INFO:Loaded ./dataset/data/test/RPi3Dump/rpi3_30.bin with shape (1048576,)
2024-06-24 22:19:32,177:INFO:Loaded ./dataset/data/test/RPi3Dump/rpi3_24.bin with shape (1048576,)
2024-06-24 22:19:32,178:INFO:Loaded ./dataset/data/test/RPi3Dump/rpi3_32.bin with shape (1048576,)
2024-06-24 22:19:32,179:INFO:Loaded ./dataset/data/test/RPi3Dump/rpi3_26.bin with shape (1048576,)
2024-06-24 22:19:32,179:INFO:Loaded ./dataset/data/test/RPi3Dump/rpi3_2.bin with shape (1048576,)
2024-06-24 22:19:32,180:INFO:Loaded ./dataset/data/test/RPi3Dump/rpi3_3.bin with shape (1048576,)
2024-06-24 22:19:32,181:INFO:Loaded ./dataset/data/test/RPi3Dump/rpi3_27.bin with shape (1048576,)
2024-06-24 22:19:32,182:INFO:Loaded ./dataset/data/test/RPi3Dump/rpi3_33.bin with shape (1048576,)
2024-06-24 22:19:32,182:INFO:Loaded ./dataset/data/test/RPi3Dump/rpi3_37.bin with shape (1048576,)
2024-06-24 22:19:32,183:INFO:Loaded ./dataset/data/test/RPi3Dump/rpi3_23.bin with shape (1048576,)
2024-06-24 22:19:32,184:INFO:Loaded ./dataset/data/test/RPi3Dump/rpi3_7.bin with shape (1048576,)
2024-06-24 22:19:32,185:INFO:Loaded ./dataset/data/test/RPi3Dump/rpi3_6.bin with shape (1048576,)
2024-06-24 22:19:32,186:INFO:Loaded ./dataset/data/test/RPi3Dump/rpi3_22.bin with shape (1048576,)
2024-06-24 22:19:32,186:INFO:Loaded ./dataset/data/test/RPi3Dump/rpi3_36.bin with shape (1048576,)
2024-06-24 22:19:32,187:INFO:Loaded ./dataset/data/test/RPi3Dump/rpi3_20.bin with shape (1048576,)
2024-06-24 22:19:32,188:INFO:Loaded ./dataset/data/test/RPi3Dump/rpi3_34.bin with shape (1048576,)
2024-06-24 22:19:32,189:INFO:Loaded ./dataset/data/test/RPi3Dump/rpi3_4.bin with shape (1048576,)
2024-06-24 22:19:32,190:INFO:Loaded ./dataset/data/test/RPi3Dump/rpi3_5.bin with shape (1048576,)
2024-06-24 22:19:32,191:INFO:Loaded ./dataset/data/test/RPi3Dump/rpi3_35.bin with shape (1048576,)
2024-06-24 22:19:32,191:INFO:Loaded ./dataset/data/test/RPi3Dump/rpi3_21.bin with shape (1048576,)
2024-06-24 22:19:32,192:INFO:Loaded ./dataset/data/test/RPi3Dump/rpi3_40.bin with shape (1048576,)
2024-06-24 22:19:32,209:INFO:Loaded ./dataset/data/test/RPi3Dump/rpi3_41.bin with shape (1048576,)
2024-06-24 22:19:32,210:INFO:Loaded ./dataset/data/test/RPi3Dump/rpi3_42.bin with shape (1048576,)
2024-06-24 22:20:32,051:INFO:Time taken to create and train the SVM model: 59.61 seconds
2024-06-24 22:20:32,972:INFO:Validation Accuracy: 100.00%
2024-06-24 22:20:32,973:INFO:Validation Precision: 100.00%
2024-06-24 22:20:32,973:INFO:Validation Recall: 100.00%
2024-06-24 22:20:32,973:INFO:Validation F1 Score: 100.00%
2024-06-24 22:20:38,395:INFO:Test Accuracy: 100.00%
2024-06-24 22:20:38,395:INFO:Test Precision: 100.00%
2024-06-24 22:20:38,395:INFO:Test Recall: 100.00%
2024-06-24 22:20:38,395:INFO:Test F1 Score: 100.00%
2024-06-24 22:20:38,395:INFO:Average Confidence: 99.73%
2024-06-24 22:20:38,395:INFO:Instance 0: Confidence = 99.85%
2024-06-24 22:20:38,395:INFO:Instance 1: Confidence = 99.85%
2024-06-24 22:20:38,395:INFO:Instance 2: Confidence = 99.85%
2024-06-24 22:20:38,395:INFO:Instance 3: Confidence = 99.85%
2024-06-24 22:20:38,395:INFO:Instance 4: Confidence = 99.85%
2024-06-24 22:20:38,395:INFO:Instance 5: Confidence = 99.85%
2024-06-24 22:20:38,395:INFO:Instance 6: Confidence = 99.85%
2024-06-24 22:20:38,395:INFO:Instance 7: Confidence = 99.85%
2024-06-24 22:20:38,395:INFO:Instance 8: Confidence = 99.85%
2024-06-24 22:20:38,395:INFO:Instance 9: Confidence = 99.85%
2024-06-24 22:20:38,395:INFO:Instance 10: Confidence = 99.85%
2024-06-24 22:20:38,395:INFO:Instance 11: Confidence = 99.85%
2024-06-24 22:20:38,396:INFO:Instance 12: Confidence = 99.85%
2024-06-24 22:20:38,396:INFO:Instance 13: Confidence = 99.85%
2024-06-24 22:20:38,396:INFO:Instance 14: Confidence = 99.85%
2024-06-24 22:20:38,396:INFO:Instance 15: Confidence = 99.85%
2024-06-24 22:20:38,396:INFO:Instance 16: Confidence = 99.85%
2024-06-24 22:20:38,396:INFO:Instance 17: Confidence = 99.85%
2024-06-24 22:20:38,396:INFO:Instance 18: Confidence = 99.85%
2024-06-24 22:20:38,396:INFO:Instance 19: Confidence = 99.85%
2024-06-24 22:20:38,396:INFO:Instance 20: Confidence = 99.85%
2024-06-24 22:20:38,396:INFO:Instance 21: Confidence = 99.85%
2024-06-24 22:20:38,396:INFO:Instance 22: Confidence = 99.85%
2024-06-24 22:20:38,396:INFO:Instance 23: Confidence = 99.85%
2024-06-24 22:20:38,396:INFO:Instance 24: Confidence = 99.85%
2024-06-24 22:20:38,396:INFO:Instance 25: Confidence = 99.85%
2024-06-24 22:20:38,396:INFO:Instance 26: Confidence = 99.85%
2024-06-24 22:20:38,396:INFO:Instance 27: Confidence = 99.85%
2024-06-24 22:20:38,396:INFO:Instance 28: Confidence = 99.85%
2024-06-24 22:20:38,396:INFO:Instance 29: Confidence = 99.85%
2024-06-24 22:20:38,396:INFO:Instance 30: Confidence = 99.85%
2024-06-24 22:20:38,396:INFO:Instance 31: Confidence = 99.85%
2024-06-24 22:20:38,396:INFO:Instance 32: Confidence = 99.85%
2024-06-24 22:20:38,396:INFO:Instance 33: Confidence = 99.85%
2024-06-24 22:20:38,396:INFO:Instance 34: Confidence = 99.85%
2024-06-24 22:20:38,396:INFO:Instance 35: Confidence = 99.85%
2024-06-24 22:20:38,396:INFO:Instance 36: Confidence = 99.85%
2024-06-24 22:20:38,396:INFO:Instance 37: Confidence = 99.85%
2024-06-24 22:20:38,397:INFO:Instance 38: Confidence = 99.85%
2024-06-24 22:20:38,397:INFO:Instance 39: Confidence = 99.85%
2024-06-24 22:20:38,397:INFO:Instance 40: Confidence = 99.85%
2024-06-24 22:20:38,397:INFO:Instance 41: Confidence = 99.85%
2024-06-24 22:20:38,397:INFO:Instance 42: Confidence = 99.85%
2024-06-24 22:20:38,397:INFO:Instance 43: Confidence = 99.69%
2024-06-24 22:20:38,397:INFO:Instance 44: Confidence = 99.69%
2024-06-24 22:20:38,397:INFO:Instance 45: Confidence = 99.69%
2024-06-24 22:20:38,397:INFO:Instance 46: Confidence = 99.69%
2024-06-24 22:20:38,397:INFO:Instance 47: Confidence = 99.69%
2024-06-24 22:20:38,397:INFO:Instance 48: Confidence = 99.69%
2024-06-24 22:20:38,397:INFO:Instance 49: Confidence = 99.69%
2024-06-24 22:20:38,397:INFO:Instance 50: Confidence = 99.69%
2024-06-24 22:20:38,397:INFO:Instance 51: Confidence = 99.69%
2024-06-24 22:20:38,397:INFO:Instance 52: Confidence = 99.69%
2024-06-24 22:20:38,397:INFO:Instance 53: Confidence = 99.69%
2024-06-24 22:20:38,398:INFO:Instance 54: Confidence = 99.69%
2024-06-24 22:20:38,398:INFO:Instance 55: Confidence = 99.69%
2024-06-24 22:20:38,398:INFO:Instance 56: Confidence = 99.69%
2024-06-24 22:20:38,398:INFO:Instance 57: Confidence = 99.69%
2024-06-24 22:20:38,398:INFO:Instance 58: Confidence = 99.69%
2024-06-24 22:20:38,398:INFO:Instance 59: Confidence = 99.69%
2024-06-24 22:20:38,398:INFO:Instance 60: Confidence = 99.69%
2024-06-24 22:20:38,398:INFO:Instance 61: Confidence = 99.69%
2024-06-24 22:20:38,398:INFO:Instance 62: Confidence = 99.69%
2024-06-24 22:20:38,398:INFO:Instance 63: Confidence = 99.69%
2024-06-24 22:20:38,398:INFO:Instance 64: Confidence = 99.69%
2024-06-24 22:20:38,398:INFO:Instance 65: Confidence = 99.69%
2024-06-24 22:20:38,398:INFO:Instance 66: Confidence = 99.70%
2024-06-24 22:20:38,398:INFO:Instance 67: Confidence = 99.69%
2024-06-24 22:20:38,398:INFO:Instance 68: Confidence = 99.69%
2024-06-24 22:20:38,398:INFO:Instance 69: Confidence = 99.70%
2024-06-24 22:20:38,398:INFO:Instance 70: Confidence = 99.70%
2024-06-24 22:20:38,398:INFO:Instance 71: Confidence = 99.69%
2024-06-24 22:20:38,398:INFO:Instance 72: Confidence = 99.69%
2024-06-24 22:20:38,398:INFO:Instance 73: Confidence = 99.69%
2024-06-24 22:20:38,398:INFO:Instance 74: Confidence = 99.69%
2024-06-24 22:20:38,398:INFO:Instance 75: Confidence = 99.70%
2024-06-24 22:20:38,398:INFO:Instance 76: Confidence = 99.69%
2024-06-24 22:20:38,398:INFO:Instance 77: Confidence = 99.69%
2024-06-24 22:20:38,398:INFO:Instance 78: Confidence = 99.69%
2024-06-24 22:20:38,398:INFO:Instance 79: Confidence = 99.69%
2024-06-24 22:20:38,398:INFO:Instance 80: Confidence = 99.69%
2024-06-24 22:20:38,398:INFO:Instance 81: Confidence = 99.69%
2024-06-24 22:20:38,398:INFO:Instance 82: Confidence = 99.69%
2024-06-24 22:20:38,398:INFO:Instance 83: Confidence = 99.69%
2024-06-24 22:20:38,399:INFO:Instance 84: Confidence = 99.69%
2024-06-24 22:20:38,399:INFO:Instance 85: Confidence = 99.69%
2024-06-24 22:20:38,399:INFO:Instance 86: Confidence = 99.65%
2024-06-24 22:20:38,399:INFO:Instance 87: Confidence = 99.65%
2024-06-24 22:20:38,399:INFO:Instance 88: Confidence = 99.65%
2024-06-24 22:20:38,399:INFO:Instance 89: Confidence = 99.65%
2024-06-24 22:20:38,399:INFO:Instance 90: Confidence = 99.65%
2024-06-24 22:20:38,399:INFO:Instance 91: Confidence = 99.65%
2024-06-24 22:20:38,399:INFO:Instance 92: Confidence = 99.64%
2024-06-24 22:20:38,399:INFO:Instance 93: Confidence = 99.65%
2024-06-24 22:20:38,399:INFO:Instance 94: Confidence = 99.65%
2024-06-24 22:20:38,399:INFO:Instance 95: Confidence = 99.65%
2024-06-24 22:20:38,399:INFO:Instance 96: Confidence = 99.65%
2024-06-24 22:20:38,399:INFO:Instance 97: Confidence = 99.65%
2024-06-24 22:20:38,399:INFO:Instance 98: Confidence = 99.65%
2024-06-24 22:20:38,399:INFO:Instance 99: Confidence = 99.65%
2024-06-24 22:20:38,399:INFO:Instance 100: Confidence = 99.65%
2024-06-24 22:20:38,399:INFO:Instance 101: Confidence = 99.65%
2024-06-24 22:20:38,399:INFO:Instance 102: Confidence = 99.65%
2024-06-24 22:20:38,399:INFO:Instance 103: Confidence = 99.65%
2024-06-24 22:20:38,399:INFO:Instance 104: Confidence = 99.65%
2024-06-24 22:20:38,399:INFO:Instance 105: Confidence = 99.65%
2024-06-24 22:20:38,399:INFO:Instance 106: Confidence = 99.65%
2024-06-24 22:20:38,399:INFO:Instance 107: Confidence = 99.65%
2024-06-24 22:20:38,399:INFO:Instance 108: Confidence = 99.65%
2024-06-24 22:20:38,399:INFO:Instance 109: Confidence = 99.65%
2024-06-24 22:20:38,399:INFO:Instance 110: Confidence = 99.65%
2024-06-24 22:20:38,399:INFO:Instance 111: Confidence = 99.65%
2024-06-24 22:20:38,399:INFO:Instance 112: Confidence = 99.65%
2024-06-24 22:20:38,399:INFO:Instance 113: Confidence = 99.65%
2024-06-24 22:20:38,399:INFO:Instance 114: Confidence = 99.65%
2024-06-24 22:20:38,399:INFO:Instance 115: Confidence = 99.65%
2024-06-24 22:20:38,399:INFO:Instance 116: Confidence = 99.65%
2024-06-24 22:20:38,399:INFO:Instance 117: Confidence = 99.65%
2024-06-24 22:20:38,400:INFO:Instance 118: Confidence = 99.65%
2024-06-24 22:20:38,400:INFO:Instance 119: Confidence = 99.65%
2024-06-24 22:20:38,400:INFO:Instance 120: Confidence = 99.65%
2024-06-24 22:20:38,400:INFO:Instance 121: Confidence = 99.65%
2024-06-24 22:20:38,400:INFO:Instance 122: Confidence = 99.65%
2024-06-24 22:20:38,401:INFO:Instance 123: Confidence = 99.65%
2024-06-24 22:20:38,401:INFO:Instance 124: Confidence = 99.65%
2024-06-24 22:20:38,401:INFO:Instance 125: Confidence = 99.65%
2024-06-24 22:20:38,401:INFO:Instance 126: Confidence = 99.65%
2024-06-24 22:20:38,401:INFO:Instance 127: Confidence = 99.65%
2024-06-24 22:20:38,401:INFO:Instance 128: Confidence = 99.65%
2024-06-24 22:20:39,813:INFO:Compressed model saved to model-trained-with-all-30-.pkl
