2024-06-24 21:29:18,590:INFO:Loaded ./dataset/data/RPi1Dump/rpi1_15.bin with shape (1048576,)
2024-06-24 21:29:18,590:INFO:Loaded ./dataset/data/RPi1Dump/rpi1_29.bin with shape (1048576,)
2024-06-24 21:29:18,591:INFO:Loaded ./dataset/data/RPi1Dump/rpi1_28.bin with shape (1048576,)
2024-06-24 21:29:18,591:INFO:Loaded ./dataset/data/RPi1Dump/rpi1_16.bin with shape (1048576,)
2024-06-24 21:29:18,591:INFO:Loaded ./dataset/data/RPi1Dump/rpi1_9.bin with shape (1048576,)
2024-06-24 21:29:18,591:INFO:Loaded ./dataset/data/RPi1Dump/rpi1_8.bin with shape (1048576,)
2024-06-24 21:29:18,592:INFO:Loaded ./dataset/data/RPi1Dump/rpi1_17.bin with shape (1048576,)
2024-06-24 21:29:18,592:INFO:Loaded ./dataset/data/RPi1Dump/rpi1_13.bin with shape (1048576,)
2024-06-24 21:29:18,592:INFO:Loaded ./dataset/data/RPi1Dump/rpi1_12.bin with shape (1048576,)
2024-06-24 21:29:18,592:INFO:Loaded ./dataset/data/RPi1Dump/rpi1_38.bin with shape (1048576,)
2024-06-24 21:29:18,592:INFO:Loaded ./dataset/data/RPi1Dump/rpi1_10.bin with shape (1048576,)
2024-06-24 21:29:18,593:INFO:Loaded ./dataset/data/RPi1Dump/rpi1_11.bin with shape (1048576,)
2024-06-24 21:29:18,593:INFO:Loaded ./dataset/data/RPi1Dump/rpi1_39.bin with shape (1048576,)
2024-06-24 21:29:18,593:INFO:Loaded ./dataset/data/RPi1Dump/rpi1_20.bin with shape (1048576,)
2024-06-24 21:29:18,593:INFO:Loaded ./dataset/data/RPi1Dump/rpi1_34.bin with shape (1048576,)
2024-06-24 21:29:18,593:INFO:Loaded ./dataset/data/RPi1Dump/rpi1_2.bin with shape (1048576,)
2024-06-24 21:29:18,594:INFO:Loaded ./dataset/data/RPi1Dump/rpi1_35.bin with shape (1048576,)
2024-06-24 21:29:18,594:INFO:Loaded ./dataset/data/RPi1Dump/rpi1_37.bin with shape (1048576,)
2024-06-24 21:29:18,594:INFO:Loaded ./dataset/data/RPi1Dump/rpi1_23.bin with shape (1048576,)
2024-06-24 21:29:18,594:INFO:Loaded ./dataset/data/RPi1Dump/rpi1_1.bin with shape (1048576,)
2024-06-24 21:29:18,594:INFO:Loaded ./dataset/data/RPi1Dump/rpi1_22.bin with shape (1048576,)
2024-06-24 21:29:18,595:INFO:Loaded ./dataset/data/RPi1Dump/rpi1_36.bin with shape (1048576,)
2024-06-24 21:29:18,595:INFO:Loaded ./dataset/data/RPi1Dump/rpi1_26.bin with shape (1048576,)
2024-06-24 21:29:18,595:INFO:Loaded ./dataset/data/RPi1Dump/rpi1_4.bin with shape (1048576,)
2024-06-24 21:29:18,595:INFO:Loaded ./dataset/data/RPi1Dump/rpi1_27.bin with shape (1048576,)
2024-06-24 21:29:18,596:INFO:Loaded ./dataset/data/RPi1Dump/rpi1_33.bin with shape (1048576,)
2024-06-24 21:29:18,596:INFO:Loaded ./dataset/data/RPi1Dump/rpi1_19.bin with shape (1048576,)
2024-06-24 21:29:18,600:INFO:Loaded ./dataset/data/RPi1Dump/rpi1_25.bin with shape (1048576,)
2024-06-24 21:29:18,601:INFO:Loaded ./dataset/data/RPi1Dump/rpi1_31.bin with shape (1048576,)
2024-06-24 21:29:18,601:INFO:Loaded ./dataset/data/RPi1Dump/rpi1_6.bin with shape (1048576,)
2024-06-24 21:29:18,601:INFO:Loaded ./dataset/data/RPi1Dump/rpi1_7.bin with shape (1048576,)
2024-06-24 21:29:18,602:INFO:Loaded ./dataset/data/RPi1Dump/rpi1_30.bin with shape (1048576,)
2024-06-24 21:29:18,602:INFO:Loaded ./dataset/data/RPi1Dump/rpi1_24.bin with shape (1048576,)
2024-06-24 21:29:18,602:INFO:Loaded ./dataset/data/RPi1Dump/rpi1_42.bin with shape (1048576,)
2024-06-24 21:29:18,603:INFO:Loaded ./dataset/data/RPi1Dump/rpi1_40.bin with shape (1048576,)
2024-06-24 21:29:18,604:INFO:Loaded ./dataset/data/RPi2Dump/rpi2_33.bin with shape (1048576,)
2024-06-24 21:29:18,604:INFO:Loaded ./dataset/data/RPi2Dump/rpi2_27.bin with shape (1048576,)
2024-06-24 21:29:18,604:INFO:Loaded ./dataset/data/RPi2Dump/rpi2_26.bin with shape (1048576,)
2024-06-24 21:29:18,605:INFO:Loaded ./dataset/data/RPi2Dump/rpi2_8.bin with shape (1048576,)
2024-06-24 21:29:18,606:INFO:Loaded ./dataset/data/RPi2Dump/rpi2_18.bin with shape (1048576,)
2024-06-24 21:29:18,606:INFO:Loaded ./dataset/data/RPi2Dump/rpi2_24.bin with shape (1048576,)
2024-06-24 21:29:18,608:INFO:Loaded ./dataset/data/RPi2Dump/rpi2_30.bin with shape (1048576,)
2024-06-24 21:29:18,608:INFO:Loaded ./dataset/data/RPi2Dump/rpi2_31.bin with shape (1048576,)
2024-06-24 21:29:18,609:INFO:Loaded ./dataset/data/RPi2Dump/rpi2_25.bin with shape (1048576,)
2024-06-24 21:29:18,609:INFO:Loaded ./dataset/data/RPi2Dump/rpi2_19.bin with shape (1048576,)
2024-06-24 21:29:18,612:INFO:Loaded ./dataset/data/RPi2Dump/rpi2_21.bin with shape (1048576,)
2024-06-24 21:29:18,614:INFO:Loaded ./dataset/data/RPi2Dump/rpi2_35.bin with shape (1048576,)
2024-06-24 21:29:18,615:INFO:Loaded ./dataset/data/RPi2Dump/rpi2_34.bin with shape (1048576,)
2024-06-24 21:29:18,616:INFO:Loaded ./dataset/data/RPi2Dump/rpi2_20.bin with shape (1048576,)
2024-06-24 21:29:18,616:INFO:Loaded ./dataset/data/RPi2Dump/rpi2_36.bin with shape (1048576,)
2024-06-24 21:29:18,617:INFO:Loaded ./dataset/data/RPi2Dump/rpi2_22.bin with shape (1048576,)
2024-06-24 21:29:18,617:INFO:Loaded ./dataset/data/RPi2Dump/rpi2_42.bin with shape (1048576,)
2024-06-24 21:29:18,617:INFO:Loaded ./dataset/data/RPi2Dump/rpi2_41.bin with shape (1048576,)
2024-06-24 21:29:18,617:INFO:Loaded ./dataset/data/RPi2Dump/rpi2_12.bin with shape (1048576,)
2024-06-24 21:29:18,618:INFO:Loaded ./dataset/data/RPi2Dump/rpi2_13.bin with shape (1048576,)
2024-06-24 21:29:18,618:INFO:Loaded ./dataset/data/RPi2Dump/rpi2_3.bin with shape (1048576,)
2024-06-24 21:29:18,619:INFO:Loaded ./dataset/data/RPi2Dump/rpi2_1.bin with shape (1048576,)
2024-06-24 21:29:18,619:INFO:Loaded ./dataset/data/RPi2Dump/rpi2_39.bin with shape (1048576,)
2024-06-24 21:29:18,619:INFO:Loaded ./dataset/data/RPi2Dump/rpi2_11.bin with shape (1048576,)
2024-06-24 21:29:18,620:INFO:Loaded ./dataset/data/RPi2Dump/rpi2_10.bin with shape (1048576,)
2024-06-24 21:29:18,620:INFO:Loaded ./dataset/data/RPi2Dump/rpi2_38.bin with shape (1048576,)
2024-06-24 21:29:18,620:INFO:Loaded ./dataset/data/RPi2Dump/rpi2_0.bin with shape (1048576,)
2024-06-24 21:29:18,620:INFO:Loaded ./dataset/data/RPi2Dump/rpi2_4.bin with shape (1048576,)
2024-06-24 21:29:18,621:INFO:Loaded ./dataset/data/RPi2Dump/rpi2_14.bin with shape (1048576,)
2024-06-24 21:29:18,621:INFO:Loaded ./dataset/data/RPi2Dump/rpi2_29.bin with shape (1048576,)
2024-06-24 21:29:18,622:INFO:Loaded ./dataset/data/RPi2Dump/rpi2_15.bin with shape (1048576,)
2024-06-24 21:29:18,622:INFO:Loaded ./dataset/data/RPi2Dump/rpi2_7.bin with shape (1048576,)
2024-06-24 21:29:18,622:INFO:Loaded ./dataset/data/RPi2Dump/rpi2_17.bin with shape (1048576,)
2024-06-24 21:29:18,623:INFO:Loaded ./dataset/data/RPi2Dump/rpi2_16.bin with shape (1048576,)
2024-06-24 21:29:18,625:INFO:Loaded ./dataset/data/RPi2Dump/rpi2_6.bin with shape (1048576,)
2024-06-24 21:29:18,627:INFO:Loaded ./dataset/data/RPi3Dump/rpi3_10.bin with shape (1048576,)
2024-06-24 21:29:18,627:INFO:Loaded ./dataset/data/RPi3Dump/rpi3_38.bin with shape (1048576,)
2024-06-24 21:29:18,627:INFO:Loaded ./dataset/data/RPi3Dump/rpi3_8.bin with shape (1048576,)
2024-06-24 21:29:18,628:INFO:Loaded ./dataset/data/RPi3Dump/rpi3_39.bin with shape (1048576,)
2024-06-24 21:29:18,628:INFO:Loaded ./dataset/data/RPi3Dump/rpi3_11.bin with shape (1048576,)
2024-06-24 21:29:18,628:INFO:Loaded ./dataset/data/RPi3Dump/rpi3_13.bin with shape (1048576,)
2024-06-24 21:29:18,628:INFO:Loaded ./dataset/data/RPi3Dump/rpi3_12.bin with shape (1048576,)
2024-06-24 21:29:18,629:INFO:Loaded ./dataset/data/RPi3Dump/rpi3_17.bin with shape (1048576,)
2024-06-24 21:29:18,629:INFO:Loaded ./dataset/data/RPi3Dump/rpi3_29.bin with shape (1048576,)
2024-06-24 21:29:18,629:INFO:Loaded ./dataset/data/RPi3Dump/rpi3_15.bin with shape (1048576,)
2024-06-24 21:29:18,630:INFO:Loaded ./dataset/data/RPi3Dump/rpi3_14.bin with shape (1048576,)
2024-06-24 21:29:18,631:INFO:Loaded ./dataset/data/RPi3Dump/rpi3_28.bin with shape (1048576,)
2024-06-24 21:29:18,631:INFO:Loaded ./dataset/data/RPi3Dump/rpi3_25.bin with shape (1048576,)
2024-06-24 21:29:18,632:INFO:Loaded ./dataset/data/RPi3Dump/rpi3_31.bin with shape (1048576,)
2024-06-24 21:29:18,632:INFO:Loaded ./dataset/data/RPi3Dump/rpi3_19.bin with shape (1048576,)
2024-06-24 21:29:18,632:INFO:Loaded ./dataset/data/RPi3Dump/rpi3_1.bin with shape (1048576,)
2024-06-24 21:29:18,632:INFO:Loaded ./dataset/data/RPi3Dump/rpi3_0.bin with shape (1048576,)
2024-06-24 21:29:18,633:INFO:Loaded ./dataset/data/RPi3Dump/rpi3_18.bin with shape (1048576,)
2024-06-24 21:29:18,633:INFO:Loaded ./dataset/data/RPi3Dump/rpi3_24.bin with shape (1048576,)
2024-06-24 21:29:18,633:INFO:Loaded ./dataset/data/RPi3Dump/rpi3_32.bin with shape (1048576,)
2024-06-24 21:29:18,633:INFO:Loaded ./dataset/data/RPi3Dump/rpi3_26.bin with shape (1048576,)
2024-06-24 21:29:18,634:INFO:Loaded ./dataset/data/RPi3Dump/rpi3_2.bin with shape (1048576,)
2024-06-24 21:29:18,634:INFO:Loaded ./dataset/data/RPi3Dump/rpi3_3.bin with shape (1048576,)
2024-06-24 21:29:18,634:INFO:Loaded ./dataset/data/RPi3Dump/rpi3_33.bin with shape (1048576,)
2024-06-24 21:29:18,634:INFO:Loaded ./dataset/data/RPi3Dump/rpi3_23.bin with shape (1048576,)
2024-06-24 21:29:18,635:INFO:Loaded ./dataset/data/RPi3Dump/rpi3_7.bin with shape (1048576,)
2024-06-24 21:29:18,635:INFO:Loaded ./dataset/data/RPi3Dump/rpi3_22.bin with shape (1048576,)
2024-06-24 21:29:18,635:INFO:Loaded ./dataset/data/RPi3Dump/rpi3_36.bin with shape (1048576,)
2024-06-24 21:29:18,635:INFO:Loaded ./dataset/data/RPi3Dump/rpi3_34.bin with shape (1048576,)
2024-06-24 21:29:18,636:INFO:Loaded ./dataset/data/RPi3Dump/rpi3_5.bin with shape (1048576,)
2024-06-24 21:29:18,636:INFO:Loaded ./dataset/data/RPi3Dump/rpi3_35.bin with shape (1048576,)
2024-06-24 21:29:18,636:INFO:Loaded ./dataset/data/RPi3Dump/rpi3_21.bin with shape (1048576,)
2024-06-24 21:29:18,636:INFO:Loaded ./dataset/data/RPi3Dump/rpi3_40.bin with shape (1048576,)
2024-06-24 21:29:18,637:INFO:Loaded ./dataset/data/RPi3Dump/rpi3_41.bin with shape (1048576,)
2024-06-24 21:29:18,637:INFO:Loaded ./dataset/data/RPi3Dump/rpi3_42.bin with shape (1048576,)
2024-06-24 21:29:18,662:INFO:Loaded ./dataset/data/test/RPi1Dump/rpi1_14.bin with shape (1048576,)
2024-06-24 21:29:18,662:INFO:Loaded ./dataset/data/test/RPi1Dump/rpi1_3.bin with shape (1048576,)
2024-06-24 21:29:18,663:INFO:Loaded ./dataset/data/test/RPi1Dump/rpi1_21.bin with shape (1048576,)
2024-06-24 21:29:18,664:INFO:Loaded ./dataset/data/test/RPi1Dump/rpi1_0.bin with shape (1048576,)
2024-06-24 21:29:18,664:INFO:Loaded ./dataset/data/test/RPi1Dump/rpi1_32.bin with shape (1048576,)
2024-06-24 21:29:18,665:INFO:Loaded ./dataset/data/test/RPi1Dump/rpi1_5.bin with shape (1048576,)
2024-06-24 21:29:18,666:INFO:Loaded ./dataset/data/test/RPi1Dump/rpi1_18.bin with shape (1048576,)
2024-06-24 21:29:18,667:INFO:Loaded ./dataset/data/test/RPi1Dump/rpi1_41.bin with shape (1048576,)
2024-06-24 21:29:18,668:INFO:Loaded ./dataset/data/test/RPi2Dump/rpi2_32.bin with shape (1048576,)
2024-06-24 21:29:18,669:INFO:Loaded ./dataset/data/test/RPi2Dump/rpi2_9.bin with shape (1048576,)
2024-06-24 21:29:18,670:INFO:Loaded ./dataset/data/test/RPi2Dump/rpi2_23.bin with shape (1048576,)
2024-06-24 21:29:18,670:INFO:Loaded ./dataset/data/test/RPi2Dump/rpi2_37.bin with shape (1048576,)
2024-06-24 21:29:18,671:INFO:Loaded ./dataset/data/test/RPi2Dump/rpi2_40.bin with shape (1048576,)
2024-06-24 21:29:18,672:INFO:Loaded ./dataset/data/test/RPi2Dump/rpi2_2.bin with shape (1048576,)
2024-06-24 21:29:18,672:INFO:Loaded ./dataset/data/test/RPi2Dump/rpi2_28.bin with shape (1048576,)
2024-06-24 21:29:18,673:INFO:Loaded ./dataset/data/test/RPi2Dump/rpi2_5.bin with shape (1048576,)
2024-06-24 21:29:18,691:INFO:Loaded ./dataset/data/test/RPi3Dump/rpi3_9.bin with shape (1048576,)
2024-06-24 21:29:18,692:INFO:Loaded ./dataset/data/test/RPi3Dump/rpi3_16.bin with shape (1048576,)
2024-06-24 21:29:18,693:INFO:Loaded ./dataset/data/test/RPi3Dump/rpi3_30.bin with shape (1048576,)
2024-06-24 21:29:18,694:INFO:Loaded ./dataset/data/test/RPi3Dump/rpi3_27.bin with shape (1048576,)
2024-06-24 21:29:18,694:INFO:Loaded ./dataset/data/test/RPi3Dump/rpi3_37.bin with shape (1048576,)
2024-06-24 21:29:18,695:INFO:Loaded ./dataset/data/test/RPi3Dump/rpi3_6.bin with shape (1048576,)
2024-06-24 21:29:18,696:INFO:Loaded ./dataset/data/test/RPi3Dump/rpi3_20.bin with shape (1048576,)
2024-06-24 21:29:18,697:INFO:Loaded ./dataset/data/test/RPi3Dump/rpi3_4.bin with shape (1048576,)
2024-06-24 21:29:26,806:INFO:Time taken to create and train the SVM model: 8.09 seconds
2024-06-24 21:29:26,964:INFO:Validation Accuracy: 100.00%
2024-06-24 21:29:26,964:INFO:Validation Precision: 100.00%
2024-06-24 21:29:26,964:INFO:Validation Recall: 100.00%
2024-06-24 21:29:26,964:INFO:Validation F1 Score: 100.00%
2024-06-24 21:29:27,444:INFO:Test Accuracy: 100.00%
2024-06-24 21:29:27,444:INFO:Test Precision: 100.00%
2024-06-24 21:29:27,445:INFO:Test Recall: 100.00%
2024-06-24 21:29:27,445:INFO:Test F1 Score: 100.00%
2024-06-24 21:29:27,445:INFO:Average Confidence: 94.29%
2024-06-24 21:29:27,445:INFO:Instance 0: Confidence = 93.81%
2024-06-24 21:29:27,445:INFO:Instance 1: Confidence = 93.87%
2024-06-24 21:29:27,445:INFO:Instance 2: Confidence = 93.85%
2024-06-24 21:29:27,445:INFO:Instance 3: Confidence = 93.75%
2024-06-24 21:29:27,445:INFO:Instance 4: Confidence = 93.87%
2024-06-24 21:29:27,445:INFO:Instance 5: Confidence = 93.87%
2024-06-24 21:29:27,446:INFO:Instance 6: Confidence = 93.85%
2024-06-24 21:29:27,446:INFO:Instance 7: Confidence = 93.86%
2024-06-24 21:29:27,446:INFO:Instance 8: Confidence = 94.38%
2024-06-24 21:29:27,446:INFO:Instance 9: Confidence = 94.35%
2024-06-24 21:29:27,446:INFO:Instance 10: Confidence = 94.38%
2024-06-24 21:29:27,446:INFO:Instance 11: Confidence = 94.38%
2024-06-24 21:29:27,446:INFO:Instance 12: Confidence = 94.36%
2024-06-24 21:29:27,446:INFO:Instance 13: Confidence = 94.42%
2024-06-24 21:29:27,446:INFO:Instance 14: Confidence = 94.38%
2024-06-24 21:29:27,446:INFO:Instance 15: Confidence = 94.38%
2024-06-24 21:29:27,446:INFO:Instance 16: Confidence = 94.64%
2024-06-24 21:29:27,446:INFO:Instance 17: Confidence = 94.64%
2024-06-24 21:29:27,446:INFO:Instance 18: Confidence = 94.63%
2024-06-24 21:29:27,446:INFO:Instance 19: Confidence = 94.63%
2024-06-24 21:29:27,446:INFO:Instance 20: Confidence = 94.63%
2024-06-24 21:29:27,446:INFO:Instance 21: Confidence = 94.64%
2024-06-24 21:29:27,446:INFO:Instance 22: Confidence = 94.64%
2024-06-24 21:29:27,446:INFO:Instance 23: Confidence = 94.64%
2024-06-24 21:29:28,153:INFO:Compressed model saved to model.pkl
2024-06-24 21:30:48,818:INFO:Loaded ./dataset/data/RPi1Dump/rpi1_15.bin with shape (1048576,)
2024-06-24 21:30:48,818:INFO:Loaded ./dataset/data/RPi1Dump/rpi1_29.bin with shape (1048576,)
2024-06-24 21:30:48,819:INFO:Loaded ./dataset/data/RPi1Dump/rpi1_28.bin with shape (1048576,)
2024-06-24 21:30:48,819:INFO:Loaded ./dataset/data/RPi1Dump/rpi1_16.bin with shape (1048576,)
2024-06-24 21:30:48,819:INFO:Loaded ./dataset/data/RPi1Dump/rpi1_9.bin with shape (1048576,)
2024-06-24 21:30:48,819:INFO:Loaded ./dataset/data/RPi1Dump/rpi1_8.bin with shape (1048576,)
2024-06-24 21:30:48,819:INFO:Loaded ./dataset/data/RPi1Dump/rpi1_17.bin with shape (1048576,)
2024-06-24 21:30:48,819:INFO:Loaded ./dataset/data/RPi1Dump/rpi1_13.bin with shape (1048576,)
2024-06-24 21:30:48,820:INFO:Loaded ./dataset/data/RPi1Dump/rpi1_12.bin with shape (1048576,)
2024-06-24 21:30:48,820:INFO:Loaded ./dataset/data/RPi1Dump/rpi1_38.bin with shape (1048576,)
2024-06-24 21:30:48,820:INFO:Loaded ./dataset/data/RPi1Dump/rpi1_10.bin with shape (1048576,)
2024-06-24 21:30:48,820:INFO:Loaded ./dataset/data/RPi1Dump/rpi1_11.bin with shape (1048576,)
2024-06-24 21:30:48,820:INFO:Loaded ./dataset/data/RPi1Dump/rpi1_39.bin with shape (1048576,)
2024-06-24 21:30:48,821:INFO:Loaded ./dataset/data/RPi1Dump/rpi1_20.bin with shape (1048576,)
2024-06-24 21:30:48,821:INFO:Loaded ./dataset/data/RPi1Dump/rpi1_34.bin with shape (1048576,)
2024-06-24 21:30:48,821:INFO:Loaded ./dataset/data/RPi1Dump/rpi1_2.bin with shape (1048576,)
2024-06-24 21:30:48,821:INFO:Loaded ./dataset/data/RPi1Dump/rpi1_35.bin with shape (1048576,)
2024-06-24 21:30:48,821:INFO:Loaded ./dataset/data/RPi1Dump/rpi1_37.bin with shape (1048576,)
2024-06-24 21:30:48,822:INFO:Loaded ./dataset/data/RPi1Dump/rpi1_23.bin with shape (1048576,)
2024-06-24 21:30:48,822:INFO:Loaded ./dataset/data/RPi1Dump/rpi1_1.bin with shape (1048576,)
2024-06-24 21:30:48,822:INFO:Loaded ./dataset/data/RPi1Dump/rpi1_22.bin with shape (1048576,)
2024-06-24 21:30:48,822:INFO:Loaded ./dataset/data/RPi1Dump/rpi1_36.bin with shape (1048576,)
2024-06-24 21:30:48,822:INFO:Loaded ./dataset/data/RPi1Dump/rpi1_26.bin with shape (1048576,)
2024-06-24 21:30:48,823:INFO:Loaded ./dataset/data/RPi1Dump/rpi1_4.bin with shape (1048576,)
2024-06-24 21:30:48,823:INFO:Loaded ./dataset/data/RPi1Dump/rpi1_27.bin with shape (1048576,)
2024-06-24 21:30:48,823:INFO:Loaded ./dataset/data/RPi1Dump/rpi1_33.bin with shape (1048576,)
2024-06-24 21:30:48,823:INFO:Loaded ./dataset/data/RPi1Dump/rpi1_19.bin with shape (1048576,)
2024-06-24 21:30:48,824:INFO:Loaded ./dataset/data/RPi1Dump/rpi1_25.bin with shape (1048576,)
2024-06-24 21:30:48,824:INFO:Loaded ./dataset/data/RPi1Dump/rpi1_31.bin with shape (1048576,)
2024-06-24 21:30:48,824:INFO:Loaded ./dataset/data/RPi1Dump/rpi1_6.bin with shape (1048576,)
2024-06-24 21:30:48,824:INFO:Loaded ./dataset/data/RPi1Dump/rpi1_7.bin with shape (1048576,)
2024-06-24 21:30:48,825:INFO:Loaded ./dataset/data/RPi1Dump/rpi1_30.bin with shape (1048576,)
2024-06-24 21:30:48,825:INFO:Loaded ./dataset/data/RPi1Dump/rpi1_24.bin with shape (1048576,)
2024-06-24 21:30:48,825:INFO:Loaded ./dataset/data/RPi1Dump/rpi1_42.bin with shape (1048576,)
2024-06-24 21:30:48,825:INFO:Loaded ./dataset/data/RPi1Dump/rpi1_40.bin with shape (1048576,)
2024-06-24 21:30:48,826:INFO:Loaded ./dataset/data/RPi2Dump/rpi2_33.bin with shape (1048576,)
2024-06-24 21:30:48,826:INFO:Loaded ./dataset/data/RPi2Dump/rpi2_27.bin with shape (1048576,)
2024-06-24 21:30:48,826:INFO:Loaded ./dataset/data/RPi2Dump/rpi2_26.bin with shape (1048576,)
2024-06-24 21:30:48,826:INFO:Loaded ./dataset/data/RPi2Dump/rpi2_8.bin with shape (1048576,)
2024-06-24 21:30:48,826:INFO:Loaded ./dataset/data/RPi2Dump/rpi2_18.bin with shape (1048576,)
2024-06-24 21:30:48,827:INFO:Loaded ./dataset/data/RPi2Dump/rpi2_24.bin with shape (1048576,)
2024-06-24 21:30:48,827:INFO:Loaded ./dataset/data/RPi2Dump/rpi2_30.bin with shape (1048576,)
2024-06-24 21:30:48,827:INFO:Loaded ./dataset/data/RPi2Dump/rpi2_31.bin with shape (1048576,)
2024-06-24 21:30:48,827:INFO:Loaded ./dataset/data/RPi2Dump/rpi2_25.bin with shape (1048576,)
2024-06-24 21:30:48,827:INFO:Loaded ./dataset/data/RPi2Dump/rpi2_19.bin with shape (1048576,)
2024-06-24 21:30:48,827:INFO:Loaded ./dataset/data/RPi2Dump/rpi2_21.bin with shape (1048576,)
2024-06-24 21:30:48,828:INFO:Loaded ./dataset/data/RPi2Dump/rpi2_35.bin with shape (1048576,)
2024-06-24 21:30:48,828:INFO:Loaded ./dataset/data/RPi2Dump/rpi2_34.bin with shape (1048576,)
2024-06-24 21:30:48,828:INFO:Loaded ./dataset/data/RPi2Dump/rpi2_20.bin with shape (1048576,)
2024-06-24 21:30:48,828:INFO:Loaded ./dataset/data/RPi2Dump/rpi2_36.bin with shape (1048576,)
2024-06-24 21:30:48,829:INFO:Loaded ./dataset/data/RPi2Dump/rpi2_22.bin with shape (1048576,)
2024-06-24 21:30:48,829:INFO:Loaded ./dataset/data/RPi2Dump/rpi2_42.bin with shape (1048576,)
2024-06-24 21:30:48,829:INFO:Loaded ./dataset/data/RPi2Dump/rpi2_41.bin with shape (1048576,)
2024-06-24 21:30:48,829:INFO:Loaded ./dataset/data/RPi2Dump/rpi2_12.bin with shape (1048576,)
2024-06-24 21:30:48,829:INFO:Loaded ./dataset/data/RPi2Dump/rpi2_13.bin with shape (1048576,)
2024-06-24 21:30:48,830:INFO:Loaded ./dataset/data/RPi2Dump/rpi2_3.bin with shape (1048576,)
2024-06-24 21:30:48,830:INFO:Loaded ./dataset/data/RPi2Dump/rpi2_1.bin with shape (1048576,)
2024-06-24 21:30:48,830:INFO:Loaded ./dataset/data/RPi2Dump/rpi2_39.bin with shape (1048576,)
2024-06-24 21:30:48,830:INFO:Loaded ./dataset/data/RPi2Dump/rpi2_11.bin with shape (1048576,)
2024-06-24 21:30:48,830:INFO:Loaded ./dataset/data/RPi2Dump/rpi2_10.bin with shape (1048576,)
2024-06-24 21:30:48,830:INFO:Loaded ./dataset/data/RPi2Dump/rpi2_38.bin with shape (1048576,)
2024-06-24 21:30:48,831:INFO:Loaded ./dataset/data/RPi2Dump/rpi2_0.bin with shape (1048576,)
2024-06-24 21:30:48,831:INFO:Loaded ./dataset/data/RPi2Dump/rpi2_4.bin with shape (1048576,)
2024-06-24 21:30:48,831:INFO:Loaded ./dataset/data/RPi2Dump/rpi2_14.bin with shape (1048576,)
2024-06-24 21:30:48,831:INFO:Loaded ./dataset/data/RPi2Dump/rpi2_29.bin with shape (1048576,)
2024-06-24 21:30:48,831:INFO:Loaded ./dataset/data/RPi2Dump/rpi2_15.bin with shape (1048576,)
2024-06-24 21:30:48,832:INFO:Loaded ./dataset/data/RPi2Dump/rpi2_7.bin with shape (1048576,)
2024-06-24 21:30:48,832:INFO:Loaded ./dataset/data/RPi2Dump/rpi2_17.bin with shape (1048576,)
2024-06-24 21:30:48,832:INFO:Loaded ./dataset/data/RPi2Dump/rpi2_16.bin with shape (1048576,)
2024-06-24 21:30:48,832:INFO:Loaded ./dataset/data/RPi2Dump/rpi2_6.bin with shape (1048576,)
2024-06-24 21:30:48,833:INFO:Loaded ./dataset/data/RPi3Dump/rpi3_10.bin with shape (1048576,)
2024-06-24 21:30:48,833:INFO:Loaded ./dataset/data/RPi3Dump/rpi3_38.bin with shape (1048576,)
2024-06-24 21:30:48,833:INFO:Loaded ./dataset/data/RPi3Dump/rpi3_8.bin with shape (1048576,)
2024-06-24 21:30:48,834:INFO:Loaded ./dataset/data/RPi3Dump/rpi3_39.bin with shape (1048576,)
2024-06-24 21:30:48,834:INFO:Loaded ./dataset/data/RPi3Dump/rpi3_11.bin with shape (1048576,)
2024-06-24 21:30:48,834:INFO:Loaded ./dataset/data/RPi3Dump/rpi3_13.bin with shape (1048576,)
2024-06-24 21:30:48,834:INFO:Loaded ./dataset/data/RPi3Dump/rpi3_12.bin with shape (1048576,)
2024-06-24 21:30:48,835:INFO:Loaded ./dataset/data/RPi3Dump/rpi3_17.bin with shape (1048576,)
2024-06-24 21:30:48,835:INFO:Loaded ./dataset/data/RPi3Dump/rpi3_29.bin with shape (1048576,)
2024-06-24 21:30:48,836:INFO:Loaded ./dataset/data/RPi3Dump/rpi3_15.bin with shape (1048576,)
2024-06-24 21:30:48,837:INFO:Loaded ./dataset/data/RPi3Dump/rpi3_14.bin with shape (1048576,)
2024-06-24 21:30:48,837:INFO:Loaded ./dataset/data/RPi3Dump/rpi3_28.bin with shape (1048576,)
2024-06-24 21:30:48,838:INFO:Loaded ./dataset/data/RPi3Dump/rpi3_25.bin with shape (1048576,)
2024-06-24 21:30:48,839:INFO:Loaded ./dataset/data/RPi3Dump/rpi3_31.bin with shape (1048576,)
2024-06-24 21:30:48,839:INFO:Loaded ./dataset/data/RPi3Dump/rpi3_19.bin with shape (1048576,)
2024-06-24 21:30:48,840:INFO:Loaded ./dataset/data/RPi3Dump/rpi3_1.bin with shape (1048576,)
2024-06-24 21:30:48,840:INFO:Loaded ./dataset/data/RPi3Dump/rpi3_0.bin with shape (1048576,)
2024-06-24 21:30:48,841:INFO:Loaded ./dataset/data/RPi3Dump/rpi3_18.bin with shape (1048576,)
2024-06-24 21:30:48,842:INFO:Loaded ./dataset/data/RPi3Dump/rpi3_24.bin with shape (1048576,)
2024-06-24 21:30:48,842:INFO:Loaded ./dataset/data/RPi3Dump/rpi3_32.bin with shape (1048576,)
2024-06-24 21:30:48,842:INFO:Loaded ./dataset/data/RPi3Dump/rpi3_26.bin with shape (1048576,)
2024-06-24 21:30:48,843:INFO:Loaded ./dataset/data/RPi3Dump/rpi3_2.bin with shape (1048576,)
2024-06-24 21:30:48,843:INFO:Loaded ./dataset/data/RPi3Dump/rpi3_3.bin with shape (1048576,)
2024-06-24 21:30:48,844:INFO:Loaded ./dataset/data/RPi3Dump/rpi3_33.bin with shape (1048576,)
2024-06-24 21:30:48,844:INFO:Loaded ./dataset/data/RPi3Dump/rpi3_23.bin with shape (1048576,)
2024-06-24 21:30:48,844:INFO:Loaded ./dataset/data/RPi3Dump/rpi3_7.bin with shape (1048576,)
2024-06-24 21:30:48,845:INFO:Loaded ./dataset/data/RPi3Dump/rpi3_22.bin with shape (1048576,)
2024-06-24 21:30:48,845:INFO:Loaded ./dataset/data/RPi3Dump/rpi3_36.bin with shape (1048576,)
2024-06-24 21:30:48,845:INFO:Loaded ./dataset/data/RPi3Dump/rpi3_34.bin with shape (1048576,)
2024-06-24 21:30:48,846:INFO:Loaded ./dataset/data/RPi3Dump/rpi3_5.bin with shape (1048576,)
2024-06-24 21:30:48,846:INFO:Loaded ./dataset/data/RPi3Dump/rpi3_35.bin with shape (1048576,)
2024-06-24 21:30:48,846:INFO:Loaded ./dataset/data/RPi3Dump/rpi3_21.bin with shape (1048576,)
2024-06-24 21:30:48,847:INFO:Loaded ./dataset/data/RPi3Dump/rpi3_40.bin with shape (1048576,)
2024-06-24 21:30:48,847:INFO:Loaded ./dataset/data/RPi3Dump/rpi3_41.bin with shape (1048576,)
2024-06-24 21:30:48,847:INFO:Loaded ./dataset/data/RPi3Dump/rpi3_42.bin with shape (1048576,)
2024-06-24 21:30:48,869:INFO:Loaded ./dataset/data/test/RPi1Dump/.DS_Store with shape (6148,)
2024-06-24 21:30:48,870:INFO:Loaded ./dataset/data/test/RPi1Dump/rpi1_14.bin with shape (1048576,)
2024-06-24 21:30:48,871:INFO:Loaded ./dataset/data/test/RPi1Dump/rpi1_3.bin with shape (1048576,)
2024-06-24 21:30:48,872:INFO:Loaded ./dataset/data/test/RPi1Dump/rpi1_21.bin with shape (1048576,)
2024-06-24 21:30:48,872:INFO:Loaded ./dataset/data/test/RPi1Dump/rpi1_0.bin with shape (1048576,)
2024-06-24 21:30:48,873:INFO:Loaded ./dataset/data/test/RPi1Dump/rpi1_32.bin with shape (1048576,)
2024-06-24 21:30:48,874:INFO:Loaded ./dataset/data/test/RPi1Dump/rpi1_5.bin with shape (1048576,)
2024-06-24 21:30:48,875:INFO:Loaded ./dataset/data/test/RPi1Dump/rpi1_18.bin with shape (1048576,)
2024-06-24 21:30:48,875:INFO:Loaded ./dataset/data/test/RPi1Dump/rpi1_41.bin with shape (1048576,)
2024-06-24 21:30:48,877:INFO:Loaded ./dataset/data/test/RPi2Dump/rpi2_32.bin with shape (1048576,)
2024-06-24 21:30:48,878:INFO:Loaded ./dataset/data/test/RPi2Dump/rpi2_9.bin with shape (1048576,)
2024-06-24 21:30:48,878:INFO:Loaded ./dataset/data/test/RPi2Dump/rpi2_23.bin with shape (1048576,)
2024-06-24 21:30:48,879:INFO:Loaded ./dataset/data/test/RPi2Dump/rpi2_37.bin with shape (1048576,)
2024-06-24 21:30:48,880:INFO:Loaded ./dataset/data/test/RPi2Dump/rpi2_40.bin with shape (1048576,)
2024-06-24 21:30:48,880:INFO:Loaded ./dataset/data/test/RPi2Dump/rpi2_2.bin with shape (1048576,)
2024-06-24 21:30:48,881:INFO:Loaded ./dataset/data/test/RPi2Dump/rpi2_28.bin with shape (1048576,)
2024-06-24 21:30:48,882:INFO:Loaded ./dataset/data/test/RPi2Dump/rpi2_5.bin with shape (1048576,)
2024-06-24 21:30:48,899:INFO:Loaded ./dataset/data/test/RPi3Dump/rpi3_9.bin with shape (1048576,)
2024-06-24 21:30:48,900:INFO:Loaded ./dataset/data/test/RPi3Dump/rpi3_16.bin with shape (1048576,)
2024-06-24 21:30:48,901:INFO:Loaded ./dataset/data/test/RPi3Dump/rpi3_30.bin with shape (1048576,)
2024-06-24 21:30:48,901:INFO:Loaded ./dataset/data/test/RPi3Dump/rpi3_27.bin with shape (1048576,)
2024-06-24 21:30:48,902:INFO:Loaded ./dataset/data/test/RPi3Dump/rpi3_37.bin with shape (1048576,)
2024-06-24 21:30:48,903:INFO:Loaded ./dataset/data/test/RPi3Dump/rpi3_6.bin with shape (1048576,)
2024-06-24 21:30:48,903:INFO:Loaded ./dataset/data/test/RPi3Dump/rpi3_20.bin with shape (1048576,)
2024-06-24 21:30:48,904:INFO:Loaded ./dataset/data/test/RPi3Dump/rpi3_4.bin with shape (1048576,)
2024-06-24 21:30:48,904:ERROR:Error converting to numpy arrays: setting an array element with a sequence. The requested array has an inhomogeneous shape after 1 dimensions. The detected shape was (25,) + inhomogeneous part.
2024-06-24 21:30:48,904:ERROR:Data at index 0 has shape (6148,)
2024-06-24 21:30:48,904:ERROR:Data at index 1 has shape (1048576,)
2024-06-24 21:30:48,904:ERROR:Data at index 2 has shape (1048576,)
2024-06-24 21:30:48,904:ERROR:Data at index 3 has shape (1048576,)
2024-06-24 21:30:48,904:ERROR:Data at index 4 has shape (1048576,)
2024-06-24 21:30:48,904:ERROR:Data at index 5 has shape (1048576,)
2024-06-24 21:30:48,904:ERROR:Data at index 6 has shape (1048576,)
2024-06-24 21:30:48,904:ERROR:Data at index 7 has shape (1048576,)
2024-06-24 21:30:48,904:ERROR:Data at index 8 has shape (1048576,)
2024-06-24 21:30:48,904:ERROR:Data at index 9 has shape (1048576,)
2024-06-24 21:30:48,904:ERROR:Data at index 10 has shape (1048576,)
2024-06-24 21:30:48,904:ERROR:Data at index 11 has shape (1048576,)
2024-06-24 21:30:48,904:ERROR:Data at index 12 has shape (1048576,)
2024-06-24 21:30:48,904:ERROR:Data at index 13 has shape (1048576,)
2024-06-24 21:30:48,905:ERROR:Data at index 14 has shape (1048576,)
2024-06-24 21:30:48,905:ERROR:Data at index 15 has shape (1048576,)
2024-06-24 21:30:48,905:ERROR:Data at index 16 has shape (1048576,)
2024-06-24 21:30:48,905:ERROR:Data at index 17 has shape (1048576,)
2024-06-24 21:30:48,905:ERROR:Data at index 18 has shape (1048576,)
2024-06-24 21:30:48,905:ERROR:Data at index 19 has shape (1048576,)
2024-06-24 21:30:48,905:ERROR:Data at index 20 has shape (1048576,)
2024-06-24 21:30:48,905:ERROR:Data at index 21 has shape (1048576,)
2024-06-24 21:30:48,905:ERROR:Data at index 22 has shape (1048576,)
2024-06-24 21:30:48,905:ERROR:Data at index 23 has shape (1048576,)
2024-06-24 21:30:48,905:ERROR:Data at index 24 has shape (1048576,)
2024-06-24 21:30:55,005:INFO:Time taken to create and train the SVM model: 6.08 seconds
2024-06-24 21:30:55,149:INFO:Validation Accuracy: 100.00%
2024-06-24 21:30:55,149:INFO:Validation Precision: 100.00%
2024-06-24 21:30:55,149:INFO:Validation Recall: 100.00%
2024-06-24 21:30:55,149:INFO:Validation F1 Score: 100.00%
2024-06-24 21:31:01,412:INFO:Loaded ./dataset/data/RPi1Dump/rpi1_15.bin with shape (1048576,)
2024-06-24 21:31:01,412:INFO:Loaded ./dataset/data/RPi1Dump/rpi1_29.bin with shape (1048576,)
2024-06-24 21:31:01,412:INFO:Loaded ./dataset/data/RPi1Dump/rpi1_28.bin with shape (1048576,)
2024-06-24 21:31:01,412:INFO:Loaded ./dataset/data/RPi1Dump/rpi1_16.bin with shape (1048576,)
2024-06-24 21:31:01,412:INFO:Loaded ./dataset/data/RPi1Dump/rpi1_9.bin with shape (1048576,)
2024-06-24 21:31:01,413:INFO:Loaded ./dataset/data/RPi1Dump/rpi1_8.bin with shape (1048576,)
2024-06-24 21:31:01,413:INFO:Loaded ./dataset/data/RPi1Dump/rpi1_17.bin with shape (1048576,)
2024-06-24 21:31:01,413:INFO:Loaded ./dataset/data/RPi1Dump/rpi1_13.bin with shape (1048576,)
2024-06-24 21:31:01,413:INFO:Loaded ./dataset/data/RPi1Dump/rpi1_12.bin with shape (1048576,)
2024-06-24 21:31:01,413:INFO:Loaded ./dataset/data/RPi1Dump/rpi1_38.bin with shape (1048576,)
2024-06-24 21:31:01,414:INFO:Loaded ./dataset/data/RPi1Dump/rpi1_10.bin with shape (1048576,)
2024-06-24 21:31:01,414:INFO:Loaded ./dataset/data/RPi1Dump/rpi1_11.bin with shape (1048576,)
2024-06-24 21:31:01,414:INFO:Loaded ./dataset/data/RPi1Dump/rpi1_39.bin with shape (1048576,)
2024-06-24 21:31:01,414:INFO:Loaded ./dataset/data/RPi1Dump/rpi1_20.bin with shape (1048576,)
2024-06-24 21:31:01,414:INFO:Loaded ./dataset/data/RPi1Dump/rpi1_34.bin with shape (1048576,)
2024-06-24 21:31:01,414:INFO:Loaded ./dataset/data/RPi1Dump/rpi1_2.bin with shape (1048576,)
2024-06-24 21:31:01,415:INFO:Loaded ./dataset/data/RPi1Dump/rpi1_35.bin with shape (1048576,)
2024-06-24 21:31:01,415:INFO:Loaded ./dataset/data/RPi1Dump/rpi1_37.bin with shape (1048576,)
2024-06-24 21:31:01,415:INFO:Loaded ./dataset/data/RPi1Dump/rpi1_23.bin with shape (1048576,)
2024-06-24 21:31:01,415:INFO:Loaded ./dataset/data/RPi1Dump/rpi1_1.bin with shape (1048576,)
2024-06-24 21:31:01,415:INFO:Loaded ./dataset/data/RPi1Dump/rpi1_22.bin with shape (1048576,)
2024-06-24 21:31:01,416:INFO:Loaded ./dataset/data/RPi1Dump/rpi1_36.bin with shape (1048576,)
2024-06-24 21:31:01,416:INFO:Loaded ./dataset/data/RPi1Dump/rpi1_26.bin with shape (1048576,)
2024-06-24 21:31:01,416:INFO:Loaded ./dataset/data/RPi1Dump/rpi1_4.bin with shape (1048576,)
2024-06-24 21:31:01,416:INFO:Loaded ./dataset/data/RPi1Dump/rpi1_27.bin with shape (1048576,)
2024-06-24 21:31:01,417:INFO:Loaded ./dataset/data/RPi1Dump/rpi1_33.bin with shape (1048576,)
2024-06-24 21:31:01,417:INFO:Loaded ./dataset/data/RPi1Dump/rpi1_19.bin with shape (1048576,)
2024-06-24 21:31:01,417:INFO:Loaded ./dataset/data/RPi1Dump/rpi1_25.bin with shape (1048576,)
2024-06-24 21:31:01,417:INFO:Loaded ./dataset/data/RPi1Dump/rpi1_31.bin with shape (1048576,)
2024-06-24 21:31:01,418:INFO:Loaded ./dataset/data/RPi1Dump/rpi1_6.bin with shape (1048576,)
2024-06-24 21:31:01,418:INFO:Loaded ./dataset/data/RPi1Dump/rpi1_7.bin with shape (1048576,)
2024-06-24 21:31:01,418:INFO:Loaded ./dataset/data/RPi1Dump/rpi1_30.bin with shape (1048576,)
2024-06-24 21:31:01,418:INFO:Loaded ./dataset/data/RPi1Dump/rpi1_24.bin with shape (1048576,)
2024-06-24 21:31:01,418:INFO:Loaded ./dataset/data/RPi1Dump/rpi1_42.bin with shape (1048576,)
2024-06-24 21:31:01,419:INFO:Loaded ./dataset/data/RPi1Dump/rpi1_40.bin with shape (1048576,)
2024-06-24 21:31:01,419:INFO:Loaded ./dataset/data/RPi2Dump/rpi2_33.bin with shape (1048576,)
2024-06-24 21:31:01,419:INFO:Loaded ./dataset/data/RPi2Dump/rpi2_27.bin with shape (1048576,)
2024-06-24 21:31:01,420:INFO:Loaded ./dataset/data/RPi2Dump/rpi2_26.bin with shape (1048576,)
2024-06-24 21:31:01,420:INFO:Loaded ./dataset/data/RPi2Dump/rpi2_8.bin with shape (1048576,)
2024-06-24 21:31:01,420:INFO:Loaded ./dataset/data/RPi2Dump/rpi2_18.bin with shape (1048576,)
2024-06-24 21:31:01,421:INFO:Loaded ./dataset/data/RPi2Dump/rpi2_24.bin with shape (1048576,)
2024-06-24 21:31:01,421:INFO:Loaded ./dataset/data/RPi2Dump/rpi2_30.bin with shape (1048576,)
2024-06-24 21:31:01,421:INFO:Loaded ./dataset/data/RPi2Dump/rpi2_31.bin with shape (1048576,)
2024-06-24 21:31:01,421:INFO:Loaded ./dataset/data/RPi2Dump/rpi2_25.bin with shape (1048576,)
2024-06-24 21:31:01,422:INFO:Loaded ./dataset/data/RPi2Dump/rpi2_19.bin with shape (1048576,)
2024-06-24 21:31:01,422:INFO:Loaded ./dataset/data/RPi2Dump/rpi2_21.bin with shape (1048576,)
2024-06-24 21:31:01,423:INFO:Loaded ./dataset/data/RPi2Dump/rpi2_35.bin with shape (1048576,)
2024-06-24 21:31:01,423:INFO:Loaded ./dataset/data/RPi2Dump/rpi2_34.bin with shape (1048576,)
2024-06-24 21:31:01,423:INFO:Loaded ./dataset/data/RPi2Dump/rpi2_20.bin with shape (1048576,)
2024-06-24 21:31:01,423:INFO:Loaded ./dataset/data/RPi2Dump/rpi2_36.bin with shape (1048576,)
2024-06-24 21:31:01,424:INFO:Loaded ./dataset/data/RPi2Dump/rpi2_22.bin with shape (1048576,)
2024-06-24 21:31:01,424:INFO:Loaded ./dataset/data/RPi2Dump/rpi2_42.bin with shape (1048576,)
2024-06-24 21:31:01,424:INFO:Loaded ./dataset/data/RPi2Dump/rpi2_41.bin with shape (1048576,)
2024-06-24 21:31:01,424:INFO:Loaded ./dataset/data/RPi2Dump/rpi2_12.bin with shape (1048576,)
2024-06-24 21:31:01,424:INFO:Loaded ./dataset/data/RPi2Dump/rpi2_13.bin with shape (1048576,)
2024-06-24 21:31:01,425:INFO:Loaded ./dataset/data/RPi2Dump/rpi2_3.bin with shape (1048576,)
2024-06-24 21:31:01,425:INFO:Loaded ./dataset/data/RPi2Dump/rpi2_1.bin with shape (1048576,)
2024-06-24 21:31:01,425:INFO:Loaded ./dataset/data/RPi2Dump/rpi2_39.bin with shape (1048576,)
2024-06-24 21:31:01,425:INFO:Loaded ./dataset/data/RPi2Dump/rpi2_11.bin with shape (1048576,)
2024-06-24 21:31:01,425:INFO:Loaded ./dataset/data/RPi2Dump/rpi2_10.bin with shape (1048576,)
2024-06-24 21:31:01,425:INFO:Loaded ./dataset/data/RPi2Dump/rpi2_38.bin with shape (1048576,)
2024-06-24 21:31:01,426:INFO:Loaded ./dataset/data/RPi2Dump/rpi2_0.bin with shape (1048576,)
2024-06-24 21:31:01,426:INFO:Loaded ./dataset/data/RPi2Dump/rpi2_4.bin with shape (1048576,)
2024-06-24 21:31:01,426:INFO:Loaded ./dataset/data/RPi2Dump/rpi2_14.bin with shape (1048576,)
2024-06-24 21:31:01,426:INFO:Loaded ./dataset/data/RPi2Dump/rpi2_29.bin with shape (1048576,)
2024-06-24 21:31:01,427:INFO:Loaded ./dataset/data/RPi2Dump/rpi2_15.bin with shape (1048576,)
2024-06-24 21:31:01,427:INFO:Loaded ./dataset/data/RPi2Dump/rpi2_7.bin with shape (1048576,)
2024-06-24 21:31:01,427:INFO:Loaded ./dataset/data/RPi2Dump/rpi2_17.bin with shape (1048576,)
2024-06-24 21:31:01,427:INFO:Loaded ./dataset/data/RPi2Dump/rpi2_16.bin with shape (1048576,)
2024-06-24 21:31:01,427:INFO:Loaded ./dataset/data/RPi2Dump/rpi2_6.bin with shape (1048576,)
2024-06-24 21:31:01,428:INFO:Loaded ./dataset/data/RPi3Dump/rpi3_10.bin with shape (1048576,)
2024-06-24 21:31:01,428:INFO:Loaded ./dataset/data/RPi3Dump/rpi3_38.bin with shape (1048576,)
2024-06-24 21:31:01,428:INFO:Loaded ./dataset/data/RPi3Dump/rpi3_8.bin with shape (1048576,)
2024-06-24 21:31:01,428:INFO:Loaded ./dataset/data/RPi3Dump/rpi3_39.bin with shape (1048576,)
2024-06-24 21:31:01,429:INFO:Loaded ./dataset/data/RPi3Dump/rpi3_11.bin with shape (1048576,)
2024-06-24 21:31:01,429:INFO:Loaded ./dataset/data/RPi3Dump/rpi3_13.bin with shape (1048576,)
2024-06-24 21:31:01,429:INFO:Loaded ./dataset/data/RPi3Dump/rpi3_12.bin with shape (1048576,)
2024-06-24 21:31:01,429:INFO:Loaded ./dataset/data/RPi3Dump/rpi3_17.bin with shape (1048576,)
2024-06-24 21:31:01,429:INFO:Loaded ./dataset/data/RPi3Dump/rpi3_29.bin with shape (1048576,)
2024-06-24 21:31:01,430:INFO:Loaded ./dataset/data/RPi3Dump/rpi3_15.bin with shape (1048576,)
2024-06-24 21:31:01,430:INFO:Loaded ./dataset/data/RPi3Dump/rpi3_14.bin with shape (1048576,)
2024-06-24 21:31:01,430:INFO:Loaded ./dataset/data/RPi3Dump/rpi3_28.bin with shape (1048576,)
2024-06-24 21:31:01,430:INFO:Loaded ./dataset/data/RPi3Dump/rpi3_25.bin with shape (1048576,)
2024-06-24 21:31:01,430:INFO:Loaded ./dataset/data/RPi3Dump/rpi3_31.bin with shape (1048576,)
2024-06-24 21:31:01,431:INFO:Loaded ./dataset/data/RPi3Dump/rpi3_19.bin with shape (1048576,)
2024-06-24 21:31:01,431:INFO:Loaded ./dataset/data/RPi3Dump/rpi3_1.bin with shape (1048576,)
2024-06-24 21:31:01,431:INFO:Loaded ./dataset/data/RPi3Dump/rpi3_0.bin with shape (1048576,)
2024-06-24 21:31:01,431:INFO:Loaded ./dataset/data/RPi3Dump/rpi3_18.bin with shape (1048576,)
2024-06-24 21:31:01,432:INFO:Loaded ./dataset/data/RPi3Dump/rpi3_24.bin with shape (1048576,)
2024-06-24 21:31:01,432:INFO:Loaded ./dataset/data/RPi3Dump/rpi3_32.bin with shape (1048576,)
2024-06-24 21:31:01,432:INFO:Loaded ./dataset/data/RPi3Dump/rpi3_26.bin with shape (1048576,)
2024-06-24 21:31:01,432:INFO:Loaded ./dataset/data/RPi3Dump/rpi3_2.bin with shape (1048576,)
2024-06-24 21:31:01,432:INFO:Loaded ./dataset/data/RPi3Dump/rpi3_3.bin with shape (1048576,)
2024-06-24 21:31:01,433:INFO:Loaded ./dataset/data/RPi3Dump/rpi3_33.bin with shape (1048576,)
2024-06-24 21:31:01,433:INFO:Loaded ./dataset/data/RPi3Dump/rpi3_23.bin with shape (1048576,)
2024-06-24 21:31:01,433:INFO:Loaded ./dataset/data/RPi3Dump/rpi3_7.bin with shape (1048576,)
2024-06-24 21:31:01,433:INFO:Loaded ./dataset/data/RPi3Dump/rpi3_22.bin with shape (1048576,)
2024-06-24 21:31:01,433:INFO:Loaded ./dataset/data/RPi3Dump/rpi3_36.bin with shape (1048576,)
2024-06-24 21:31:01,434:INFO:Loaded ./dataset/data/RPi3Dump/rpi3_34.bin with shape (1048576,)
2024-06-24 21:31:01,434:INFO:Loaded ./dataset/data/RPi3Dump/rpi3_5.bin with shape (1048576,)
2024-06-24 21:31:01,434:INFO:Loaded ./dataset/data/RPi3Dump/rpi3_35.bin with shape (1048576,)
2024-06-24 21:31:01,434:INFO:Loaded ./dataset/data/RPi3Dump/rpi3_21.bin with shape (1048576,)
2024-06-24 21:31:01,434:INFO:Loaded ./dataset/data/RPi3Dump/rpi3_40.bin with shape (1048576,)
2024-06-24 21:31:01,435:INFO:Loaded ./dataset/data/RPi3Dump/rpi3_41.bin with shape (1048576,)
2024-06-24 21:31:01,435:INFO:Loaded ./dataset/data/RPi3Dump/rpi3_42.bin with shape (1048576,)
2024-06-24 21:31:01,449:INFO:Loaded ./dataset/data/test/RPi1Dump/rpi1_14.bin with shape (1048576,)
2024-06-24 21:31:01,450:INFO:Loaded ./dataset/data/test/RPi1Dump/rpi1_3.bin with shape (1048576,)
2024-06-24 21:31:01,450:INFO:Loaded ./dataset/data/test/RPi1Dump/rpi1_21.bin with shape (1048576,)
2024-06-24 21:31:01,450:INFO:Loaded ./dataset/data/test/RPi1Dump/rpi1_0.bin with shape (1048576,)
2024-06-24 21:31:01,451:INFO:Loaded ./dataset/data/test/RPi1Dump/rpi1_32.bin with shape (1048576,)
2024-06-24 21:31:01,451:INFO:Loaded ./dataset/data/test/RPi1Dump/rpi1_5.bin with shape (1048576,)
2024-06-24 21:31:01,452:INFO:Loaded ./dataset/data/test/RPi1Dump/rpi1_18.bin with shape (1048576,)
2024-06-24 21:31:01,452:INFO:Loaded ./dataset/data/test/RPi1Dump/rpi1_41.bin with shape (1048576,)
2024-06-24 21:31:01,454:INFO:Loaded ./dataset/data/test/RPi2Dump/rpi2_32.bin with shape (1048576,)
2024-06-24 21:31:01,454:INFO:Loaded ./dataset/data/test/RPi2Dump/rpi2_9.bin with shape (1048576,)
2024-06-24 21:31:01,455:INFO:Loaded ./dataset/data/test/RPi2Dump/rpi2_23.bin with shape (1048576,)
2024-06-24 21:31:01,455:INFO:Loaded ./dataset/data/test/RPi2Dump/rpi2_37.bin with shape (1048576,)
2024-06-24 21:31:01,456:INFO:Loaded ./dataset/data/test/RPi2Dump/rpi2_40.bin with shape (1048576,)
2024-06-24 21:31:01,456:INFO:Loaded ./dataset/data/test/RPi2Dump/rpi2_2.bin with shape (1048576,)
2024-06-24 21:31:01,456:INFO:Loaded ./dataset/data/test/RPi2Dump/rpi2_28.bin with shape (1048576,)
2024-06-24 21:31:01,457:INFO:Loaded ./dataset/data/test/RPi2Dump/rpi2_5.bin with shape (1048576,)
2024-06-24 21:31:01,458:INFO:Loaded ./dataset/data/test/RPi3Dump/rpi3_9.bin with shape (1048576,)
2024-06-24 21:31:01,458:INFO:Loaded ./dataset/data/test/RPi3Dump/rpi3_16.bin with shape (1048576,)
2024-06-24 21:31:01,459:INFO:Loaded ./dataset/data/test/RPi3Dump/rpi3_30.bin with shape (1048576,)
2024-06-24 21:31:01,459:INFO:Loaded ./dataset/data/test/RPi3Dump/rpi3_27.bin with shape (1048576,)
2024-06-24 21:31:01,460:INFO:Loaded ./dataset/data/test/RPi3Dump/rpi3_37.bin with shape (1048576,)
2024-06-24 21:31:01,460:INFO:Loaded ./dataset/data/test/RPi3Dump/rpi3_6.bin with shape (1048576,)
2024-06-24 21:31:01,461:INFO:Loaded ./dataset/data/test/RPi3Dump/rpi3_20.bin with shape (1048576,)
2024-06-24 21:31:01,461:INFO:Loaded ./dataset/data/test/RPi3Dump/rpi3_4.bin with shape (1048576,)
2024-06-24 21:31:07,783:INFO:Time taken to create and train the SVM model: 6.31 seconds
2024-06-24 21:31:07,898:INFO:Validation Accuracy: 100.00%
2024-06-24 21:31:07,898:INFO:Validation Precision: 100.00%
2024-06-24 21:31:07,898:INFO:Validation Recall: 100.00%
2024-06-24 21:31:07,898:INFO:Validation F1 Score: 100.00%
2024-06-24 21:31:08,447:INFO:Test Accuracy: 100.00%
2024-06-24 21:31:08,447:INFO:Test Precision: 100.00%
2024-06-24 21:31:08,447:INFO:Test Recall: 100.00%
2024-06-24 21:31:08,447:INFO:Test F1 Score: 100.00%
2024-06-24 21:31:08,447:INFO:Average Confidence: 94.29%
2024-06-24 21:31:08,447:INFO:Instance 0: Confidence = 93.81%
2024-06-24 21:31:08,447:INFO:Instance 1: Confidence = 93.87%
2024-06-24 21:31:08,447:INFO:Instance 2: Confidence = 93.85%
2024-06-24 21:31:08,447:INFO:Instance 3: Confidence = 93.75%
2024-06-24 21:31:08,448:INFO:Instance 4: Confidence = 93.87%
2024-06-24 21:31:08,448:INFO:Instance 5: Confidence = 93.87%
2024-06-24 21:31:08,448:INFO:Instance 6: Confidence = 93.85%
2024-06-24 21:31:08,448:INFO:Instance 7: Confidence = 93.86%
2024-06-24 21:31:08,448:INFO:Instance 8: Confidence = 94.38%
2024-06-24 21:31:08,448:INFO:Instance 9: Confidence = 94.35%
2024-06-24 21:31:08,448:INFO:Instance 10: Confidence = 94.38%
2024-06-24 21:31:08,448:INFO:Instance 11: Confidence = 94.38%
2024-06-24 21:31:08,448:INFO:Instance 12: Confidence = 94.36%
2024-06-24 21:31:08,448:INFO:Instance 13: Confidence = 94.42%
2024-06-24 21:31:08,448:INFO:Instance 14: Confidence = 94.38%
2024-06-24 21:31:08,448:INFO:Instance 15: Confidence = 94.38%
2024-06-24 21:31:08,448:INFO:Instance 16: Confidence = 94.64%
2024-06-24 21:31:08,448:INFO:Instance 17: Confidence = 94.64%
2024-06-24 21:31:08,449:INFO:Instance 18: Confidence = 94.63%
2024-06-24 21:31:08,449:INFO:Instance 19: Confidence = 94.63%
2024-06-24 21:31:08,449:INFO:Instance 20: Confidence = 94.63%
2024-06-24 21:31:08,449:INFO:Instance 21: Confidence = 94.64%
2024-06-24 21:31:08,449:INFO:Instance 22: Confidence = 94.64%
2024-06-24 21:31:08,449:INFO:Instance 23: Confidence = 94.64%
2024-06-24 21:31:09,125:INFO:Compressed model saved to model.pkl
