2024-06-24 21:44:23,403:INFO:Loaded ./dataset/data/RPi1Dump/rpi1_15.bin with shape (1048576,)
2024-06-24 21:44:23,403:INFO:Loaded ./dataset/data/RPi1Dump/rpi1_29.bin with shape (1048576,)
2024-06-24 21:44:23,403:INFO:Loaded ./dataset/data/RPi1Dump/rpi1_28.bin with shape (1048576,)
2024-06-24 21:44:23,404:INFO:Loaded ./dataset/data/RPi1Dump/rpi1_14.bin with shape (1048576,)
2024-06-24 21:44:23,404:INFO:Loaded ./dataset/data/RPi1Dump/rpi1_16.bin with shape (1048576,)
2024-06-24 21:44:23,404:INFO:Loaded ./dataset/data/RPi1Dump/rpi1_9.bin with shape (1048576,)
2024-06-24 21:44:23,404:INFO:Loaded ./dataset/data/RPi1Dump/rpi1_8.bin with shape (1048576,)
2024-06-24 21:44:23,404:INFO:Loaded ./dataset/data/RPi1Dump/rpi1_17.bin with shape (1048576,)
2024-06-24 21:44:23,405:INFO:Loaded ./dataset/data/RPi1Dump/rpi1_13.bin with shape (1048576,)
2024-06-24 21:44:23,405:INFO:Loaded ./dataset/data/RPi1Dump/rpi1_12.bin with shape (1048576,)
2024-06-24 21:44:23,405:INFO:Loaded ./dataset/data/RPi1Dump/rpi1_38.bin with shape (1048576,)
2024-06-24 21:44:23,405:INFO:Loaded ./dataset/data/RPi1Dump/rpi1_10.bin with shape (1048576,)
2024-06-24 21:44:23,405:INFO:Loaded ./dataset/data/RPi1Dump/rpi1_11.bin with shape (1048576,)
2024-06-24 21:44:23,406:INFO:Loaded ./dataset/data/RPi1Dump/rpi1_39.bin with shape (1048576,)
2024-06-24 21:44:23,406:INFO:Loaded ./dataset/data/RPi1Dump/rpi1_20.bin with shape (1048576,)
2024-06-24 21:44:23,406:INFO:Loaded ./dataset/data/RPi1Dump/rpi1_34.bin with shape (1048576,)
2024-06-24 21:44:23,406:INFO:Loaded ./dataset/data/RPi1Dump/rpi1_3.bin with shape (1048576,)
2024-06-24 21:44:23,406:INFO:Loaded ./dataset/data/RPi1Dump/rpi1_2.bin with shape (1048576,)
2024-06-24 21:44:23,407:INFO:Loaded ./dataset/data/RPi1Dump/rpi1_35.bin with shape (1048576,)
2024-06-24 21:44:23,407:INFO:Loaded ./dataset/data/RPi1Dump/rpi1_21.bin with shape (1048576,)
2024-06-24 21:44:23,407:INFO:Loaded ./dataset/data/RPi1Dump/rpi1_37.bin with shape (1048576,)
2024-06-24 21:44:23,407:INFO:Loaded ./dataset/data/RPi1Dump/rpi1_23.bin with shape (1048576,)
2024-06-24 21:44:23,407:INFO:Loaded ./dataset/data/RPi1Dump/rpi1_0.bin with shape (1048576,)
2024-06-24 21:44:23,408:INFO:Loaded ./dataset/data/RPi1Dump/rpi1_1.bin with shape (1048576,)
2024-06-24 21:44:23,408:INFO:Loaded ./dataset/data/RPi1Dump/rpi1_22.bin with shape (1048576,)
2024-06-24 21:44:23,408:INFO:Loaded ./dataset/data/RPi1Dump/rpi1_36.bin with shape (1048576,)
2024-06-24 21:44:23,408:INFO:Loaded ./dataset/data/RPi1Dump/rpi1_32.bin with shape (1048576,)
2024-06-24 21:44:23,409:INFO:Loaded ./dataset/data/RPi1Dump/rpi1_26.bin with shape (1048576,)
2024-06-24 21:44:23,409:INFO:Loaded ./dataset/data/RPi1Dump/rpi1_5.bin with shape (1048576,)
2024-06-24 21:44:23,409:INFO:Loaded ./dataset/data/RPi1Dump/rpi1_4.bin with shape (1048576,)
2024-06-24 21:44:23,409:INFO:Loaded ./dataset/data/RPi1Dump/rpi1_27.bin with shape (1048576,)
2024-06-24 21:44:23,410:INFO:Loaded ./dataset/data/RPi1Dump/rpi1_33.bin with shape (1048576,)
2024-06-24 21:44:23,410:INFO:Loaded ./dataset/data/RPi1Dump/rpi1_19.bin with shape (1048576,)
2024-06-24 21:44:23,410:INFO:Loaded ./dataset/data/RPi1Dump/rpi1_25.bin with shape (1048576,)
2024-06-24 21:44:23,410:INFO:Loaded ./dataset/data/RPi1Dump/rpi1_31.bin with shape (1048576,)
2024-06-24 21:44:23,411:INFO:Loaded ./dataset/data/RPi1Dump/rpi1_6.bin with shape (1048576,)
2024-06-24 21:44:23,411:INFO:Loaded ./dataset/data/RPi1Dump/rpi1_7.bin with shape (1048576,)
2024-06-24 21:44:23,411:INFO:Loaded ./dataset/data/RPi1Dump/rpi1_30.bin with shape (1048576,)
2024-06-24 21:44:23,411:INFO:Loaded ./dataset/data/RPi1Dump/rpi1_24.bin with shape (1048576,)
2024-06-24 21:44:23,412:INFO:Loaded ./dataset/data/RPi1Dump/rpi1_18.bin with shape (1048576,)
2024-06-24 21:44:23,412:INFO:Loaded ./dataset/data/RPi1Dump/rpi1_42.bin with shape (1048576,)
2024-06-24 21:44:23,412:INFO:Loaded ./dataset/data/RPi1Dump/rpi1_40.bin with shape (1048576,)
2024-06-24 21:44:23,413:INFO:Loaded ./dataset/data/RPi1Dump/rpi1_41.bin with shape (1048576,)
2024-06-24 21:44:23,414:INFO:Loaded ./dataset/data/RPi2Dump/rpi2_33.bin with shape (1048576,)
2024-06-24 21:44:23,414:INFO:Loaded ./dataset/data/RPi2Dump/rpi2_27.bin with shape (1048576,)
2024-06-24 21:44:23,415:INFO:Loaded ./dataset/data/RPi2Dump/rpi2_26.bin with shape (1048576,)
2024-06-24 21:44:23,415:INFO:Loaded ./dataset/data/RPi2Dump/rpi2_32.bin with shape (1048576,)
2024-06-24 21:44:23,415:INFO:Loaded ./dataset/data/RPi2Dump/rpi2_8.bin with shape (1048576,)
2024-06-24 21:44:23,415:INFO:Loaded ./dataset/data/RPi2Dump/rpi2_18.bin with shape (1048576,)
2024-06-24 21:44:23,415:INFO:Loaded ./dataset/data/RPi2Dump/rpi2_24.bin with shape (1048576,)
2024-06-24 21:44:23,416:INFO:Loaded ./dataset/data/RPi2Dump/rpi2_30.bin with shape (1048576,)
2024-06-24 21:44:23,416:INFO:Loaded ./dataset/data/RPi2Dump/rpi2_31.bin with shape (1048576,)
2024-06-24 21:44:23,416:INFO:Loaded ./dataset/data/RPi2Dump/rpi2_25.bin with shape (1048576,)
2024-06-24 21:44:23,417:INFO:Loaded ./dataset/data/RPi2Dump/rpi2_19.bin with shape (1048576,)
2024-06-24 21:44:23,417:INFO:Loaded ./dataset/data/RPi2Dump/rpi2_9.bin with shape (1048576,)
2024-06-24 21:44:23,417:INFO:Loaded ./dataset/data/RPi2Dump/rpi2_21.bin with shape (1048576,)
2024-06-24 21:44:23,418:INFO:Loaded ./dataset/data/RPi2Dump/rpi2_35.bin with shape (1048576,)
2024-06-24 21:44:23,418:INFO:Loaded ./dataset/data/RPi2Dump/rpi2_34.bin with shape (1048576,)
2024-06-24 21:44:23,418:INFO:Loaded ./dataset/data/RPi2Dump/rpi2_20.bin with shape (1048576,)
2024-06-24 21:44:23,419:INFO:Loaded ./dataset/data/RPi2Dump/rpi2_36.bin with shape (1048576,)
2024-06-24 21:44:23,419:INFO:Loaded ./dataset/data/RPi2Dump/rpi2_22.bin with shape (1048576,)
2024-06-24 21:44:23,419:INFO:Loaded ./dataset/data/RPi2Dump/rpi2_23.bin with shape (1048576,)
2024-06-24 21:44:23,420:INFO:Loaded ./dataset/data/RPi2Dump/rpi2_37.bin with shape (1048576,)
2024-06-24 21:44:23,420:INFO:Loaded ./dataset/data/RPi2Dump/rpi2_42.bin with shape (1048576,)
2024-06-24 21:44:23,420:INFO:Loaded ./dataset/data/RPi2Dump/rpi2_41.bin with shape (1048576,)
2024-06-24 21:44:23,420:INFO:Loaded ./dataset/data/RPi2Dump/rpi2_40.bin with shape (1048576,)
2024-06-24 21:44:23,421:INFO:Loaded ./dataset/data/RPi2Dump/rpi2_2.bin with shape (1048576,)
2024-06-24 21:44:23,421:INFO:Loaded ./dataset/data/RPi2Dump/rpi2_12.bin with shape (1048576,)
2024-06-24 21:44:23,421:INFO:Loaded ./dataset/data/RPi2Dump/rpi2_13.bin with shape (1048576,)
2024-06-24 21:44:23,421:INFO:Loaded ./dataset/data/RPi2Dump/rpi2_3.bin with shape (1048576,)
2024-06-24 21:44:23,422:INFO:Loaded ./dataset/data/RPi2Dump/rpi2_1.bin with shape (1048576,)
2024-06-24 21:44:23,422:INFO:Loaded ./dataset/data/RPi2Dump/rpi2_39.bin with shape (1048576,)
2024-06-24 21:44:23,423:INFO:Loaded ./dataset/data/RPi2Dump/rpi2_11.bin with shape (1048576,)
2024-06-24 21:44:23,423:INFO:Loaded ./dataset/data/RPi2Dump/rpi2_10.bin with shape (1048576,)
2024-06-24 21:44:23,423:INFO:Loaded ./dataset/data/RPi2Dump/rpi2_38.bin with shape (1048576,)
2024-06-24 21:44:23,424:INFO:Loaded ./dataset/data/RPi2Dump/rpi2_0.bin with shape (1048576,)
2024-06-24 21:44:23,424:INFO:Loaded ./dataset/data/RPi2Dump/rpi2_4.bin with shape (1048576,)
2024-06-24 21:44:23,424:INFO:Loaded ./dataset/data/RPi2Dump/rpi2_14.bin with shape (1048576,)
2024-06-24 21:44:23,425:INFO:Loaded ./dataset/data/RPi2Dump/rpi2_28.bin with shape (1048576,)
2024-06-24 21:44:23,425:INFO:Loaded ./dataset/data/RPi2Dump/rpi2_29.bin with shape (1048576,)
2024-06-24 21:44:23,425:INFO:Loaded ./dataset/data/RPi2Dump/rpi2_15.bin with shape (1048576,)
2024-06-24 21:44:23,426:INFO:Loaded ./dataset/data/RPi2Dump/rpi2_5.bin with shape (1048576,)
2024-06-24 21:44:23,426:INFO:Loaded ./dataset/data/RPi2Dump/rpi2_7.bin with shape (1048576,)
2024-06-24 21:44:23,426:INFO:Loaded ./dataset/data/RPi2Dump/rpi2_17.bin with shape (1048576,)
2024-06-24 21:44:23,427:INFO:Loaded ./dataset/data/RPi2Dump/rpi2_16.bin with shape (1048576,)
2024-06-24 21:44:23,427:INFO:Loaded ./dataset/data/RPi2Dump/rpi2_6.bin with shape (1048576,)
2024-06-24 21:44:23,428:INFO:Loaded ./dataset/data/RPi3Dump/rpi3_10.bin with shape (1048576,)
2024-06-24 21:44:23,429:INFO:Loaded ./dataset/data/RPi3Dump/rpi3_38.bin with shape (1048576,)
2024-06-24 21:44:23,429:INFO:Loaded ./dataset/data/RPi3Dump/rpi3_8.bin with shape (1048576,)
2024-06-24 21:44:23,430:INFO:Loaded ./dataset/data/RPi3Dump/rpi3_9.bin with shape (1048576,)
2024-06-24 21:44:23,431:INFO:Loaded ./dataset/data/RPi3Dump/rpi3_39.bin with shape (1048576,)
2024-06-24 21:44:23,432:INFO:Loaded ./dataset/data/RPi3Dump/rpi3_11.bin with shape (1048576,)
2024-06-24 21:44:23,433:INFO:Loaded ./dataset/data/RPi3Dump/rpi3_13.bin with shape (1048576,)
2024-06-24 21:44:23,433:INFO:Loaded ./dataset/data/RPi3Dump/rpi3_12.bin with shape (1048576,)
2024-06-24 21:44:23,434:INFO:Loaded ./dataset/data/RPi3Dump/rpi3_16.bin with shape (1048576,)
2024-06-24 21:44:23,434:INFO:Loaded ./dataset/data/RPi3Dump/rpi3_17.bin with shape (1048576,)
2024-06-24 21:44:23,435:INFO:Loaded ./dataset/data/RPi3Dump/rpi3_29.bin with shape (1048576,)
2024-06-24 21:44:23,435:INFO:Loaded ./dataset/data/RPi3Dump/rpi3_15.bin with shape (1048576,)
2024-06-24 21:44:23,435:INFO:Loaded ./dataset/data/RPi3Dump/rpi3_14.bin with shape (1048576,)
2024-06-24 21:44:23,435:INFO:Loaded ./dataset/data/RPi3Dump/rpi3_28.bin with shape (1048576,)
2024-06-24 21:44:23,436:INFO:Loaded ./dataset/data/RPi3Dump/rpi3_25.bin with shape (1048576,)
2024-06-24 21:44:23,436:INFO:Loaded ./dataset/data/RPi3Dump/rpi3_31.bin with shape (1048576,)
2024-06-24 21:44:23,436:INFO:Loaded ./dataset/data/RPi3Dump/rpi3_19.bin with shape (1048576,)
2024-06-24 21:44:23,437:INFO:Loaded ./dataset/data/RPi3Dump/rpi3_1.bin with shape (1048576,)
2024-06-24 21:44:23,437:INFO:Loaded ./dataset/data/RPi3Dump/rpi3_0.bin with shape (1048576,)
2024-06-24 21:44:23,437:INFO:Loaded ./dataset/data/RPi3Dump/rpi3_18.bin with shape (1048576,)
2024-06-24 21:44:23,437:INFO:Loaded ./dataset/data/RPi3Dump/rpi3_30.bin with shape (1048576,)
2024-06-24 21:44:23,438:INFO:Loaded ./dataset/data/RPi3Dump/rpi3_24.bin with shape (1048576,)
2024-06-24 21:44:23,438:INFO:Loaded ./dataset/data/RPi3Dump/rpi3_32.bin with shape (1048576,)
2024-06-24 21:44:23,438:INFO:Loaded ./dataset/data/RPi3Dump/rpi3_26.bin with shape (1048576,)
2024-06-24 21:44:23,438:INFO:Loaded ./dataset/data/RPi3Dump/rpi3_2.bin with shape (1048576,)
2024-06-24 21:44:23,439:INFO:Loaded ./dataset/data/RPi3Dump/rpi3_3.bin with shape (1048576,)
2024-06-24 21:44:23,439:INFO:Loaded ./dataset/data/RPi3Dump/rpi3_27.bin with shape (1048576,)
2024-06-24 21:44:23,439:INFO:Loaded ./dataset/data/RPi3Dump/rpi3_33.bin with shape (1048576,)
2024-06-24 21:44:23,439:INFO:Loaded ./dataset/data/RPi3Dump/rpi3_37.bin with shape (1048576,)
2024-06-24 21:44:23,440:INFO:Loaded ./dataset/data/RPi3Dump/rpi3_23.bin with shape (1048576,)
2024-06-24 21:44:23,440:INFO:Loaded ./dataset/data/RPi3Dump/rpi3_7.bin with shape (1048576,)
2024-06-24 21:44:23,440:INFO:Loaded ./dataset/data/RPi3Dump/rpi3_6.bin with shape (1048576,)
2024-06-24 21:44:23,440:INFO:Loaded ./dataset/data/RPi3Dump/rpi3_22.bin with shape (1048576,)
2024-06-24 21:44:23,440:INFO:Loaded ./dataset/data/RPi3Dump/rpi3_36.bin with shape (1048576,)
2024-06-24 21:44:23,441:INFO:Loaded ./dataset/data/RPi3Dump/rpi3_20.bin with shape (1048576,)
2024-06-24 21:44:23,441:INFO:Loaded ./dataset/data/RPi3Dump/rpi3_34.bin with shape (1048576,)
2024-06-24 21:44:23,441:INFO:Loaded ./dataset/data/RPi3Dump/rpi3_4.bin with shape (1048576,)
2024-06-24 21:44:23,442:INFO:Loaded ./dataset/data/RPi3Dump/rpi3_5.bin with shape (1048576,)
2024-06-24 21:44:23,442:INFO:Loaded ./dataset/data/RPi3Dump/rpi3_35.bin with shape (1048576,)
2024-06-24 21:44:23,443:INFO:Loaded ./dataset/data/RPi3Dump/rpi3_21.bin with shape (1048576,)
2024-06-24 21:44:23,443:INFO:Loaded ./dataset/data/RPi3Dump/rpi3_40.bin with shape (1048576,)
2024-06-24 21:44:23,444:INFO:Loaded ./dataset/data/RPi3Dump/rpi3_41.bin with shape (1048576,)
2024-06-24 21:44:23,444:INFO:Loaded ./dataset/data/RPi3Dump/rpi3_42.bin with shape (1048576,)
2024-06-24 21:44:23,492:INFO:Loaded ./dataset/data/test/RPi1Dump/rpi1_22_corrMid.bin with shape (1048576,)
2024-06-24 21:44:23,493:INFO:Loaded ./dataset/data/test/RPi1Dump/rpi1_12_corrBot.bin with shape (1048576,)
2024-06-24 21:44:23,494:INFO:Loaded ./dataset/data/test/RPi1Dump/rpi1_4_corrMid.bin with shape (1048576,)
2024-06-24 21:44:23,495:INFO:Loaded ./dataset/data/test/RPi1Dump/rpi1_31_corrTop.bin with shape (1048576,)
2024-06-24 21:44:23,496:INFO:Loaded ./dataset/data/test/RPi1Dump/rpi1_6_corrBot.bin with shape (1048576,)
2024-06-24 21:44:23,497:INFO:Loaded ./dataset/data/test/RPi1Dump/rpi1_10_corrMid.bin with shape (1048576,)
2024-06-24 21:44:23,498:INFO:Loaded ./dataset/data/test/RPi1Dump/rpi1_41_corrTop.bin with shape (1048576,)
2024-06-24 21:44:23,499:INFO:Loaded ./dataset/data/test/RPi1Dump/rpi1_20_corrBot.bin with shape (1048576,)
2024-06-24 21:44:23,499:INFO:Loaded ./dataset/data/test/RPi1Dump/rpi1_35_corrBot.bin with shape (1048576,)
2024-06-24 21:44:23,500:INFO:Loaded ./dataset/data/test/RPi1Dump/rpi1_2_corrTop.bin with shape (1048576,)
2024-06-24 21:44:23,501:INFO:Loaded ./dataset/data/test/RPi1Dump/rpi1_24_corrTop.bin with shape (1048576,)
2024-06-24 21:44:23,501:INFO:Loaded ./dataset/data/test/RPi1Dump/rpi1_19_corrMid.bin with shape (1048576,)
2024-06-24 21:44:23,502:INFO:Loaded ./dataset/data/test/RPi1Dump/rpi1_38_corrTop.bin with shape (1048576,)
2024-06-24 21:44:23,503:INFO:Loaded ./dataset/data/test/RPi1Dump/rpi1_37_corrMid.bin with shape (1048576,)
2024-06-24 21:44:23,514:INFO:Loaded ./dataset/data/test/RPi1Dump/rpi1_29_corrBot.bin with shape (1048576,)
2024-06-24 21:44:23,515:INFO:Loaded ./dataset/data/test/RPi1Dump/rpi1_16_corrTop.bin with shape (1048576,)
2024-06-24 21:44:23,516:INFO:Loaded ./dataset/data/test/RPi1Dump/rpi1_21_corrTop.bin with shape (1048576,)
2024-06-24 21:44:23,516:INFO:Loaded ./dataset/data/test/RPi1Dump/rpi1_8_corrMid.bin with shape (1048576,)
2024-06-24 21:44:23,517:INFO:Loaded ./dataset/data/test/RPi1Dump/rpi1_7_corrTop.bin with shape (1048576,)
2024-06-24 21:44:23,518:INFO:Loaded ./dataset/data/test/RPi1Dump/rpi1_30_corrBot.bin with shape (1048576,)
2024-06-24 21:44:23,518:INFO:Loaded ./dataset/data/test/RPi1Dump/rpi1_40_corrBot.bin with shape (1048576,)
2024-06-24 21:44:23,519:INFO:Loaded ./dataset/data/test/RPi1Dump/rpi1_13_corrTop.bin with shape (1048576,)
2024-06-24 21:44:23,520:INFO:Loaded ./dataset/data/test/RPi1Dump/rpi1_42_corrMid.bin with shape (1048576,)
2024-06-24 21:44:23,521:INFO:Loaded ./dataset/data/test/RPi1Dump/rpi1_32_corrMid.bin with shape (1048576,)
2024-06-24 21:44:23,522:INFO:Loaded ./dataset/data/test/RPi1Dump/rpi1_1_corrMid.bin with shape (1048576,)
2024-06-24 21:44:23,522:INFO:Loaded ./dataset/data/test/RPi1Dump/rpi1_28_corrTop.bin with shape (1048576,)
2024-06-24 21:44:23,523:INFO:Loaded ./dataset/data/test/RPi1Dump/rpi1_17_corrBot.bin with shape (1048576,)
2024-06-24 21:44:23,524:INFO:Loaded ./dataset/data/test/RPi1Dump/rpi1_39_corrBot.bin with shape (1048576,)
2024-06-24 21:44:23,525:INFO:Loaded ./dataset/data/test/RPi1Dump/rpi1_27_corrMid.bin with shape (1048576,)
2024-06-24 21:44:23,525:INFO:Loaded ./dataset/data/test/RPi1Dump/rpi1_25_corrBot.bin with shape (1048576,)
2024-06-24 21:44:23,526:INFO:Loaded ./dataset/data/test/RPi1Dump/rpi1_15_corrMid.bin with shape (1048576,)
2024-06-24 21:44:23,527:INFO:Loaded ./dataset/data/test/RPi1Dump/rpi1_3_corrBot.bin with shape (1048576,)
2024-06-24 21:44:23,528:INFO:Loaded ./dataset/data/test/RPi1Dump/rpi1_34_corrTop.bin with shape (1048576,)
2024-06-24 21:44:23,529:INFO:Loaded ./dataset/data/test/RPi1Dump/rpi1_16_corrMid.bin with shape (1048576,)
2024-06-24 21:44:23,530:INFO:Loaded ./dataset/data/test/RPi1Dump/rpi1_37_corrTop.bin with shape (1048576,)
2024-06-24 21:44:23,531:INFO:Loaded ./dataset/data/test/RPi1Dump/rpi1_0_corrBot.bin with shape (1048576,)
2024-06-24 21:44:23,531:INFO:Loaded ./dataset/data/test/RPi1Dump/rpi1_26_corrBot.bin with shape (1048576,)
2024-06-24 21:44:23,532:INFO:Loaded ./dataset/data/test/RPi1Dump/rpi1_38_corrMid.bin with shape (1048576,)
2024-06-24 21:44:23,533:INFO:Loaded ./dataset/data/test/RPi1Dump/rpi1_19_corrTop.bin with shape (1048576,)
2024-06-24 21:44:23,534:INFO:Loaded ./dataset/data/test/RPi1Dump/rpi1_24_corrMid.bin with shape (1048576,)
2024-06-24 21:44:23,534:INFO:Loaded ./dataset/data/test/RPi1Dump/rpi1_2_corrMid.bin with shape (1048576,)
2024-06-24 21:44:23,535:INFO:Loaded ./dataset/data/test/RPi1Dump/rpi1_14_corrBot.bin with shape (1048576,)
2024-06-24 21:44:23,536:INFO:Loaded ./dataset/data/test/RPi1Dump/rpi1_9_corrBot.bin with shape (1048576,)
2024-06-24 21:44:23,537:INFO:Loaded ./dataset/data/test/RPi1Dump/rpi1_41_corrMid.bin with shape (1048576,)
2024-06-24 21:44:23,537:INFO:Loaded ./dataset/data/test/RPi1Dump/rpi1_10_corrTop.bin with shape (1048576,)
2024-06-24 21:44:23,538:INFO:Loaded ./dataset/data/test/RPi1Dump/rpi1_31_corrMid.bin with shape (1048576,)
2024-06-24 21:44:23,539:INFO:Loaded ./dataset/data/test/RPi1Dump/rpi1_33_corrBot.bin with shape (1048576,)
2024-06-24 21:44:23,540:INFO:Loaded ./dataset/data/test/RPi1Dump/rpi1_4_corrTop.bin with shape (1048576,)
2024-06-24 21:44:23,540:INFO:Loaded ./dataset/data/test/RPi1Dump/rpi1_22_corrTop.bin with shape (1048576,)
2024-06-24 21:44:23,541:INFO:Loaded ./dataset/data/test/RPi1Dump/rpi1_34_corrMid.bin with shape (1048576,)
2024-06-24 21:44:23,542:INFO:Loaded ./dataset/data/test/RPi1Dump/rpi1_15_corrTop.bin with shape (1048576,)
2024-06-24 21:44:23,543:INFO:Loaded ./dataset/data/test/RPi1Dump/rpi1_27_corrTop.bin with shape (1048576,)
2024-06-24 21:44:23,544:INFO:Loaded ./dataset/data/test/RPi1Dump/rpi1_18_corrBot.bin with shape (1048576,)
2024-06-24 21:44:23,545:INFO:Loaded ./dataset/data/test/RPi1Dump/rpi1_28_corrMid.bin with shape (1048576,)
2024-06-24 21:44:23,546:INFO:Loaded ./dataset/data/test/RPi1Dump/rpi1_1_corrTop.bin with shape (1048576,)
2024-06-24 21:44:23,547:INFO:Loaded ./dataset/data/test/RPi1Dump/rpi1_36_corrBot.bin with shape (1048576,)
2024-06-24 21:44:23,548:INFO:Loaded ./dataset/data/test/RPi1Dump/rpi1_23_corrBot.bin with shape (1048576,)
2024-06-24 21:44:23,548:INFO:Loaded ./dataset/data/test/RPi1Dump/rpi1_5_corrBot.bin with shape (1048576,)
2024-06-24 21:44:23,549:INFO:Loaded ./dataset/data/test/RPi1Dump/rpi1_32_corrTop.bin with shape (1048576,)
2024-06-24 21:44:23,550:INFO:Loaded ./dataset/data/test/RPi1Dump/rpi1_42_corrTop.bin with shape (1048576,)
2024-06-24 21:44:23,550:INFO:Loaded ./dataset/data/test/RPi1Dump/rpi1_13_corrMid.bin with shape (1048576,)
2024-06-24 21:44:23,551:INFO:Loaded ./dataset/data/test/RPi1Dump/rpi1_11_corrBot.bin with shape (1048576,)
2024-06-24 21:44:23,552:INFO:Loaded ./dataset/data/test/RPi1Dump/rpi1_7_corrMid.bin with shape (1048576,)
2024-06-24 21:44:23,553:INFO:Loaded ./dataset/data/test/RPi1Dump/rpi1_8_corrTop.bin with shape (1048576,)
2024-06-24 21:44:23,553:INFO:Loaded ./dataset/data/test/RPi1Dump/rpi1_21_corrMid.bin with shape (1048576,)
2024-06-24 21:44:23,554:INFO:Loaded ./dataset/data/test/RPi1Dump/rpi1_24_corrBot.bin with shape (1048576,)
2024-06-24 21:44:23,555:INFO:Loaded ./dataset/data/test/RPi1Dump/rpi1_35_corrTop.bin with shape (1048576,)
2024-06-24 21:44:23,556:INFO:Loaded ./dataset/data/test/RPi1Dump/rpi1_2_corrBot.bin with shape (1048576,)
2024-06-24 21:44:23,556:INFO:Loaded ./dataset/data/test/RPi1Dump/rpi1_14_corrMid.bin with shape (1048576,)
2024-06-24 21:44:23,557:INFO:Loaded ./dataset/data/test/RPi1Dump/rpi1_16_corrBot.bin with shape (1048576,)
2024-06-24 21:44:23,558:INFO:Loaded ./dataset/data/test/RPi1Dump/rpi1_29_corrTop.bin with shape (1048576,)
2024-06-24 21:44:23,558:INFO:Loaded ./dataset/data/test/RPi1Dump/rpi1_0_corrMid.bin with shape (1048576,)
2024-06-24 21:44:23,559:INFO:Loaded ./dataset/data/test/RPi1Dump/rpi1_26_corrMid.bin with shape (1048576,)
2024-06-24 21:44:23,561:INFO:Loaded ./dataset/data/test/RPi1Dump/rpi1_38_corrBot.bin with shape (1048576,)
2024-06-24 21:44:23,562:INFO:Loaded ./dataset/data/test/RPi1Dump/rpi1_33_corrMid.bin with shape (1048576,)
2024-06-24 21:44:23,563:INFO:Loaded ./dataset/data/test/RPi1Dump/rpi1_12_corrTop.bin with shape (1048576,)
2024-06-24 21:44:23,563:INFO:Loaded ./dataset/data/test/RPi1Dump/rpi1_9_corrMid.bin with shape (1048576,)
2024-06-24 21:44:23,564:INFO:Loaded ./dataset/data/test/RPi1Dump/rpi1_20_corrTop.bin with shape (1048576,)
2024-06-24 21:44:23,565:INFO:Loaded ./dataset/data/test/RPi1Dump/rpi1_41_corrBot.bin with shape (1048576,)
2024-06-24 21:44:23,566:INFO:Loaded ./dataset/data/test/RPi1Dump/rpi1_31_corrBot.bin with shape (1048576,)
2024-06-24 21:44:23,566:INFO:Loaded ./dataset/data/test/RPi1Dump/rpi1_6_corrTop.bin with shape (1048576,)
2024-06-24 21:44:23,567:INFO:Loaded ./dataset/data/test/RPi1Dump/rpi1_39_corrTop.bin with shape (1048576,)
2024-06-24 21:44:23,568:INFO:Loaded ./dataset/data/test/RPi1Dump/rpi1_18_corrMid.bin with shape (1048576,)
2024-06-24 21:44:23,568:INFO:Loaded ./dataset/data/test/RPi1Dump/rpi1_17_corrTop.bin with shape (1048576,)
2024-06-24 21:44:23,569:INFO:Loaded ./dataset/data/test/RPi1Dump/rpi1_28_corrBot.bin with shape (1048576,)
2024-06-24 21:44:23,570:INFO:Loaded ./dataset/data/test/RPi1Dump/rpi1_36_corrMid.bin with shape (1048576,)
2024-06-24 21:44:23,571:INFO:Loaded ./dataset/data/test/RPi1Dump/rpi1_3_corrTop.bin with shape (1048576,)
2024-06-24 21:44:23,571:INFO:Loaded ./dataset/data/test/RPi1Dump/rpi1_34_corrBot.bin with shape (1048576,)
2024-06-24 21:44:23,572:INFO:Loaded ./dataset/data/test/RPi1Dump/rpi1_25_corrTop.bin with shape (1048576,)
2024-06-24 21:44:23,573:INFO:Loaded ./dataset/data/test/RPi1Dump/rpi1_11_corrMid.bin with shape (1048576,)
2024-06-24 21:44:23,573:INFO:Loaded ./dataset/data/test/RPi1Dump/rpi1_40_corrTop.bin with shape (1048576,)
2024-06-24 21:44:23,574:INFO:Loaded ./dataset/data/test/RPi1Dump/rpi1_7_corrBot.bin with shape (1048576,)
2024-06-24 21:44:23,575:INFO:Loaded ./dataset/data/test/RPi1Dump/rpi1_30_corrTop.bin with shape (1048576,)
2024-06-24 21:44:23,577:INFO:Loaded ./dataset/data/test/RPi1Dump/rpi1_21_corrBot.bin with shape (1048576,)
2024-06-24 21:44:23,578:INFO:Loaded ./dataset/data/test/RPi1Dump/rpi1_23_corrMid.bin with shape (1048576,)
2024-06-24 21:44:23,580:INFO:Loaded ./dataset/data/test/RPi1Dump/rpi1_5_corrMid.bin with shape (1048576,)
2024-06-24 21:44:23,581:INFO:Loaded ./dataset/data/test/RPi1Dump/rpi1_13_corrBot.bin with shape (1048576,)
2024-06-24 21:44:23,582:INFO:Loaded ./dataset/data/test/RPi1Dump/rpi1_6_corrMid.bin with shape (1048576,)
2024-06-24 21:44:23,583:INFO:Loaded ./dataset/data/test/RPi1Dump/rpi1_10_corrBot.bin with shape (1048576,)
2024-06-24 21:44:23,583:INFO:Loaded ./dataset/data/test/RPi1Dump/rpi1_20_corrMid.bin with shape (1048576,)
2024-06-24 21:44:23,584:INFO:Loaded ./dataset/data/test/RPi1Dump/rpi1_9_corrTop.bin with shape (1048576,)
2024-06-24 21:44:23,585:INFO:Loaded ./dataset/data/test/RPi1Dump/rpi1_22_corrBot.bin with shape (1048576,)
2024-06-24 21:44:23,586:INFO:Loaded ./dataset/data/test/RPi1Dump/rpi1_12_corrMid.bin with shape (1048576,)
2024-06-24 21:44:23,586:INFO:Loaded ./dataset/data/test/RPi1Dump/rpi1_33_corrTop.bin with shape (1048576,)
2024-06-24 21:44:23,587:INFO:Loaded ./dataset/data/test/RPi1Dump/rpi1_4_corrBot.bin with shape (1048576,)
2024-06-24 21:44:23,588:INFO:Loaded ./dataset/data/test/RPi1Dump/rpi1_19_corrBot.bin with shape (1048576,)
2024-06-24 21:44:23,589:INFO:Loaded ./dataset/data/test/RPi1Dump/rpi1_26_corrTop.bin with shape (1048576,)
2024-06-24 21:44:23,589:INFO:Loaded ./dataset/data/test/RPi1Dump/rpi1_37_corrBot.bin with shape (1048576,)
2024-06-24 21:44:23,590:INFO:Loaded ./dataset/data/test/RPi1Dump/rpi1_0_corrTop.bin with shape (1048576,)
2024-06-24 21:44:23,591:INFO:Loaded ./dataset/data/test/RPi1Dump/rpi1_29_corrMid.bin with shape (1048576,)
2024-06-24 21:44:23,592:INFO:Loaded ./dataset/data/test/RPi1Dump/rpi1_14_corrTop.bin with shape (1048576,)
2024-06-24 21:44:23,593:INFO:Loaded ./dataset/data/test/RPi1Dump/rpi1_35_corrMid.bin with shape (1048576,)
2024-06-24 21:44:23,594:INFO:Loaded ./dataset/data/test/RPi1Dump/rpi1_42_corrBot.bin with shape (1048576,)
2024-06-24 21:44:23,595:INFO:Loaded ./dataset/data/test/RPi1Dump/rpi1_5_corrTop.bin with shape (1048576,)
2024-06-24 21:44:23,596:INFO:Loaded ./dataset/data/test/RPi1Dump/rpi1_32_corrBot.bin with shape (1048576,)
2024-06-24 21:44:23,596:INFO:Loaded ./dataset/data/test/RPi1Dump/rpi1_23_corrTop.bin with shape (1048576,)
2024-06-24 21:44:23,597:INFO:Loaded ./dataset/data/test/RPi1Dump/rpi1_8_corrBot.bin with shape (1048576,)
2024-06-24 21:44:23,598:INFO:Loaded ./dataset/data/test/RPi1Dump/rpi1_30_corrMid.bin with shape (1048576,)
2024-06-24 21:44:23,599:INFO:Loaded ./dataset/data/test/RPi1Dump/rpi1_40_corrMid.bin with shape (1048576,)
2024-06-24 21:44:23,600:INFO:Loaded ./dataset/data/test/RPi1Dump/rpi1_11_corrTop.bin with shape (1048576,)
2024-06-24 21:44:23,601:INFO:Loaded ./dataset/data/test/RPi1Dump/rpi1_25_corrMid.bin with shape (1048576,)
2024-06-24 21:44:23,602:INFO:Loaded ./dataset/data/test/RPi1Dump/rpi1_15_corrBot.bin with shape (1048576,)
2024-06-24 21:44:23,603:INFO:Loaded ./dataset/data/test/RPi1Dump/rpi1_3_corrMid.bin with shape (1048576,)
2024-06-24 21:44:23,603:INFO:Loaded ./dataset/data/test/RPi1Dump/rpi1_1_corrBot.bin with shape (1048576,)
2024-06-24 21:44:23,604:INFO:Loaded ./dataset/data/test/RPi1Dump/rpi1_36_corrTop.bin with shape (1048576,)
2024-06-24 21:44:23,605:INFO:Loaded ./dataset/data/test/RPi1Dump/rpi1_17_corrMid.bin with shape (1048576,)
2024-06-24 21:44:23,606:INFO:Loaded ./dataset/data/test/RPi1Dump/rpi1_18_corrTop.bin with shape (1048576,)
2024-06-24 21:44:23,606:INFO:Loaded ./dataset/data/test/RPi1Dump/rpi1_39_corrMid.bin with shape (1048576,)
2024-06-24 21:44:23,607:INFO:Loaded ./dataset/data/test/RPi1Dump/rpi1_27_corrBot.bin with shape (1048576,)
2024-06-24 21:44:23,609:INFO:Loaded ./dataset/data/test/RPi2Dump/rpi2_14_corrBot.bin with shape (1048576,)
2024-06-24 21:44:23,610:INFO:Loaded ./dataset/data/test/RPi2Dump/rpi2_1_corrMid.bin with shape (1048576,)
2024-06-24 21:44:23,611:INFO:Loaded ./dataset/data/test/RPi2Dump/rpi2_24_corrMid.bin with shape (1048576,)
2024-06-24 21:44:23,612:INFO:Loaded ./dataset/data/test/RPi2Dump/rpi2_26_corrBot.bin with shape (1048576,)
2024-06-24 21:44:23,613:INFO:Loaded ./dataset/data/test/RPi2Dump/rpi2_38_corrMid.bin with shape (1048576,)
2024-06-24 21:44:23,614:INFO:Loaded ./dataset/data/test/RPi2Dump/rpi2_19_corrTop.bin with shape (1048576,)
2024-06-24 21:44:23,614:INFO:Loaded ./dataset/data/test/RPi2Dump/rpi2_16_corrMid.bin with shape (1048576,)
2024-06-24 21:44:23,615:INFO:Loaded ./dataset/data/test/RPi2Dump/rpi2_3_corrBot.bin with shape (1048576,)
2024-06-24 21:44:23,616:INFO:Loaded ./dataset/data/test/RPi2Dump/rpi2_37_corrTop.bin with shape (1048576,)
2024-06-24 21:44:23,617:INFO:Loaded ./dataset/data/test/RPi2Dump/rpi2_8_corrMid.bin with shape (1048576,)
2024-06-24 21:44:23,617:INFO:Loaded ./dataset/data/test/RPi2Dump/rpi2_22_corrTop.bin with shape (1048576,)
2024-06-24 21:44:23,618:INFO:Loaded ./dataset/data/test/RPi2Dump/rpi2_33_corrBot.bin with shape (1048576,)
2024-06-24 21:44:23,619:INFO:Loaded ./dataset/data/test/RPi2Dump/rpi2_7_corrTop.bin with shape (1048576,)
2024-06-24 21:44:23,620:INFO:Loaded ./dataset/data/test/RPi2Dump/rpi2_41_corrMid.bin with shape (1048576,)
2024-06-24 21:44:23,620:INFO:Loaded ./dataset/data/test/RPi2Dump/rpi2_10_corrTop.bin with shape (1048576,)
2024-06-24 21:44:23,621:INFO:Loaded ./dataset/data/test/RPi2Dump/rpi2_31_corrMid.bin with shape (1048576,)
2024-06-24 21:44:23,622:INFO:Loaded ./dataset/data/test/RPi2Dump/rpi2_2_corrTop.bin with shape (1048576,)
2024-06-24 21:44:23,623:INFO:Loaded ./dataset/data/test/RPi2Dump/rpi2_28_corrMid.bin with shape (1048576,)
2024-06-24 21:44:23,623:INFO:Loaded ./dataset/data/test/RPi2Dump/rpi2_36_corrBot.bin with shape (1048576,)
2024-06-24 21:44:23,624:INFO:Loaded ./dataset/data/test/RPi2Dump/rpi2_27_corrTop.bin with shape (1048576,)
2024-06-24 21:44:23,625:INFO:Loaded ./dataset/data/test/RPi2Dump/rpi2_18_corrBot.bin with shape (1048576,)
2024-06-24 21:44:23,626:INFO:Loaded ./dataset/data/test/RPi2Dump/rpi2_34_corrMid.bin with shape (1048576,)
2024-06-24 21:44:23,628:INFO:Loaded ./dataset/data/test/RPi2Dump/rpi2_15_corrTop.bin with shape (1048576,)
2024-06-24 21:44:23,629:INFO:Loaded ./dataset/data/test/RPi2Dump/rpi2_21_corrMid.bin with shape (1048576,)
2024-06-24 21:44:23,630:INFO:Loaded ./dataset/data/test/RPi2Dump/rpi2_4_corrMid.bin with shape (1048576,)
2024-06-24 21:44:23,631:INFO:Loaded ./dataset/data/test/RPi2Dump/rpi2_11_corrBot.bin with shape (1048576,)
2024-06-24 21:44:23,632:INFO:Loaded ./dataset/data/test/RPi2Dump/rpi2_32_corrTop.bin with shape (1048576,)
2024-06-24 21:44:23,632:INFO:Loaded ./dataset/data/test/RPi2Dump/rpi2_6_corrBot.bin with shape (1048576,)
2024-06-24 21:44:23,633:INFO:Loaded ./dataset/data/test/RPi2Dump/rpi2_42_corrTop.bin with shape (1048576,)
2024-06-24 21:44:23,634:INFO:Loaded ./dataset/data/test/RPi2Dump/rpi2_13_corrMid.bin with shape (1048576,)
2024-06-24 21:44:23,635:INFO:Loaded ./dataset/data/test/RPi2Dump/rpi2_23_corrBot.bin with shape (1048576,)
2024-06-24 21:44:23,635:INFO:Loaded ./dataset/data/test/RPi2Dump/rpi2_20_corrBot.bin with shape (1048576,)
2024-06-24 21:44:23,636:INFO:Loaded ./dataset/data/test/RPi2Dump/rpi2_31_corrTop.bin with shape (1048576,)
2024-06-24 21:44:23,637:INFO:Loaded ./dataset/data/test/RPi2Dump/rpi2_10_corrMid.bin with shape (1048576,)
2024-06-24 21:44:23,638:INFO:Loaded ./dataset/data/test/RPi2Dump/rpi2_41_corrTop.bin with shape (1048576,)
2024-06-24 21:44:23,638:INFO:Loaded ./dataset/data/test/RPi2Dump/rpi2_5_corrBot.bin with shape (1048576,)
2024-06-24 21:44:23,639:INFO:Loaded ./dataset/data/test/RPi2Dump/rpi2_12_corrBot.bin with shape (1048576,)
2024-06-24 21:44:23,640:INFO:Loaded ./dataset/data/test/RPi2Dump/rpi2_7_corrMid.bin with shape (1048576,)
2024-06-24 21:44:23,641:INFO:Loaded ./dataset/data/test/RPi2Dump/rpi2_22_corrMid.bin with shape (1048576,)
2024-06-24 21:44:23,641:INFO:Loaded ./dataset/data/test/RPi2Dump/rpi2_8_corrTop.bin with shape (1048576,)
2024-06-24 21:44:23,642:INFO:Loaded ./dataset/data/test/RPi2Dump/rpi2_37_corrMid.bin with shape (1048576,)
2024-06-24 21:44:23,643:INFO:Loaded ./dataset/data/test/RPi2Dump/rpi2_29_corrBot.bin with shape (1048576,)
2024-06-24 21:44:23,644:INFO:Loaded ./dataset/data/test/RPi2Dump/rpi2_16_corrTop.bin with shape (1048576,)
2024-06-24 21:44:23,645:INFO:Loaded ./dataset/data/test/RPi2Dump/rpi2_19_corrMid.bin with shape (1048576,)
2024-06-24 21:44:23,646:INFO:Loaded ./dataset/data/test/RPi2Dump/rpi2_38_corrTop.bin with shape (1048576,)
2024-06-24 21:44:23,646:INFO:Loaded ./dataset/data/test/RPi2Dump/rpi2_24_corrTop.bin with shape (1048576,)
2024-06-24 21:44:23,647:INFO:Loaded ./dataset/data/test/RPi2Dump/rpi2_1_corrTop.bin with shape (1048576,)
2024-06-24 21:44:23,648:INFO:Loaded ./dataset/data/test/RPi2Dump/rpi2_35_corrBot.bin with shape (1048576,)
2024-06-24 21:44:23,648:INFO:Loaded ./dataset/data/test/RPi2Dump/rpi2_9_corrBot.bin with shape (1048576,)
2024-06-24 21:44:23,649:INFO:Loaded ./dataset/data/test/RPi2Dump/rpi2_13_corrTop.bin with shape (1048576,)
2024-06-24 21:44:23,650:INFO:Loaded ./dataset/data/test/RPi2Dump/rpi2_42_corrMid.bin with shape (1048576,)
2024-06-24 21:44:23,650:INFO:Loaded ./dataset/data/test/RPi2Dump/rpi2_32_corrMid.bin with shape (1048576,)
2024-06-24 21:44:23,651:INFO:Loaded ./dataset/data/test/RPi2Dump/rpi2_30_corrBot.bin with shape (1048576,)
2024-06-24 21:44:23,652:INFO:Loaded ./dataset/data/test/RPi2Dump/rpi2_4_corrTop.bin with shape (1048576,)
2024-06-24 21:44:23,653:INFO:Loaded ./dataset/data/test/RPi2Dump/rpi2_40_corrBot.bin with shape (1048576,)
2024-06-24 21:44:23,653:INFO:Loaded ./dataset/data/test/RPi2Dump/rpi2_21_corrTop.bin with shape (1048576,)
2024-06-24 21:44:23,654:INFO:Loaded ./dataset/data/test/RPi2Dump/rpi2_0_corrBot.bin with shape (1048576,)
2024-06-24 21:44:23,655:INFO:Loaded ./dataset/data/test/RPi2Dump/rpi2_15_corrMid.bin with shape (1048576,)
2024-06-24 21:44:23,655:INFO:Loaded ./dataset/data/test/RPi2Dump/rpi2_34_corrTop.bin with shape (1048576,)
2024-06-24 21:44:23,656:INFO:Loaded ./dataset/data/test/RPi2Dump/rpi2_25_corrBot.bin with shape (1048576,)
2024-06-24 21:44:23,657:INFO:Loaded ./dataset/data/test/RPi2Dump/rpi2_39_corrBot.bin with shape (1048576,)
2024-06-24 21:44:23,657:INFO:Loaded ./dataset/data/test/RPi2Dump/rpi2_27_corrMid.bin with shape (1048576,)
2024-06-24 21:44:23,658:INFO:Loaded ./dataset/data/test/RPi2Dump/rpi2_28_corrTop.bin with shape (1048576,)
2024-06-24 21:44:23,659:INFO:Loaded ./dataset/data/test/RPi2Dump/rpi2_2_corrMid.bin with shape (1048576,)
2024-06-24 21:44:23,660:INFO:Loaded ./dataset/data/test/RPi2Dump/rpi2_17_corrBot.bin with shape (1048576,)
2024-06-24 21:44:23,662:INFO:Loaded ./dataset/data/test/RPi2Dump/rpi2_12_corrMid.bin with shape (1048576,)
2024-06-24 21:44:23,664:INFO:Loaded ./dataset/data/test/RPi2Dump/rpi2_7_corrBot.bin with shape (1048576,)
2024-06-24 21:44:23,664:INFO:Loaded ./dataset/data/test/RPi2Dump/rpi2_33_corrTop.bin with shape (1048576,)
2024-06-24 21:44:23,665:INFO:Loaded ./dataset/data/test/RPi2Dump/rpi2_22_corrBot.bin with shape (1048576,)
2024-06-24 21:44:23,666:INFO:Loaded ./dataset/data/test/RPi2Dump/rpi2_20_corrMid.bin with shape (1048576,)
2024-06-24 21:44:23,667:INFO:Loaded ./dataset/data/test/RPi2Dump/rpi2_10_corrBot.bin with shape (1048576,)
2024-06-24 21:44:23,668:INFO:Loaded ./dataset/data/test/RPi2Dump/rpi2_5_corrMid.bin with shape (1048576,)
2024-06-24 21:44:23,668:INFO:Loaded ./dataset/data/test/RPi2Dump/rpi2_14_corrTop.bin with shape (1048576,)
2024-06-24 21:44:23,670:INFO:Loaded ./dataset/data/test/RPi2Dump/rpi2_35_corrMid.bin with shape (1048576,)
2024-06-24 21:44:23,671:INFO:Loaded ./dataset/data/test/RPi2Dump/rpi2_37_corrBot.bin with shape (1048576,)
2024-06-24 21:44:23,671:INFO:Loaded ./dataset/data/test/RPi2Dump/rpi2_29_corrMid.bin with shape (1048576,)
2024-06-24 21:44:23,672:INFO:Loaded ./dataset/data/test/RPi2Dump/rpi2_3_corrTop.bin with shape (1048576,)
2024-06-24 21:44:23,673:INFO:Loaded ./dataset/data/test/RPi2Dump/rpi2_19_corrBot.bin with shape (1048576,)
2024-06-24 21:44:23,690:INFO:Loaded ./dataset/data/test/RPi2Dump/rpi2_26_corrTop.bin with shape (1048576,)
2024-06-24 21:44:23,691:INFO:Loaded ./dataset/data/test/RPi2Dump/rpi2_30_corrMid.bin with shape (1048576,)
2024-06-24 21:44:23,703:INFO:Loaded ./dataset/data/test/RPi2Dump/rpi2_40_corrMid.bin with shape (1048576,)
2024-06-24 21:44:23,704:INFO:Loaded ./dataset/data/test/RPi2Dump/rpi2_11_corrTop.bin with shape (1048576,)
2024-06-24 21:44:23,704:INFO:Loaded ./dataset/data/test/RPi2Dump/rpi2_23_corrTop.bin with shape (1048576,)
2024-06-24 21:44:23,705:INFO:Loaded ./dataset/data/test/RPi2Dump/rpi2_9_corrMid.bin with shape (1048576,)
2024-06-24 21:44:23,706:INFO:Loaded ./dataset/data/test/RPi2Dump/rpi2_6_corrTop.bin with shape (1048576,)
2024-06-24 21:44:23,707:INFO:Loaded ./dataset/data/test/RPi2Dump/rpi2_42_corrBot.bin with shape (1048576,)
2024-06-24 21:44:23,707:INFO:Loaded ./dataset/data/test/RPi2Dump/rpi2_32_corrBot.bin with shape (1048576,)
2024-06-24 21:44:23,708:INFO:Loaded ./dataset/data/test/RPi2Dump/rpi2_18_corrTop.bin with shape (1048576,)
2024-06-24 21:44:23,709:INFO:Loaded ./dataset/data/test/RPi2Dump/rpi2_39_corrMid.bin with shape (1048576,)
2024-06-24 21:44:23,710:INFO:Loaded ./dataset/data/test/RPi2Dump/rpi2_27_corrBot.bin with shape (1048576,)
2024-06-24 21:44:23,711:INFO:Loaded ./dataset/data/test/RPi2Dump/rpi2_36_corrTop.bin with shape (1048576,)
2024-06-24 21:44:23,712:INFO:Loaded ./dataset/data/test/RPi2Dump/rpi2_2_corrBot.bin with shape (1048576,)
2024-06-24 21:44:23,713:INFO:Loaded ./dataset/data/test/RPi2Dump/rpi2_17_corrMid.bin with shape (1048576,)
2024-06-24 21:44:23,714:INFO:Loaded ./dataset/data/test/RPi2Dump/rpi2_0_corrMid.bin with shape (1048576,)
2024-06-24 21:44:23,714:INFO:Loaded ./dataset/data/test/RPi2Dump/rpi2_15_corrBot.bin with shape (1048576,)
2024-06-24 21:44:23,715:INFO:Loaded ./dataset/data/test/RPi2Dump/rpi2_25_corrMid.bin with shape (1048576,)
2024-06-24 21:44:23,726:INFO:Loaded ./dataset/data/test/RPi2Dump/rpi2_26_corrMid.bin with shape (1048576,)
2024-06-24 21:44:23,727:INFO:Loaded ./dataset/data/test/RPi2Dump/rpi2_38_corrBot.bin with shape (1048576,)
2024-06-24 21:44:23,729:INFO:Loaded ./dataset/data/test/RPi2Dump/rpi2_16_corrBot.bin with shape (1048576,)
2024-06-24 21:44:23,730:INFO:Loaded ./dataset/data/test/RPi2Dump/rpi2_3_corrMid.bin with shape (1048576,)
2024-06-24 21:44:23,731:INFO:Loaded ./dataset/data/test/RPi2Dump/rpi2_29_corrTop.bin with shape (1048576,)
2024-06-24 21:44:23,732:INFO:Loaded ./dataset/data/test/RPi2Dump/rpi2_35_corrTop.bin with shape (1048576,)
2024-06-24 21:44:23,733:INFO:Loaded ./dataset/data/test/RPi2Dump/rpi2_14_corrMid.bin with shape (1048576,)
2024-06-24 21:44:23,734:INFO:Loaded ./dataset/data/test/RPi2Dump/rpi2_1_corrBot.bin with shape (1048576,)
2024-06-24 21:44:23,735:INFO:Loaded ./dataset/data/test/RPi2Dump/rpi2_24_corrBot.bin with shape (1048576,)
2024-06-24 21:44:23,735:INFO:Loaded ./dataset/data/test/RPi2Dump/rpi2_41_corrBot.bin with shape (1048576,)
2024-06-24 21:44:23,736:INFO:Loaded ./dataset/data/test/RPi2Dump/rpi2_5_corrTop.bin with shape (1048576,)
2024-06-24 21:44:23,737:INFO:Loaded ./dataset/data/test/RPi2Dump/rpi2_31_corrBot.bin with shape (1048576,)
2024-06-24 21:44:23,739:INFO:Loaded ./dataset/data/test/RPi2Dump/rpi2_20_corrTop.bin with shape (1048576,)
2024-06-24 21:44:23,739:INFO:Loaded ./dataset/data/test/RPi2Dump/rpi2_8_corrBot.bin with shape (1048576,)
2024-06-24 21:44:23,740:INFO:Loaded ./dataset/data/test/RPi2Dump/rpi2_33_corrMid.bin with shape (1048576,)
2024-06-24 21:44:23,741:INFO:Loaded ./dataset/data/test/RPi2Dump/rpi2_12_corrTop.bin with shape (1048576,)
2024-06-24 21:44:23,742:INFO:Loaded ./dataset/data/test/RPi2Dump/rpi2_25_corrTop.bin with shape (1048576,)
2024-06-24 21:44:23,743:INFO:Loaded ./dataset/data/test/RPi2Dump/rpi2_34_corrBot.bin with shape (1048576,)
2024-06-24 21:44:23,745:INFO:Loaded ./dataset/data/test/RPi2Dump/rpi2_0_corrTop.bin with shape (1048576,)
2024-06-24 21:44:23,747:INFO:Loaded ./dataset/data/test/RPi2Dump/rpi2_17_corrTop.bin with shape (1048576,)
2024-06-24 21:44:23,748:INFO:Loaded ./dataset/data/test/RPi2Dump/rpi2_28_corrBot.bin with shape (1048576,)
2024-06-24 21:44:23,749:INFO:Loaded ./dataset/data/test/RPi2Dump/rpi2_36_corrMid.bin with shape (1048576,)
2024-06-24 21:44:23,750:INFO:Loaded ./dataset/data/test/RPi2Dump/rpi2_39_corrTop.bin with shape (1048576,)
2024-06-24 21:44:23,751:INFO:Loaded ./dataset/data/test/RPi2Dump/rpi2_18_corrMid.bin with shape (1048576,)
2024-06-24 21:44:23,752:INFO:Loaded ./dataset/data/test/RPi2Dump/rpi2_6_corrMid.bin with shape (1048576,)
2024-06-24 21:44:23,753:INFO:Loaded ./dataset/data/test/RPi2Dump/rpi2_13_corrBot.bin with shape (1048576,)
2024-06-24 21:44:23,753:INFO:Loaded ./dataset/data/test/RPi2Dump/rpi2_9_corrTop.bin with shape (1048576,)
2024-06-24 21:44:23,754:INFO:Loaded ./dataset/data/test/RPi2Dump/rpi2_23_corrMid.bin with shape (1048576,)
2024-06-24 21:44:23,755:INFO:Loaded ./dataset/data/test/RPi2Dump/rpi2_21_corrBot.bin with shape (1048576,)
2024-06-24 21:44:23,756:INFO:Loaded ./dataset/data/test/RPi2Dump/rpi2_4_corrBot.bin with shape (1048576,)
2024-06-24 21:44:23,756:INFO:Loaded ./dataset/data/test/RPi2Dump/rpi2_11_corrMid.bin with shape (1048576,)
2024-06-24 21:44:23,773:INFO:Loaded ./dataset/data/test/RPi2Dump/rpi2_40_corrTop.bin with shape (1048576,)
2024-06-24 21:44:23,774:INFO:Loaded ./dataset/data/test/RPi2Dump/rpi2_30_corrTop.bin with shape (1048576,)
2024-06-24 21:44:23,775:INFO:Loaded ./dataset/data/test/RPi3Dump/rpi3_13_corrMid.bin with shape (1048576,)
2024-06-24 21:44:23,778:INFO:Loaded ./dataset/data/test/RPi3Dump/rpi3_42_corrTop.bin with shape (1048576,)
2024-06-24 21:44:23,779:INFO:Loaded ./dataset/data/test/RPi3Dump/rpi3_32_corrTop.bin with shape (1048576,)
2024-06-24 21:44:23,780:INFO:Loaded ./dataset/data/test/RPi3Dump/rpi3_23_corrBot.bin with shape (1048576,)
2024-06-24 21:44:23,781:INFO:Loaded ./dataset/data/test/RPi3Dump/rpi3_0_corrTop.bin with shape (1048576,)
2024-06-24 21:44:23,782:INFO:Loaded ./dataset/data/test/RPi3Dump/rpi3_21_corrMid.bin with shape (1048576,)
2024-06-24 21:44:23,782:INFO:Loaded ./dataset/data/test/RPi3Dump/rpi3_11_corrBot.bin with shape (1048576,)
2024-06-24 21:44:23,783:INFO:Loaded ./dataset/data/test/RPi3Dump/rpi3_4_corrBot.bin with shape (1048576,)
2024-06-24 21:44:23,784:INFO:Loaded ./dataset/data/test/RPi3Dump/rpi3_15_corrTop.bin with shape (1048576,)
2024-06-24 21:44:23,785:INFO:Loaded ./dataset/data/test/RPi3Dump/rpi3_34_corrMid.bin with shape (1048576,)
2024-06-24 21:44:23,785:INFO:Loaded ./dataset/data/test/RPi3Dump/rpi3_36_corrBot.bin with shape (1048576,)
2024-06-24 21:44:23,786:INFO:Loaded ./dataset/data/test/RPi3Dump/rpi3_28_corrMid.bin with shape (1048576,)
2024-06-24 21:44:23,787:INFO:Loaded ./dataset/data/test/RPi3Dump/rpi3_9_corrTop.bin with shape (1048576,)
2024-06-24 21:44:23,788:INFO:Loaded ./dataset/data/test/RPi3Dump/rpi3_6_corrMid.bin with shape (1048576,)
2024-06-24 21:44:23,788:INFO:Loaded ./dataset/data/test/RPi3Dump/rpi3_18_corrBot.bin with shape (1048576,)
2024-06-24 21:44:23,789:INFO:Loaded ./dataset/data/test/RPi3Dump/rpi3_27_corrTop.bin with shape (1048576,)
2024-06-24 21:44:23,790:INFO:Loaded ./dataset/data/test/RPi3Dump/rpi3_31_corrMid.bin with shape (1048576,)
2024-06-24 21:44:23,791:INFO:Loaded ./dataset/data/test/RPi3Dump/rpi3_10_corrTop.bin with shape (1048576,)
2024-06-24 21:44:23,792:INFO:Loaded ./dataset/data/test/RPi3Dump/rpi3_41_corrMid.bin with shape (1048576,)
2024-06-24 21:44:23,794:INFO:Loaded ./dataset/data/test/RPi3Dump/rpi3_1_corrBot.bin with shape (1048576,)
2024-06-24 21:44:23,795:INFO:Loaded ./dataset/data/test/RPi3Dump/rpi3_22_corrTop.bin with shape (1048576,)
2024-06-24 21:44:23,796:INFO:Loaded ./dataset/data/test/RPi3Dump/rpi3_3_corrMid.bin with shape (1048576,)
2024-06-24 21:44:23,797:INFO:Loaded ./dataset/data/test/RPi3Dump/rpi3_33_corrBot.bin with shape (1048576,)
2024-06-24 21:44:23,798:INFO:Loaded ./dataset/data/test/RPi3Dump/rpi3_19_corrTop.bin with shape (1048576,)
2024-06-24 21:44:23,798:INFO:Loaded ./dataset/data/test/RPi3Dump/rpi3_38_corrMid.bin with shape (1048576,)
2024-06-24 21:44:23,799:INFO:Loaded ./dataset/data/test/RPi3Dump/rpi3_26_corrBot.bin with shape (1048576,)
2024-06-24 21:44:23,800:INFO:Loaded ./dataset/data/test/RPi3Dump/rpi3_37_corrTop.bin with shape (1048576,)
2024-06-24 21:44:23,800:INFO:Loaded ./dataset/data/test/RPi3Dump/rpi3_8_corrBot.bin with shape (1048576,)
2024-06-24 21:44:23,801:INFO:Loaded ./dataset/data/test/RPi3Dump/rpi3_16_corrMid.bin with shape (1048576,)
2024-06-24 21:44:23,802:INFO:Loaded ./dataset/data/test/RPi3Dump/rpi3_14_corrBot.bin with shape (1048576,)
2024-06-24 21:44:23,803:INFO:Loaded ./dataset/data/test/RPi3Dump/rpi3_24_corrMid.bin with shape (1048576,)
2024-06-24 21:44:23,803:INFO:Loaded ./dataset/data/test/RPi3Dump/rpi3_5_corrTop.bin with shape (1048576,)
2024-06-24 21:44:23,804:INFO:Loaded ./dataset/data/test/RPi3Dump/rpi3_27_corrMid.bin with shape (1048576,)
2024-06-24 21:44:23,805:INFO:Loaded ./dataset/data/test/RPi3Dump/rpi3_39_corrBot.bin with shape (1048576,)
2024-06-24 21:44:23,805:INFO:Loaded ./dataset/data/test/RPi3Dump/rpi3_6_corrTop.bin with shape (1048576,)
2024-06-24 21:44:23,806:INFO:Loaded ./dataset/data/test/RPi3Dump/rpi3_17_corrBot.bin with shape (1048576,)
2024-06-24 21:44:23,807:INFO:Loaded ./dataset/data/test/RPi3Dump/rpi3_9_corrMid.bin with shape (1048576,)
2024-06-24 21:44:23,808:INFO:Loaded ./dataset/data/test/RPi3Dump/rpi3_28_corrTop.bin with shape (1048576,)
2024-06-24 21:44:23,808:INFO:Loaded ./dataset/data/test/RPi3Dump/rpi3_34_corrTop.bin with shape (1048576,)
2024-06-24 21:44:23,809:INFO:Loaded ./dataset/data/test/RPi3Dump/rpi3_15_corrMid.bin with shape (1048576,)
2024-06-24 21:44:23,810:INFO:Loaded ./dataset/data/test/RPi3Dump/rpi3_25_corrBot.bin with shape (1048576,)
2024-06-24 21:44:23,812:INFO:Loaded ./dataset/data/test/RPi3Dump/rpi3_40_corrBot.bin with shape (1048576,)
2024-06-24 21:44:23,813:INFO:Loaded ./dataset/data/test/RPi3Dump/rpi3_30_corrBot.bin with shape (1048576,)
2024-06-24 21:44:23,814:INFO:Loaded ./dataset/data/test/RPi3Dump/rpi3_21_corrTop.bin with shape (1048576,)
2024-06-24 21:44:23,815:INFO:Loaded ./dataset/data/test/RPi3Dump/rpi3_0_corrMid.bin with shape (1048576,)
2024-06-24 21:44:23,816:INFO:Loaded ./dataset/data/test/RPi3Dump/rpi3_2_corrBot.bin with shape (1048576,)
2024-06-24 21:44:23,816:INFO:Loaded ./dataset/data/test/RPi3Dump/rpi3_32_corrMid.bin with shape (1048576,)
2024-06-24 21:44:23,817:INFO:Loaded ./dataset/data/test/RPi3Dump/rpi3_42_corrMid.bin with shape (1048576,)
2024-06-24 21:44:23,818:INFO:Loaded ./dataset/data/test/RPi3Dump/rpi3_13_corrTop.bin with shape (1048576,)
2024-06-24 21:44:23,819:INFO:Loaded ./dataset/data/test/RPi3Dump/rpi3_5_corrMid.bin with shape (1048576,)
2024-06-24 21:44:23,820:INFO:Loaded ./dataset/data/test/RPi3Dump/rpi3_24_corrTop.bin with shape (1048576,)
2024-06-24 21:44:23,821:INFO:Loaded ./dataset/data/test/RPi3Dump/rpi3_35_corrBot.bin with shape (1048576,)
2024-06-24 21:44:23,821:INFO:Loaded ./dataset/data/test/RPi3Dump/rpi3_16_corrTop.bin with shape (1048576,)
2024-06-24 21:44:23,822:INFO:Loaded ./dataset/data/test/RPi3Dump/rpi3_29_corrBot.bin with shape (1048576,)
2024-06-24 21:44:23,823:INFO:Loaded ./dataset/data/test/RPi3Dump/rpi3_37_corrMid.bin with shape (1048576,)
2024-06-24 21:44:23,824:INFO:Loaded ./dataset/data/test/RPi3Dump/rpi3_38_corrTop.bin with shape (1048576,)
2024-06-24 21:44:23,824:INFO:Loaded ./dataset/data/test/RPi3Dump/rpi3_19_corrMid.bin with shape (1048576,)
2024-06-24 21:44:23,842:INFO:Loaded ./dataset/data/test/RPi3Dump/rpi3_7_corrBot.bin with shape (1048576,)
2024-06-24 21:44:23,843:INFO:Loaded ./dataset/data/test/RPi3Dump/rpi3_12_corrBot.bin with shape (1048576,)
2024-06-24 21:44:23,844:INFO:Loaded ./dataset/data/test/RPi3Dump/rpi3_3_corrTop.bin with shape (1048576,)
2024-06-24 21:44:23,844:INFO:Loaded ./dataset/data/test/RPi3Dump/rpi3_22_corrMid.bin with shape (1048576,)
2024-06-24 21:44:23,845:INFO:Loaded ./dataset/data/test/RPi3Dump/rpi3_20_corrBot.bin with shape (1048576,)
2024-06-24 21:44:23,846:INFO:Loaded ./dataset/data/test/RPi3Dump/rpi3_41_corrTop.bin with shape (1048576,)
2024-06-24 21:44:23,847:INFO:Loaded ./dataset/data/test/RPi3Dump/rpi3_10_corrMid.bin with shape (1048576,)
2024-06-24 21:44:23,848:INFO:Loaded ./dataset/data/test/RPi3Dump/rpi3_31_corrTop.bin with shape (1048576,)
2024-06-24 21:44:23,848:INFO:Loaded ./dataset/data/test/RPi3Dump/rpi3_15_corrBot.bin with shape (1048576,)
2024-06-24 21:44:23,849:INFO:Loaded ./dataset/data/test/RPi3Dump/rpi3_4_corrTop.bin with shape (1048576,)
2024-06-24 21:44:23,850:INFO:Loaded ./dataset/data/test/RPi3Dump/rpi3_25_corrMid.bin with shape (1048576,)
2024-06-24 21:44:23,850:INFO:Loaded ./dataset/data/test/RPi3Dump/rpi3_27_corrBot.bin with shape (1048576,)
2024-06-24 21:44:23,851:INFO:Loaded ./dataset/data/test/RPi3Dump/rpi3_39_corrMid.bin with shape (1048576,)
2024-06-24 21:44:23,852:INFO:Loaded ./dataset/data/test/RPi3Dump/rpi3_18_corrTop.bin with shape (1048576,)
2024-06-24 21:44:23,853:INFO:Loaded ./dataset/data/test/RPi3Dump/rpi3_17_corrMid.bin with shape (1048576,)
2024-06-24 21:44:23,853:INFO:Loaded ./dataset/data/test/RPi3Dump/rpi3_9_corrBot.bin with shape (1048576,)
2024-06-24 21:44:23,854:INFO:Loaded ./dataset/data/test/RPi3Dump/rpi3_36_corrTop.bin with shape (1048576,)
2024-06-24 21:44:23,855:INFO:Loaded ./dataset/data/test/RPi3Dump/rpi3_2_corrMid.bin with shape (1048576,)
2024-06-24 21:44:23,856:INFO:Loaded ./dataset/data/test/RPi3Dump/rpi3_23_corrTop.bin with shape (1048576,)
2024-06-24 21:44:23,856:INFO:Loaded ./dataset/data/test/RPi3Dump/rpi3_32_corrBot.bin with shape (1048576,)
2024-06-24 21:44:23,857:INFO:Loaded ./dataset/data/test/RPi3Dump/rpi3_42_corrBot.bin with shape (1048576,)
2024-06-24 21:44:23,858:INFO:Loaded ./dataset/data/test/RPi3Dump/rpi3_11_corrTop.bin with shape (1048576,)
2024-06-24 21:44:23,859:INFO:Loaded ./dataset/data/test/RPi3Dump/rpi3_40_corrMid.bin with shape (1048576,)
2024-06-24 21:44:23,859:INFO:Loaded ./dataset/data/test/RPi3Dump/rpi3_30_corrMid.bin with shape (1048576,)
2024-06-24 21:44:23,860:INFO:Loaded ./dataset/data/test/RPi3Dump/rpi3_0_corrBot.bin with shape (1048576,)
2024-06-24 21:44:23,861:INFO:Loaded ./dataset/data/test/RPi3Dump/rpi3_8_corrTop.bin with shape (1048576,)
2024-06-24 21:44:23,862:INFO:Loaded ./dataset/data/test/RPi3Dump/rpi3_29_corrMid.bin with shape (1048576,)
2024-06-24 21:44:23,863:INFO:Loaded ./dataset/data/test/RPi3Dump/rpi3_37_corrBot.bin with shape (1048576,)
2024-06-24 21:44:23,864:INFO:Loaded ./dataset/data/test/RPi3Dump/rpi3_26_corrTop.bin with shape (1048576,)
2024-06-24 21:44:23,865:INFO:Loaded ./dataset/data/test/RPi3Dump/rpi3_19_corrBot.bin with shape (1048576,)
2024-06-24 21:44:23,872:INFO:Loaded ./dataset/data/test/RPi3Dump/rpi3_7_corrMid.bin with shape (1048576,)
2024-06-24 21:44:23,873:INFO:Loaded ./dataset/data/test/RPi3Dump/rpi3_5_corrBot.bin with shape (1048576,)
2024-06-24 21:44:23,874:INFO:Loaded ./dataset/data/test/RPi3Dump/rpi3_35_corrMid.bin with shape (1048576,)
2024-06-24 21:44:23,875:INFO:Loaded ./dataset/data/test/RPi3Dump/rpi3_14_corrTop.bin with shape (1048576,)
2024-06-24 21:44:23,876:INFO:Loaded ./dataset/data/test/RPi3Dump/rpi3_20_corrMid.bin with shape (1048576,)
2024-06-24 21:44:23,877:INFO:Loaded ./dataset/data/test/RPi3Dump/rpi3_1_corrTop.bin with shape (1048576,)
2024-06-24 21:44:23,878:INFO:Loaded ./dataset/data/test/RPi3Dump/rpi3_10_corrBot.bin with shape (1048576,)
2024-06-24 21:44:23,880:INFO:Loaded ./dataset/data/test/RPi3Dump/rpi3_33_corrTop.bin with shape (1048576,)
2024-06-24 21:44:23,880:INFO:Loaded ./dataset/data/test/RPi3Dump/rpi3_12_corrMid.bin with shape (1048576,)
2024-06-24 21:44:23,881:INFO:Loaded ./dataset/data/test/RPi3Dump/rpi3_22_corrBot.bin with shape (1048576,)
2024-06-24 21:44:23,882:INFO:Loaded ./dataset/data/test/RPi3Dump/rpi3_21_corrBot.bin with shape (1048576,)
2024-06-24 21:44:23,883:INFO:Loaded ./dataset/data/test/RPi3Dump/rpi3_30_corrTop.bin with shape (1048576,)
2024-06-24 21:44:23,883:INFO:Loaded ./dataset/data/test/RPi3Dump/rpi3_40_corrTop.bin with shape (1048576,)
2024-06-24 21:44:23,884:INFO:Loaded ./dataset/data/test/RPi3Dump/rpi3_11_corrMid.bin with shape (1048576,)
2024-06-24 21:44:23,885:INFO:Loaded ./dataset/data/test/RPi3Dump/rpi3_13_corrBot.bin with shape (1048576,)
2024-06-24 21:44:23,885:INFO:Loaded ./dataset/data/test/RPi3Dump/rpi3_23_corrMid.bin with shape (1048576,)
2024-06-24 21:44:23,886:INFO:Loaded ./dataset/data/test/RPi3Dump/rpi3_2_corrTop.bin with shape (1048576,)
2024-06-24 21:44:23,887:INFO:Loaded ./dataset/data/test/RPi3Dump/rpi3_36_corrMid.bin with shape (1048576,)
2024-06-24 21:44:23,888:INFO:Loaded ./dataset/data/test/RPi3Dump/rpi3_28_corrBot.bin with shape (1048576,)
2024-06-24 21:44:23,888:INFO:Loaded ./dataset/data/test/RPi3Dump/rpi3_17_corrTop.bin with shape (1048576,)
2024-06-24 21:44:23,889:INFO:Loaded ./dataset/data/test/RPi3Dump/rpi3_6_corrBot.bin with shape (1048576,)
2024-06-24 21:44:23,890:INFO:Loaded ./dataset/data/test/RPi3Dump/rpi3_18_corrMid.bin with shape (1048576,)
2024-06-24 21:44:23,890:INFO:Loaded ./dataset/data/test/RPi3Dump/rpi3_39_corrTop.bin with shape (1048576,)
2024-06-24 21:44:23,891:INFO:Loaded ./dataset/data/test/RPi3Dump/rpi3_25_corrTop.bin with shape (1048576,)
2024-06-24 21:44:23,893:INFO:Loaded ./dataset/data/test/RPi3Dump/rpi3_4_corrMid.bin with shape (1048576,)
2024-06-24 21:44:23,894:INFO:Loaded ./dataset/data/test/RPi3Dump/rpi3_34_corrBot.bin with shape (1048576,)
2024-06-24 21:44:23,895:INFO:Loaded ./dataset/data/test/RPi3Dump/rpi3_3_corrBot.bin with shape (1048576,)
2024-06-24 21:44:23,896:INFO:Loaded ./dataset/data/test/RPi3Dump/rpi3_12_corrTop.bin with shape (1048576,)
2024-06-24 21:44:23,897:INFO:Loaded ./dataset/data/test/RPi3Dump/rpi3_33_corrMid.bin with shape (1048576,)
2024-06-24 21:44:23,897:INFO:Loaded ./dataset/data/test/RPi3Dump/rpi3_31_corrBot.bin with shape (1048576,)
2024-06-24 21:44:23,898:INFO:Loaded ./dataset/data/test/RPi3Dump/rpi3_41_corrBot.bin with shape (1048576,)
2024-06-24 21:44:23,899:INFO:Loaded ./dataset/data/test/RPi3Dump/rpi3_1_corrMid.bin with shape (1048576,)
2024-06-24 21:44:23,899:INFO:Loaded ./dataset/data/test/RPi3Dump/rpi3_20_corrTop.bin with shape (1048576,)
2024-06-24 21:44:23,900:INFO:Loaded ./dataset/data/test/RPi3Dump/rpi3_14_corrMid.bin with shape (1048576,)
2024-06-24 21:44:23,917:INFO:Loaded ./dataset/data/test/RPi3Dump/rpi3_35_corrTop.bin with shape (1048576,)
2024-06-24 21:44:23,918:INFO:Loaded ./dataset/data/test/RPi3Dump/rpi3_24_corrBot.bin with shape (1048576,)
2024-06-24 21:44:23,926:INFO:Loaded ./dataset/data/test/RPi3Dump/rpi3_7_corrTop.bin with shape (1048576,)
2024-06-24 21:44:23,927:INFO:Loaded ./dataset/data/test/RPi3Dump/rpi3_38_corrBot.bin with shape (1048576,)
2024-06-24 21:44:23,928:INFO:Loaded ./dataset/data/test/RPi3Dump/rpi3_26_corrMid.bin with shape (1048576,)
2024-06-24 21:44:23,929:INFO:Loaded ./dataset/data/test/RPi3Dump/rpi3_29_corrTop.bin with shape (1048576,)
2024-06-24 21:44:23,930:INFO:Loaded ./dataset/data/test/RPi3Dump/rpi3_8_corrMid.bin with shape (1048576,)
2024-06-24 21:44:23,931:INFO:Loaded ./dataset/data/test/RPi3Dump/rpi3_16_corrBot.bin with shape (1048576,)
2024-06-24 21:44:31,696:INFO:Time taken to create and train the SVM model: 7.57 seconds
2024-06-24 21:44:31,882:INFO:Validation Accuracy: 100.00%
2024-06-24 21:44:31,882:INFO:Validation Precision: 100.00%
2024-06-24 21:44:31,882:INFO:Validation Recall: 100.00%
2024-06-24 21:44:31,883:INFO:Validation F1 Score: 100.00%
2024-06-24 21:44:42,816:INFO:Test Accuracy: 100.00%
2024-06-24 21:44:42,820:INFO:Test Precision: 100.00%
2024-06-24 21:44:42,820:INFO:Test Recall: 100.00%
2024-06-24 21:44:42,820:INFO:Test F1 Score: 100.00%
2024-06-24 21:44:42,820:INFO:Average Confidence: 93.33%
2024-06-24 21:44:42,820:INFO:Instance 0: Confidence = 91.93%
2024-06-24 21:44:42,820:INFO:Instance 1: Confidence = 92.00%
2024-06-24 21:44:42,820:INFO:Instance 2: Confidence = 91.95%
2024-06-24 21:44:42,820:INFO:Instance 3: Confidence = 92.09%
2024-06-24 21:44:42,820:INFO:Instance 4: Confidence = 92.03%
2024-06-24 21:44:42,820:INFO:Instance 5: Confidence = 91.91%
2024-06-24 21:44:42,820:INFO:Instance 6: Confidence = 92.09%
2024-06-24 21:44:42,820:INFO:Instance 7: Confidence = 92.01%
2024-06-24 21:44:42,820:INFO:Instance 8: Confidence = 92.00%
2024-06-24 21:44:42,820:INFO:Instance 9: Confidence = 92.13%
2024-06-24 21:44:42,820:INFO:Instance 10: Confidence = 92.11%
2024-06-24 21:44:42,820:INFO:Instance 11: Confidence = 91.92%
2024-06-24 21:44:42,820:INFO:Instance 12: Confidence = 92.10%
2024-06-24 21:44:42,820:INFO:Instance 13: Confidence = 91.92%
2024-06-24 21:44:42,820:INFO:Instance 14: Confidence = 92.01%
2024-06-24 21:44:42,820:INFO:Instance 15: Confidence = 92.11%
2024-06-24 21:44:42,820:INFO:Instance 16: Confidence = 92.10%
2024-06-24 21:44:42,820:INFO:Instance 17: Confidence = 91.93%
2024-06-24 21:44:42,820:INFO:Instance 18: Confidence = 92.11%
2024-06-24 21:44:42,820:INFO:Instance 19: Confidence = 92.02%
2024-06-24 21:44:42,820:INFO:Instance 20: Confidence = 92.01%
2024-06-24 21:44:42,820:INFO:Instance 21: Confidence = 92.09%
2024-06-24 21:44:42,820:INFO:Instance 22: Confidence = 91.91%
2024-06-24 21:44:42,820:INFO:Instance 23: Confidence = 91.92%
2024-06-24 21:44:42,820:INFO:Instance 24: Confidence = 91.97%
2024-06-24 21:44:42,820:INFO:Instance 25: Confidence = 92.10%
2024-06-24 21:44:42,820:INFO:Instance 26: Confidence = 92.02%
2024-06-24 21:44:42,820:INFO:Instance 27: Confidence = 92.00%
2024-06-24 21:44:42,820:INFO:Instance 28: Confidence = 91.93%
2024-06-24 21:44:42,820:INFO:Instance 29: Confidence = 92.02%
2024-06-24 21:44:42,821:INFO:Instance 30: Confidence = 91.92%
2024-06-24 21:44:42,821:INFO:Instance 31: Confidence = 92.04%
2024-06-24 21:44:42,821:INFO:Instance 32: Confidence = 92.09%
2024-06-24 21:44:42,821:INFO:Instance 33: Confidence = 91.94%
2024-06-24 21:44:42,821:INFO:Instance 34: Confidence = 92.09%
2024-06-24 21:44:42,821:INFO:Instance 35: Confidence = 92.00%
2024-06-24 21:44:42,821:INFO:Instance 36: Confidence = 92.02%
2024-06-24 21:44:42,821:INFO:Instance 37: Confidence = 91.92%
2024-06-24 21:44:42,821:INFO:Instance 38: Confidence = 92.10%
2024-06-24 21:44:42,821:INFO:Instance 39: Confidence = 91.94%
2024-06-24 21:44:42,821:INFO:Instance 40: Confidence = 91.96%
2024-06-24 21:44:42,821:INFO:Instance 41: Confidence = 92.00%
2024-06-24 21:44:42,821:INFO:Instance 42: Confidence = 92.01%
2024-06-24 21:44:42,821:INFO:Instance 43: Confidence = 91.91%
2024-06-24 21:44:42,821:INFO:Instance 44: Confidence = 92.08%
2024-06-24 21:44:42,822:INFO:Instance 45: Confidence = 91.92%
2024-06-24 21:44:42,822:INFO:Instance 46: Confidence = 92.02%
2024-06-24 21:44:42,822:INFO:Instance 47: Confidence = 92.12%
2024-06-24 21:44:42,822:INFO:Instance 48: Confidence = 92.11%
2024-06-24 21:44:42,822:INFO:Instance 49: Confidence = 91.91%
2024-06-24 21:44:42,822:INFO:Instance 50: Confidence = 92.10%
2024-06-24 21:44:42,822:INFO:Instance 51: Confidence = 92.11%
2024-06-24 21:44:42,822:INFO:Instance 52: Confidence = 92.02%
2024-06-24 21:44:42,822:INFO:Instance 53: Confidence = 91.93%
2024-06-24 21:44:42,822:INFO:Instance 54: Confidence = 92.14%
2024-06-24 21:44:42,822:INFO:Instance 55: Confidence = 92.01%
2024-06-24 21:44:42,822:INFO:Instance 56: Confidence = 92.02%
2024-06-24 21:44:42,822:INFO:Instance 57: Confidence = 92.04%
2024-06-24 21:44:42,822:INFO:Instance 58: Confidence = 92.10%
2024-06-24 21:44:42,822:INFO:Instance 59: Confidence = 92.08%
2024-06-24 21:44:42,823:INFO:Instance 60: Confidence = 91.91%
2024-06-24 21:44:42,826:INFO:Instance 61: Confidence = 92.00%
2024-06-24 21:44:42,826:INFO:Instance 62: Confidence = 91.93%
2024-06-24 21:44:42,826:INFO:Instance 63: Confidence = 92.10%
2024-06-24 21:44:42,826:INFO:Instance 64: Confidence = 91.92%
2024-06-24 21:44:42,826:INFO:Instance 65: Confidence = 92.03%
2024-06-24 21:44:42,826:INFO:Instance 66: Confidence = 92.09%
2024-06-24 21:44:42,826:INFO:Instance 67: Confidence = 92.05%
2024-06-24 21:44:42,826:INFO:Instance 68: Confidence = 91.91%
2024-06-24 21:44:42,826:INFO:Instance 69: Confidence = 92.03%
2024-06-24 21:44:42,827:INFO:Instance 70: Confidence = 92.09%
2024-06-24 21:44:42,827:INFO:Instance 71: Confidence = 91.91%
2024-06-24 21:44:42,827:INFO:Instance 72: Confidence = 91.93%
2024-06-24 21:44:42,827:INFO:Instance 73: Confidence = 92.01%
2024-06-24 21:44:42,827:INFO:Instance 74: Confidence = 91.92%
2024-06-24 21:44:42,827:INFO:Instance 75: Confidence = 92.08%
2024-06-24 21:44:42,827:INFO:Instance 76: Confidence = 91.93%
2024-06-24 21:44:42,827:INFO:Instance 77: Confidence = 92.10%
2024-06-24 21:44:42,827:INFO:Instance 78: Confidence = 92.01%
2024-06-24 21:44:42,827:INFO:Instance 79: Confidence = 92.02%
2024-06-24 21:44:42,827:INFO:Instance 80: Confidence = 92.11%
2024-06-24 21:44:42,827:INFO:Instance 81: Confidence = 92.09%
2024-06-24 21:44:42,827:INFO:Instance 82: Confidence = 91.93%
2024-06-24 21:44:42,827:INFO:Instance 83: Confidence = 92.11%
2024-06-24 21:44:42,827:INFO:Instance 84: Confidence = 92.02%
2024-06-24 21:44:42,827:INFO:Instance 85: Confidence = 91.92%
2024-06-24 21:44:42,827:INFO:Instance 86: Confidence = 92.13%
2024-06-24 21:44:42,827:INFO:Instance 87: Confidence = 92.00%
2024-06-24 21:44:42,828:INFO:Instance 88: Confidence = 92.11%
2024-06-24 21:44:42,828:INFO:Instance 89: Confidence = 91.91%
2024-06-24 21:44:42,828:INFO:Instance 90: Confidence = 92.09%
2024-06-24 21:44:42,828:INFO:Instance 91: Confidence = 92.02%
2024-06-24 21:44:42,828:INFO:Instance 92: Confidence = 92.10%
2024-06-24 21:44:42,828:INFO:Instance 93: Confidence = 92.01%
2024-06-24 21:44:42,828:INFO:Instance 94: Confidence = 91.93%
2024-06-24 21:44:42,828:INFO:Instance 95: Confidence = 91.95%
2024-06-24 21:44:42,828:INFO:Instance 96: Confidence = 92.00%
2024-06-24 21:44:42,828:INFO:Instance 97: Confidence = 91.94%
2024-06-24 21:44:42,828:INFO:Instance 98: Confidence = 92.00%
2024-06-24 21:44:42,828:INFO:Instance 99: Confidence = 91.92%
2024-06-24 21:44:42,828:INFO:Instance 100: Confidence = 92.10%
2024-06-24 21:44:42,828:INFO:Instance 101: Confidence = 92.03%
2024-06-24 21:44:42,828:INFO:Instance 102: Confidence = 91.91%
2024-06-24 21:44:42,828:INFO:Instance 103: Confidence = 92.10%
2024-06-24 21:44:42,828:INFO:Instance 104: Confidence = 92.04%
2024-06-24 21:44:42,828:INFO:Instance 105: Confidence = 92.01%
2024-06-24 21:44:42,828:INFO:Instance 106: Confidence = 92.10%
2024-06-24 21:44:42,828:INFO:Instance 107: Confidence = 92.01%
2024-06-24 21:44:42,828:INFO:Instance 108: Confidence = 92.08%
2024-06-24 21:44:42,829:INFO:Instance 109: Confidence = 91.92%
2024-06-24 21:44:42,829:INFO:Instance 110: Confidence = 92.08%
2024-06-24 21:44:42,829:INFO:Instance 111: Confidence = 91.91%
2024-06-24 21:44:42,829:INFO:Instance 112: Confidence = 92.00%
2024-06-24 21:44:42,829:INFO:Instance 113: Confidence = 92.12%
2024-06-24 21:44:42,829:INFO:Instance 114: Confidence = 92.02%
2024-06-24 21:44:42,829:INFO:Instance 115: Confidence = 92.10%
2024-06-24 21:44:42,829:INFO:Instance 116: Confidence = 92.02%
2024-06-24 21:44:42,829:INFO:Instance 117: Confidence = 91.93%
2024-06-24 21:44:42,829:INFO:Instance 118: Confidence = 91.91%
2024-06-24 21:44:42,829:INFO:Instance 119: Confidence = 92.08%
2024-06-24 21:44:42,829:INFO:Instance 120: Confidence = 91.93%
2024-06-24 21:44:42,829:INFO:Instance 121: Confidence = 92.02%
2024-06-24 21:44:42,829:INFO:Instance 122: Confidence = 91.95%
2024-06-24 21:44:42,829:INFO:Instance 123: Confidence = 92.06%
2024-06-24 21:44:42,829:INFO:Instance 124: Confidence = 92.09%
2024-06-24 21:44:42,829:INFO:Instance 125: Confidence = 91.93%
2024-06-24 21:44:42,830:INFO:Instance 126: Confidence = 92.10%
2024-06-24 21:44:42,830:INFO:Instance 127: Confidence = 91.91%
2024-06-24 21:44:42,830:INFO:Instance 128: Confidence = 92.02%
2024-06-24 21:44:42,830:INFO:Instance 129: Confidence = 93.83%
2024-06-24 21:44:42,830:INFO:Instance 130: Confidence = 93.90%
2024-06-24 21:44:42,830:INFO:Instance 131: Confidence = 93.87%
2024-06-24 21:44:42,830:INFO:Instance 132: Confidence = 93.84%
2024-06-24 21:44:42,830:INFO:Instance 133: Confidence = 93.86%
2024-06-24 21:44:42,830:INFO:Instance 134: Confidence = 93.89%
2024-06-24 21:44:42,830:INFO:Instance 135: Confidence = 93.86%
2024-06-24 21:44:42,830:INFO:Instance 136: Confidence = 93.86%
2024-06-24 21:44:42,830:INFO:Instance 137: Confidence = 93.89%
2024-06-24 21:44:42,830:INFO:Instance 138: Confidence = 93.85%
2024-06-24 21:44:42,830:INFO:Instance 139: Confidence = 93.89%
2024-06-24 21:44:42,830:INFO:Instance 140: Confidence = 93.83%
2024-06-24 21:44:42,830:INFO:Instance 141: Confidence = 93.90%
2024-06-24 21:44:42,830:INFO:Instance 142: Confidence = 93.85%
2024-06-24 21:44:42,830:INFO:Instance 143: Confidence = 93.88%
2024-06-24 21:44:42,830:INFO:Instance 144: Confidence = 93.86%
2024-06-24 21:44:42,830:INFO:Instance 145: Confidence = 93.92%
2024-06-24 21:44:42,830:INFO:Instance 146: Confidence = 93.86%
2024-06-24 21:44:42,830:INFO:Instance 147: Confidence = 93.82%
2024-06-24 21:44:42,830:INFO:Instance 148: Confidence = 93.89%
2024-06-24 21:44:42,830:INFO:Instance 149: Confidence = 93.83%
2024-06-24 21:44:42,830:INFO:Instance 150: Confidence = 93.86%
2024-06-24 21:44:42,830:INFO:Instance 151: Confidence = 93.89%
2024-06-24 21:44:42,830:INFO:Instance 152: Confidence = 93.86%
2024-06-24 21:44:42,830:INFO:Instance 153: Confidence = 93.88%
2024-06-24 21:44:42,830:INFO:Instance 154: Confidence = 93.83%
2024-06-24 21:44:42,830:INFO:Instance 155: Confidence = 93.89%
2024-06-24 21:44:42,830:INFO:Instance 156: Confidence = 93.83%
2024-06-24 21:44:42,830:INFO:Instance 157: Confidence = 93.87%
2024-06-24 21:44:42,830:INFO:Instance 158: Confidence = 93.87%
2024-06-24 21:44:42,830:INFO:Instance 159: Confidence = 93.83%
2024-06-24 21:44:42,830:INFO:Instance 160: Confidence = 93.83%
2024-06-24 21:44:42,830:INFO:Instance 161: Confidence = 93.89%
2024-06-24 21:44:42,830:INFO:Instance 162: Confidence = 93.85%
2024-06-24 21:44:42,830:INFO:Instance 163: Confidence = 93.87%
2024-06-24 21:44:42,830:INFO:Instance 164: Confidence = 93.84%
2024-06-24 21:44:42,830:INFO:Instance 165: Confidence = 93.83%
2024-06-24 21:44:42,830:INFO:Instance 166: Confidence = 93.87%
2024-06-24 21:44:42,830:INFO:Instance 167: Confidence = 93.86%
2024-06-24 21:44:42,830:INFO:Instance 168: Confidence = 93.88%
2024-06-24 21:44:42,830:INFO:Instance 169: Confidence = 93.86%
2024-06-24 21:44:42,830:INFO:Instance 170: Confidence = 93.84%
2024-06-24 21:44:42,830:INFO:Instance 171: Confidence = 93.89%
2024-06-24 21:44:42,830:INFO:Instance 172: Confidence = 93.86%
2024-06-24 21:44:42,830:INFO:Instance 173: Confidence = 93.88%
2024-06-24 21:44:42,830:INFO:Instance 174: Confidence = 93.90%
2024-06-24 21:44:42,830:INFO:Instance 175: Confidence = 93.93%
2024-06-24 21:44:42,830:INFO:Instance 176: Confidence = 93.83%
2024-06-24 21:44:42,830:INFO:Instance 177: Confidence = 93.81%
2024-06-24 21:44:42,830:INFO:Instance 178: Confidence = 93.90%
2024-06-24 21:44:42,830:INFO:Instance 179: Confidence = 93.85%
2024-06-24 21:44:42,831:INFO:Instance 180: Confidence = 93.86%
2024-06-24 21:44:42,831:INFO:Instance 181: Confidence = 93.84%
2024-06-24 21:44:42,831:INFO:Instance 182: Confidence = 93.91%
2024-06-24 21:44:42,831:INFO:Instance 183: Confidence = 93.81%
2024-06-24 21:44:42,831:INFO:Instance 184: Confidence = 93.89%
2024-06-24 21:44:42,831:INFO:Instance 185: Confidence = 93.85%
2024-06-24 21:44:42,831:INFO:Instance 186: Confidence = 93.86%
2024-06-24 21:44:42,831:INFO:Instance 187: Confidence = 93.89%
2024-06-24 21:44:42,831:INFO:Instance 188: Confidence = 93.84%
2024-06-24 21:44:42,831:INFO:Instance 189: Confidence = 93.81%
2024-06-24 21:44:42,832:INFO:Instance 190: Confidence = 93.86%
2024-06-24 21:44:42,832:INFO:Instance 191: Confidence = 93.90%
2024-06-24 21:44:42,832:INFO:Instance 192: Confidence = 93.90%
2024-06-24 21:44:42,832:INFO:Instance 193: Confidence = 93.83%
2024-06-24 21:44:42,832:INFO:Instance 194: Confidence = 93.87%
2024-06-24 21:44:42,832:INFO:Instance 195: Confidence = 93.84%
2024-06-24 21:44:42,832:INFO:Instance 196: Confidence = 93.89%
2024-06-24 21:44:42,832:INFO:Instance 197: Confidence = 93.83%
2024-06-24 21:44:42,832:INFO:Instance 198: Confidence = 93.86%
2024-06-24 21:44:42,832:INFO:Instance 199: Confidence = 93.82%
2024-06-24 21:44:42,832:INFO:Instance 200: Confidence = 93.87%
2024-06-24 21:44:42,832:INFO:Instance 201: Confidence = 93.89%
2024-06-24 21:44:42,832:INFO:Instance 202: Confidence = 93.85%
2024-06-24 21:44:42,832:INFO:Instance 203: Confidence = 93.83%
2024-06-24 21:44:42,832:INFO:Instance 204: Confidence = 93.87%
2024-06-24 21:44:42,832:INFO:Instance 205: Confidence = 93.91%
2024-06-24 21:44:42,832:INFO:Instance 206: Confidence = 93.84%
2024-06-24 21:44:42,832:INFO:Instance 207: Confidence = 93.90%
2024-06-24 21:44:42,833:INFO:Instance 208: Confidence = 93.86%
2024-06-24 21:44:42,833:INFO:Instance 209: Confidence = 93.85%
2024-06-24 21:44:42,833:INFO:Instance 210: Confidence = 93.89%
2024-06-24 21:44:42,833:INFO:Instance 211: Confidence = 93.89%
2024-06-24 21:44:42,833:INFO:Instance 212: Confidence = 93.84%
2024-06-24 21:44:42,833:INFO:Instance 213: Confidence = 93.89%
2024-06-24 21:44:42,833:INFO:Instance 214: Confidence = 93.81%
2024-06-24 21:44:42,833:INFO:Instance 215: Confidence = 93.84%
2024-06-24 21:44:42,833:INFO:Instance 216: Confidence = 93.89%
2024-06-24 21:44:42,833:INFO:Instance 217: Confidence = 93.85%
2024-06-24 21:44:42,833:INFO:Instance 218: Confidence = 93.83%
2024-06-24 21:44:42,837:INFO:Instance 219: Confidence = 93.88%
2024-06-24 21:44:42,837:INFO:Instance 220: Confidence = 93.87%
2024-06-24 21:44:42,837:INFO:Instance 221: Confidence = 93.86%
2024-06-24 21:44:42,837:INFO:Instance 222: Confidence = 93.88%
2024-06-24 21:44:42,837:INFO:Instance 223: Confidence = 93.83%
2024-06-24 21:44:42,837:INFO:Instance 224: Confidence = 93.86%
2024-06-24 21:44:42,837:INFO:Instance 225: Confidence = 93.86%
2024-06-24 21:44:42,837:INFO:Instance 226: Confidence = 93.83%
2024-06-24 21:44:42,837:INFO:Instance 227: Confidence = 93.83%
2024-06-24 21:44:42,837:INFO:Instance 228: Confidence = 93.89%
2024-06-24 21:44:42,837:INFO:Instance 229: Confidence = 93.90%
2024-06-24 21:44:42,837:INFO:Instance 230: Confidence = 93.89%
2024-06-24 21:44:42,837:INFO:Instance 231: Confidence = 93.87%
2024-06-24 21:44:42,837:INFO:Instance 232: Confidence = 93.87%
2024-06-24 21:44:42,837:INFO:Instance 233: Confidence = 93.84%
2024-06-24 21:44:42,837:INFO:Instance 234: Confidence = 93.81%
2024-06-24 21:44:42,837:INFO:Instance 235: Confidence = 93.90%
2024-06-24 21:44:42,837:INFO:Instance 236: Confidence = 93.83%
2024-06-24 21:44:42,837:INFO:Instance 237: Confidence = 93.89%
2024-06-24 21:44:42,837:INFO:Instance 238: Confidence = 93.82%
2024-06-24 21:44:42,837:INFO:Instance 239: Confidence = 93.86%
2024-06-24 21:44:42,837:INFO:Instance 240: Confidence = 93.89%
2024-06-24 21:44:42,837:INFO:Instance 241: Confidence = 93.90%
2024-06-24 21:44:42,837:INFO:Instance 242: Confidence = 93.83%
2024-06-24 21:44:42,837:INFO:Instance 243: Confidence = 93.91%
2024-06-24 21:44:42,837:INFO:Instance 244: Confidence = 93.89%
2024-06-24 21:44:42,837:INFO:Instance 245: Confidence = 93.84%
2024-06-24 21:44:42,837:INFO:Instance 246: Confidence = 93.85%
2024-06-24 21:44:42,837:INFO:Instance 247: Confidence = 93.87%
2024-06-24 21:44:42,837:INFO:Instance 248: Confidence = 93.86%
2024-06-24 21:44:42,838:INFO:Instance 249: Confidence = 93.87%
2024-06-24 21:44:42,838:INFO:Instance 250: Confidence = 93.84%
2024-06-24 21:44:42,838:INFO:Instance 251: Confidence = 93.87%
2024-06-24 21:44:42,838:INFO:Instance 252: Confidence = 93.86%
2024-06-24 21:44:42,838:INFO:Instance 253: Confidence = 93.83%
2024-06-24 21:44:42,838:INFO:Instance 254: Confidence = 93.85%
2024-06-24 21:44:42,838:INFO:Instance 255: Confidence = 93.86%
2024-06-24 21:44:42,838:INFO:Instance 256: Confidence = 93.88%
2024-06-24 21:44:42,838:INFO:Instance 257: Confidence = 93.89%
2024-06-24 21:44:42,838:INFO:Instance 258: Confidence = 94.12%
2024-06-24 21:44:42,838:INFO:Instance 259: Confidence = 94.07%
2024-06-24 21:44:42,838:INFO:Instance 260: Confidence = 94.07%
2024-06-24 21:44:42,838:INFO:Instance 261: Confidence = 94.16%
2024-06-24 21:44:42,838:INFO:Instance 262: Confidence = 94.10%
2024-06-24 21:44:42,838:INFO:Instance 263: Confidence = 94.13%
2024-06-24 21:44:42,838:INFO:Instance 264: Confidence = 94.17%
2024-06-24 21:44:42,838:INFO:Instance 265: Confidence = 94.16%
2024-06-24 21:44:42,838:INFO:Instance 266: Confidence = 94.08%
2024-06-24 21:44:42,838:INFO:Instance 267: Confidence = 94.13%
2024-06-24 21:44:42,838:INFO:Instance 268: Confidence = 94.16%
2024-06-24 21:44:42,838:INFO:Instance 269: Confidence = 94.13%
2024-06-24 21:44:42,838:INFO:Instance 270: Confidence = 94.08%
2024-06-24 21:44:42,838:INFO:Instance 271: Confidence = 94.14%
2024-06-24 21:44:42,838:INFO:Instance 272: Confidence = 94.16%
2024-06-24 21:44:42,838:INFO:Instance 273: Confidence = 94.07%
2024-06-24 21:44:42,838:INFO:Instance 274: Confidence = 94.13%
2024-06-24 21:44:42,838:INFO:Instance 275: Confidence = 94.07%
2024-06-24 21:44:42,838:INFO:Instance 276: Confidence = 94.13%
2024-06-24 21:44:42,838:INFO:Instance 277: Confidence = 94.18%
2024-06-24 21:44:42,838:INFO:Instance 278: Confidence = 94.07%
2024-06-24 21:44:42,838:INFO:Instance 279: Confidence = 94.14%
2024-06-24 21:44:42,839:INFO:Instance 280: Confidence = 94.16%
2024-06-24 21:44:42,839:INFO:Instance 281: Confidence = 94.08%
2024-06-24 21:44:42,839:INFO:Instance 282: Confidence = 94.13%
2024-06-24 21:44:42,839:INFO:Instance 283: Confidence = 94.16%
2024-06-24 21:44:42,839:INFO:Instance 284: Confidence = 94.07%
2024-06-24 21:44:42,839:INFO:Instance 285: Confidence = 94.17%
2024-06-24 21:44:42,839:INFO:Instance 286: Confidence = 94.14%
2024-06-24 21:44:42,839:INFO:Instance 287: Confidence = 94.16%
2024-06-24 21:44:42,839:INFO:Instance 288: Confidence = 94.13%
2024-06-24 21:44:42,839:INFO:Instance 289: Confidence = 94.08%
2024-06-24 21:44:42,839:INFO:Instance 290: Confidence = 94.13%
2024-06-24 21:44:42,839:INFO:Instance 291: Confidence = 94.16%
2024-06-24 21:44:42,839:INFO:Instance 292: Confidence = 94.09%
2024-06-24 21:44:42,839:INFO:Instance 293: Confidence = 94.16%
2024-06-24 21:44:42,839:INFO:Instance 294: Confidence = 94.14%
2024-06-24 21:44:42,839:INFO:Instance 295: Confidence = 94.08%
2024-06-24 21:44:42,839:INFO:Instance 296: Confidence = 94.07%
2024-06-24 21:44:42,839:INFO:Instance 297: Confidence = 94.13%
2024-06-24 21:44:42,840:INFO:Instance 298: Confidence = 94.16%
2024-06-24 21:44:42,840:INFO:Instance 299: Confidence = 94.16%
2024-06-24 21:44:42,840:INFO:Instance 300: Confidence = 94.16%
2024-06-24 21:44:42,840:INFO:Instance 301: Confidence = 94.07%
2024-06-24 21:44:42,840:INFO:Instance 302: Confidence = 94.16%
2024-06-24 21:44:42,840:INFO:Instance 303: Confidence = 94.17%
2024-06-24 21:44:42,840:INFO:Instance 304: Confidence = 94.13%
2024-06-24 21:44:42,840:INFO:Instance 305: Confidence = 94.13%
2024-06-24 21:44:42,840:INFO:Instance 306: Confidence = 94.07%
2024-06-24 21:44:42,840:INFO:Instance 307: Confidence = 94.14%
2024-06-24 21:44:42,840:INFO:Instance 308: Confidence = 94.07%
2024-06-24 21:44:42,840:INFO:Instance 309: Confidence = 94.16%
2024-06-24 21:44:42,840:INFO:Instance 310: Confidence = 94.08%
2024-06-24 21:44:42,840:INFO:Instance 311: Confidence = 94.16%
2024-06-24 21:44:42,840:INFO:Instance 312: Confidence = 94.13%
2024-06-24 21:44:42,840:INFO:Instance 313: Confidence = 94.07%
2024-06-24 21:44:42,840:INFO:Instance 314: Confidence = 94.14%
2024-06-24 21:44:42,840:INFO:Instance 315: Confidence = 94.17%
2024-06-24 21:44:42,841:INFO:Instance 316: Confidence = 94.16%
2024-06-24 21:44:42,841:INFO:Instance 317: Confidence = 94.08%
2024-06-24 21:44:42,841:INFO:Instance 318: Confidence = 94.13%
2024-06-24 21:44:42,841:INFO:Instance 319: Confidence = 94.16%
2024-06-24 21:44:42,841:INFO:Instance 320: Confidence = 94.08%
2024-06-24 21:44:42,841:INFO:Instance 321: Confidence = 94.13%
2024-06-24 21:44:42,841:INFO:Instance 322: Confidence = 94.08%
2024-06-24 21:44:42,841:INFO:Instance 323: Confidence = 94.16%
2024-06-24 21:44:42,841:INFO:Instance 324: Confidence = 94.08%
2024-06-24 21:44:42,841:INFO:Instance 325: Confidence = 94.13%
2024-06-24 21:44:42,841:INFO:Instance 326: Confidence = 94.16%
2024-06-24 21:44:42,841:INFO:Instance 327: Confidence = 94.13%
2024-06-24 21:44:42,841:INFO:Instance 328: Confidence = 94.08%
2024-06-24 21:44:42,841:INFO:Instance 329: Confidence = 94.13%
2024-06-24 21:44:42,842:INFO:Instance 330: Confidence = 94.16%
2024-06-24 21:44:42,842:INFO:Instance 331: Confidence = 94.07%
2024-06-24 21:44:42,842:INFO:Instance 332: Confidence = 94.14%
2024-06-24 21:44:42,842:INFO:Instance 333: Confidence = 94.07%
2024-06-24 21:44:42,842:INFO:Instance 334: Confidence = 94.16%
2024-06-24 21:44:42,842:INFO:Instance 335: Confidence = 94.16%
2024-06-24 21:44:42,842:INFO:Instance 336: Confidence = 94.08%
2024-06-24 21:44:42,842:INFO:Instance 337: Confidence = 94.13%
2024-06-24 21:44:42,842:INFO:Instance 338: Confidence = 94.13%
2024-06-24 21:44:42,842:INFO:Instance 339: Confidence = 94.18%
2024-06-24 21:44:42,842:INFO:Instance 340: Confidence = 94.08%
2024-06-24 21:44:42,842:INFO:Instance 341: Confidence = 94.13%
2024-06-24 21:44:42,842:INFO:Instance 342: Confidence = 94.16%
2024-06-24 21:44:42,842:INFO:Instance 343: Confidence = 94.07%
2024-06-24 21:44:42,842:INFO:Instance 344: Confidence = 94.17%
2024-06-24 21:44:42,842:INFO:Instance 345: Confidence = 94.14%
2024-06-24 21:44:42,842:INFO:Instance 346: Confidence = 94.16%
2024-06-24 21:44:42,843:INFO:Instance 347: Confidence = 94.13%
2024-06-24 21:44:42,843:INFO:Instance 348: Confidence = 94.08%
2024-06-24 21:44:42,843:INFO:Instance 349: Confidence = 94.14%
2024-06-24 21:44:42,843:INFO:Instance 350: Confidence = 94.10%
2024-06-24 21:44:42,843:INFO:Instance 351: Confidence = 94.16%
2024-06-24 21:44:42,843:INFO:Instance 352: Confidence = 94.07%
2024-06-24 21:44:42,843:INFO:Instance 353: Confidence = 94.13%
2024-06-24 21:44:42,843:INFO:Instance 354: Confidence = 94.16%
2024-06-24 21:44:42,843:INFO:Instance 355: Confidence = 94.16%
2024-06-24 21:44:42,843:INFO:Instance 356: Confidence = 94.07%
2024-06-24 21:44:42,843:INFO:Instance 357: Confidence = 94.08%
2024-06-24 21:44:42,843:INFO:Instance 358: Confidence = 94.14%
2024-06-24 21:44:42,846:INFO:Instance 359: Confidence = 94.15%
2024-06-24 21:44:42,846:INFO:Instance 360: Confidence = 94.13%
2024-06-24 21:44:42,846:INFO:Instance 361: Confidence = 94.08%
2024-06-24 21:44:42,846:INFO:Instance 362: Confidence = 94.13%
2024-06-24 21:44:42,846:INFO:Instance 363: Confidence = 94.16%
2024-06-24 21:44:42,846:INFO:Instance 364: Confidence = 94.08%
2024-06-24 21:44:42,846:INFO:Instance 365: Confidence = 94.17%
2024-06-24 21:44:42,846:INFO:Instance 366: Confidence = 94.14%
2024-06-24 21:44:42,846:INFO:Instance 367: Confidence = 94.07%
2024-06-24 21:44:42,846:INFO:Instance 368: Confidence = 94.07%
2024-06-24 21:44:42,846:INFO:Instance 369: Confidence = 94.14%
2024-06-24 21:44:42,846:INFO:Instance 370: Confidence = 94.16%
2024-06-24 21:44:42,846:INFO:Instance 371: Confidence = 94.16%
2024-06-24 21:44:42,846:INFO:Instance 372: Confidence = 94.07%
2024-06-24 21:44:42,846:INFO:Instance 373: Confidence = 94.13%
2024-06-24 21:44:42,846:INFO:Instance 374: Confidence = 94.16%
2024-06-24 21:44:42,846:INFO:Instance 375: Confidence = 94.17%
2024-06-24 21:44:42,846:INFO:Instance 376: Confidence = 94.15%
2024-06-24 21:44:42,846:INFO:Instance 377: Confidence = 94.08%
2024-06-24 21:44:42,846:INFO:Instance 378: Confidence = 94.13%
2024-06-24 21:44:42,846:INFO:Instance 379: Confidence = 94.07%
2024-06-24 21:44:42,846:INFO:Instance 380: Confidence = 94.16%
2024-06-24 21:44:42,846:INFO:Instance 381: Confidence = 94.09%
2024-06-24 21:44:42,846:INFO:Instance 382: Confidence = 94.16%
2024-06-24 21:44:42,846:INFO:Instance 383: Confidence = 94.13%
2024-06-24 21:44:42,846:INFO:Instance 384: Confidence = 94.07%
2024-06-24 21:44:42,846:INFO:Instance 385: Confidence = 94.14%
2024-06-24 21:44:42,846:INFO:Instance 386: Confidence = 94.17%
2024-06-24 21:44:43,473:INFO:Compressed model saved to svm_model_trained_with_intact_all.pkl
